2022-02-08 16:21:09   Arguments: Namespace(att='default', aug_prob=0.5, cache_refresh_rate=1000, colab_folder='Run_9_Netvlad_dist20', data_aug=None, dataset_name='pitts30k', datasets_folder='/content/', device='cuda', epochs_num=50, exp_name='default', infer_batch_size=16, lr=1e-05, margin=0.1, neg_samples_num=1000, negs_num_per_query=10, num_clusters=64, num_workers=8, optimizer='adam', output_folder='drive/MyDrive/Run_9_Netvlad_dist20', patience=3, queries_per_epoch=5000, recall_values=[1, 5, 10, 20], seed=0, train_batch_size=4, train_positives_dist_threshold=20, type='NETVLAD', val_positive_dist_threshold=25)
2022-02-08 16:21:09   The outputs are being saved in drive/MyDrive/Run_9_Netvlad_dist20
2022-02-08 16:21:09   Using 1 GPUs and 2 CPUs
2022-02-08 16:21:09   There are 24 queries without any positives within the training set. They won't be considered as they're useless for training.
2022-02-08 16:21:09   Train query set: < TripletsDataset, pitts30k - #database: 10000; #queries: 7392 >
2022-02-08 16:21:10   Val set: < BaseDataset, pitts30k - #database: 10000; #queries: 7608 >
2022-02-08 16:21:13   Output dimension of the model is 16384
2022-02-08 16:21:13   Start training epoch: 00
2022-02-08 16:54:14   Finished epoch 00 in 0:33:00, average epoch triplet loss = 0.0266
2022-02-08 16:58:08   Recalls on val set < BaseDataset, pitts30k - #database: 10000; #queries: 7608 >: R@1: 85.0, R@5: 94.6, R@10: 96.7, R@20: 98.1
2022-02-08 16:58:08   Improved: previous best R@5 = 0.0, current R@5 = 94.6
2022-02-08 16:58:08   Start training epoch: 01
2022-02-08 17:33:56   Finished epoch 01 in 0:35:47, average epoch triplet loss = 0.0195
2022-02-08 17:37:48   Recalls on val set < BaseDataset, pitts30k - #database: 10000; #queries: 7608 >: R@1: 86.8, R@5: 95.5, R@10: 97.3, R@20: 98.4
2022-02-08 17:37:48   Improved: previous best R@5 = 94.6, current R@5 = 95.5
2022-02-08 17:37:48   Start training epoch: 02
2022-02-08 18:12:48   Finished epoch 02 in 0:34:59, average epoch triplet loss = 0.0177
2022-02-08 18:16:39   Recalls on val set < BaseDataset, pitts30k - #database: 10000; #queries: 7608 >: R@1: 87.7, R@5: 95.7, R@10: 97.4, R@20: 98.6
2022-02-08 18:16:39   Improved: previous best R@5 = 95.5, current R@5 = 95.7
2022-02-08 18:16:40   Start training epoch: 03
2022-02-08 18:51:45   Finished epoch 03 in 0:35:04, average epoch triplet loss = 0.0163
2022-02-08 18:55:36   Recalls on val set < BaseDataset, pitts30k - #database: 10000; #queries: 7608 >: R@1: 87.7, R@5: 95.8, R@10: 97.5, R@20: 98.6
2022-02-08 18:55:36   Improved: previous best R@5 = 95.7, current R@5 = 95.8
2022-02-08 18:55:36   Start training epoch: 04
2022-02-08 19:30:51   Finished epoch 04 in 0:35:14, average epoch triplet loss = 0.0150
2022-02-08 19:34:42   Recalls on val set < BaseDataset, pitts30k - #database: 10000; #queries: 7608 >: R@1: 87.9, R@5: 96.0, R@10: 97.7, R@20: 98.7
2022-02-08 19:34:42   Improved: previous best R@5 = 95.8, current R@5 = 96.0
2022-02-08 19:34:43   Start training epoch: 05
2022-02-08 20:09:46   Finished epoch 05 in 0:35:03, average epoch triplet loss = 0.0137
2022-02-08 20:13:38   Recalls on val set < BaseDataset, pitts30k - #database: 10000; #queries: 7608 >: R@1: 88.2, R@5: 96.2, R@10: 97.7, R@20: 98.7
2022-02-08 20:13:38   Improved: previous best R@5 = 96.0, current R@5 = 96.2
2022-02-08 20:13:38   Start training epoch: 06
2022-02-08 20:48:30   Finished epoch 06 in 0:34:52, average epoch triplet loss = 0.0134
2022-02-08 20:52:22   Recalls on val set < BaseDataset, pitts30k - #database: 10000; #queries: 7608 >: R@1: 87.9, R@5: 95.8, R@10: 97.5, R@20: 98.5
2022-02-08 20:52:22   Not improved: 1 / 3: best R@5 = 96.2, current R@5 = 95.8
2022-02-08 20:52:22   Start training epoch: 07
2022-02-09 15:28:58   Arguments: Namespace(att='default', aug_prob=0.5, cache_refresh_rate=1000, colab_folder='Run_9_Netvlad_dist20', data_aug=None, dataset_name='pitts30k', datasets_folder='/content/', device='cuda', epochs_num=50, exp_name='default', infer_batch_size=16, lr=1e-05, margin=0.1, neg_samples_num=1000, negs_num_per_query=10, num_clusters=64, num_workers=8, optimizer='adam', output_folder='drive/MyDrive/Run_9_Netvlad_dist20', patience=3, queries_per_epoch=5000, recall_values=[1, 5, 10, 20], seed=0, train_batch_size=4, train_positives_dist_threshold=20, type='NETVLAD', val_positive_dist_threshold=25)
2022-02-09 15:28:59   The outputs are being saved in drive/MyDrive/Run_9_Netvlad_dist20
2022-02-09 15:28:59   Using 1 GPUs and 2 CPUs
2022-02-09 15:28:59   There are 24 queries without any positives within the training set. They won't be considered as they're useless for training.
2022-02-09 15:28:59   Train query set: < TripletsDataset, pitts30k - #database: 10000; #queries: 7392 >
2022-02-09 15:29:00   Val set: < BaseDataset, pitts30k - #database: 10000; #queries: 7608 >
2022-02-09 15:29:03   Output dimension of the model is 16384
2022-02-09 15:29:06   Start training epoch: 07
2022-02-09 16:01:40   Finished epoch 07 in 0:32:33, average epoch triplet loss = 0.0058
2022-02-09 16:05:38   Recalls on val set < BaseDataset, pitts30k - #database: 10000; #queries: 7608 >: R@1: 88.0, R@5: 95.8, R@10: 97.7, R@20: 98.6
2022-02-09 16:05:38   Not improved: 2 / 3: best R@5 = 96.2, current R@5 = 95.8
2022-02-09 16:05:38   Start training epoch: 08
2022-02-09 16:42:10   Finished epoch 08 in 0:36:31, average epoch triplet loss = 0.0057
2022-02-09 16:46:16   Recalls on val set < BaseDataset, pitts30k - #database: 10000; #queries: 7608 >: R@1: 87.9, R@5: 95.7, R@10: 97.7, R@20: 98.6
2022-02-09 16:46:16   Not improved: 3 / 3: best R@5 = 96.2, current R@5 = 95.7
2022-02-09 16:46:16   Performance did not improve for 3 epochs. Stop training.
2022-02-09 16:46:16   Best R@5: 96.2
2022-02-09 16:46:16   Trained for 09 epochs, in total in 1:17:18
2022-02-09 16:46:18   Test set: < BaseDataset, pitts30k - #database: 10000; #queries: 6816 >
2022-02-09 16:53:49   Recalls on < BaseDataset, pitts30k - #database: 10000; #queries: 6816 >: R@1: 86.2, R@5: 92.8, R@10: 94.7, R@20: 96.3
2022-02-09 16:53:49   Test set: < BaseDataset, st_lucia - #database: 1549; #queries: 1464 >
2022-02-09 16:54:33   Recalls on < BaseDataset, st_lucia - #database: 1549; #queries: 1464 >: R@1: 56.9, R@5: 72.3, R@10: 78.8, R@20: 84.9
