2022-02-08 16:20:50   Arguments: Namespace(att='default', aug_prob=0.5, cache_refresh_rate=1000, colab_folder='sos_loss', data_aug=None, dataset_name='pitts30k', datasets_folder='/content/', device='cuda', epochs_num=50, exp_name='default', infer_batch_size=16, loss_function='sos', lr=1e-05, margin=0.1, neg_samples_num=1000, negs_num_per_query=10, num_clusters=64, num_workers=8, optimizer='adam', output_folder='drive/MyDrive/sos_loss', patience=3, queries_per_epoch=5000, recall_values=[1, 5, 10, 20], seed=0, train_batch_size=4, train_positives_dist_threshold=10, type='NETVLAD', val_positive_dist_threshold=25)
2022-02-08 16:20:50   The outputs are being saved in drive/MyDrive/sos_loss
2022-02-08 16:20:50   Using 1 GPUs and 2 CPUs
2022-02-08 16:20:51   There are 96 queries without any positives within the training set. They won't be considered as they're useless for training.
2022-02-08 16:20:51   Train query set: < TripletsDataset, pitts30k - #database: 10000; #queries: 7320 >
2022-02-08 16:20:51   Val set: < BaseDataset, pitts30k - #database: 10000; #queries: 7608 >
2022-02-08 16:20:54   Output dimension of the model is 16384
2022-02-08 16:20:54   Start training epoch: 00
2022-02-08 16:54:29   Finished epoch 00 in 0:33:34, average epoch triplet loss = 0.2593
2022-02-08 16:58:38   Recalls on val set < BaseDataset, pitts30k - #database: 10000; #queries: 7608 >: R@1: 82.2, R@5: 93.3, R@10: 96.1, R@20: 97.7
2022-02-08 16:58:38   Improved: previous best R@5 = 0.0, current R@5 = 93.3
2022-02-08 16:58:38   Start training epoch: 01
2022-02-08 17:35:27   Finished epoch 01 in 0:36:48, average epoch triplet loss = 0.2028
2022-02-08 17:39:26   Recalls on val set < BaseDataset, pitts30k - #database: 10000; #queries: 7608 >: R@1: 80.5, R@5: 92.0, R@10: 94.8, R@20: 96.9
2022-02-08 17:39:26   Not improved: 1 / 3: best R@5 = 93.3, current R@5 = 92.0
2022-02-08 17:39:27   Start training epoch: 02
2022-02-08 18:16:45   Finished epoch 02 in 0:37:17, average epoch triplet loss = 0.1690
2022-02-08 18:20:48   Recalls on val set < BaseDataset, pitts30k - #database: 10000; #queries: 7608 >: R@1: 78.3, R@5: 90.5, R@10: 93.6, R@20: 96.1
2022-02-08 18:20:48   Not improved: 2 / 3: best R@5 = 93.3, current R@5 = 90.5
2022-02-08 18:20:48   Start training epoch: 03
2022-02-08 18:56:49   Finished epoch 03 in 0:36:00, average epoch triplet loss = 0.1486
2022-02-08 19:00:52   Recalls on val set < BaseDataset, pitts30k - #database: 10000; #queries: 7608 >: R@1: 78.1, R@5: 90.5, R@10: 94.0, R@20: 96.1
2022-02-08 19:00:52   Not improved: 3 / 3: best R@5 = 93.3, current R@5 = 90.5
2022-02-08 19:00:52   Performance did not improve for 3 epochs. Stop training.
2022-02-08 19:00:52   Best R@5: 93.3
2022-02-08 19:00:52   Trained for 04 epochs, in total in 2:40:01
2022-02-08 19:00:53   Test set: < BaseDataset, pitts30k - #database: 10000; #queries: 6816 >
2022-02-08 19:08:38   Recalls on < BaseDataset, pitts30k - #database: 10000; #queries: 6816 >: R@1: 82.1, R@5: 91.8, R@10: 94.2, R@20: 95.8
2022-02-08 19:08:38   Test set: < BaseDataset, st_lucia - #database: 1549; #queries: 1464 >
2022-02-08 19:09:41   Recalls on < BaseDataset, st_lucia - #database: 1549; #queries: 1464 >: R@1: 55.9, R@5: 71.0, R@10: 77.2, R@20: 83.8
