2022-02-07 09:56:37   Arguments: Namespace(aug_prob=0.5, cache_refresh_rate=1000, colab_folder='Netvlad_resizing_300200', data_aug=None, dataset_name='pitts30k', datasets_folder='/content/', device='cuda', epochs_num=50, exp_name='default', img_height=200, img_width=300, infer_batch_size=16, lr=1e-05, margin=0.1, model_folder=None, neg_samples_num=1000, negs_num_per_query=10, num_clusters=64, num_workers=8, optimizer='adam', output_folder='drive/MyDrive/Netvlad_resizing_300200', patience=3, queries_per_epoch=5000, recall_values=[1, 5, 10, 20], seed=0, test_datasets='pitts30k', test_only=False, train_batch_size=4, train_positives_dist_threshold=10, type='NETVLAD', val_positive_dist_threshold=25)
2022-02-07 09:56:37   The outputs are being saved in drive/MyDrive/Netvlad_resizing_300200
2022-02-07 09:56:37   Using 1 GPUs and 2 CPUs
2022-02-07 09:56:37   Loading dataset Pitts30k from folder /content/
2022-02-07 09:56:37   Images resized to 300x200
2022-02-07 09:56:37   There are 96 queries without any positives within the training set. They won't be considered as they're useless for training.
2022-02-07 09:56:37   Train query set: < TripletsDataset, pitts30k - #database: 10000; #queries: 7320 >
2022-02-07 09:56:37   Val set: < BaseDataset, pitts30k - #database: 10000; #queries: 7608 >
2022-02-07 09:56:38   Train only conv4 of the ResNet-18 (remove conv5), freeze the previous ones
2022-02-07 09:56:38   Using NetVlad network
2022-02-07 09:56:40   using Adam optimizer
2022-02-07 09:56:40   Output dimension of the model is 16384
2022-02-07 09:56:40   Patience: 3
2022-02-07 09:56:40   not improved num: 0
2022-02-07 09:56:40   Start training epoch: 00
2022-02-07 09:56:40   Cache: 0 / 5
2022-02-07 10:01:47   Epoch[00](0/5): current batch triplet loss = 0.0358, average epoch triplet loss = 0.0349
2022-02-07 10:01:47   Cache: 1 / 5
2022-02-07 10:06:53   Epoch[00](1/5): current batch triplet loss = 0.0356, average epoch triplet loss = 0.0335
2022-02-07 10:06:53   Cache: 2 / 5
2022-02-07 10:12:00   Epoch[00](2/5): current batch triplet loss = 0.0431, average epoch triplet loss = 0.0320
2022-02-07 10:12:00   Cache: 3 / 5
2022-02-07 10:17:07   Epoch[00](3/5): current batch triplet loss = 0.0424, average epoch triplet loss = 0.0314
2022-02-07 10:17:07   Cache: 4 / 5
2022-02-07 10:22:17   Epoch[00](4/5): current batch triplet loss = 0.0551, average epoch triplet loss = 0.0310
2022-02-07 10:22:17   Finished epoch 00 in 0:25:37, average epoch triplet loss = 0.0310
2022-02-07 10:22:17   Extracting database features for evaluation/testing
2022-02-07 10:24:05   Extracting queries features for evaluation/testing
2022-02-07 10:25:26   Calculating recalls
2022-02-07 10:26:08   Recalls on val set < BaseDataset, pitts30k - #database: 10000; #queries: 7608 >: R@1: 84.2, R@5: 94.1, R@10: 96.6, R@20: 98.0
2022-02-07 10:26:08   Improved: previous best R@5 = 0.0, current R@5 = 94.1
2022-02-07 10:26:08   Start training epoch: 01
2022-02-07 10:26:08   Cache: 0 / 5
2022-02-07 10:32:04   Epoch[01](0/5): current batch triplet loss = 0.0621, average epoch triplet loss = 0.0281
2022-02-07 10:32:04   Cache: 1 / 5
2022-02-07 10:38:06   Epoch[01](1/5): current batch triplet loss = 0.0235, average epoch triplet loss = 0.0273
2022-02-07 10:38:06   Cache: 2 / 5
2022-02-07 10:44:00   Epoch[01](2/5): current batch triplet loss = 0.0256, average epoch triplet loss = 0.0268
2022-02-07 10:44:00   Cache: 3 / 5
2022-02-07 10:49:47   Epoch[01](3/5): current batch triplet loss = 0.0337, average epoch triplet loss = 0.0268
2022-02-07 10:49:47   Cache: 4 / 5
2022-02-07 10:55:35   Epoch[01](4/5): current batch triplet loss = 0.0483, average epoch triplet loss = 0.0267
2022-02-07 10:55:35   Finished epoch 01 in 0:29:26, average epoch triplet loss = 0.0267
2022-02-07 10:55:35   Extracting database features for evaluation/testing
2022-02-07 10:57:26   Extracting queries features for evaluation/testing
2022-02-07 10:58:51   Calculating recalls
2022-02-07 10:59:33   Recalls on val set < BaseDataset, pitts30k - #database: 10000; #queries: 7608 >: R@1: 85.6, R@5: 95.0, R@10: 97.1, R@20: 98.3
2022-02-07 10:59:33   Improved: previous best R@5 = 94.1, current R@5 = 95.0
2022-02-07 10:59:33   Start training epoch: 02
2022-02-07 10:59:33   Cache: 0 / 5
2022-02-07 11:05:52   Epoch[02](0/5): current batch triplet loss = 0.0346, average epoch triplet loss = 0.0244
2022-02-07 11:05:52   Cache: 1 / 5
2022-02-07 11:12:11   Epoch[02](1/5): current batch triplet loss = 0.0117, average epoch triplet loss = 0.0249
2022-02-07 11:12:11   Cache: 2 / 5
2022-02-07 11:18:32   Epoch[02](2/5): current batch triplet loss = 0.0088, average epoch triplet loss = 0.0246
2022-02-07 11:18:32   Cache: 3 / 5
2022-02-07 11:24:19   Epoch[02](3/5): current batch triplet loss = 0.0202, average epoch triplet loss = 0.0242
2022-02-07 11:24:19   Cache: 4 / 5
2022-02-07 11:29:54   Epoch[02](4/5): current batch triplet loss = 0.0237, average epoch triplet loss = 0.0240
2022-02-07 11:29:54   Finished epoch 02 in 0:30:20, average epoch triplet loss = 0.0240
2022-02-07 11:29:54   Extracting database features for evaluation/testing
2022-02-07 11:31:36   Extracting queries features for evaluation/testing
2022-02-07 11:32:54   Calculating recalls
2022-02-07 11:33:33   Recalls on val set < BaseDataset, pitts30k - #database: 10000; #queries: 7608 >: R@1: 85.7, R@5: 95.0, R@10: 97.1, R@20: 98.3
2022-02-07 11:33:33   Improved: previous best R@5 = 95.0, current R@5 = 95.0
2022-02-07 11:33:34   Start training epoch: 03
2022-02-07 11:33:34   Cache: 0 / 5
2022-02-07 11:39:16   Epoch[03](0/5): current batch triplet loss = 0.0065, average epoch triplet loss = 0.0207
2022-02-07 11:39:16   Cache: 1 / 5
2022-02-07 11:45:07   Epoch[03](1/5): current batch triplet loss = 0.0309, average epoch triplet loss = 0.0219
2022-02-07 11:45:07   Cache: 2 / 5
2022-02-07 11:50:46   Epoch[03](2/5): current batch triplet loss = 0.0180, average epoch triplet loss = 0.0225
2022-02-07 11:50:46   Cache: 3 / 5
2022-02-07 11:56:27   Epoch[03](3/5): current batch triplet loss = 0.0640, average epoch triplet loss = 0.0224
2022-02-07 11:56:27   Cache: 4 / 5
2022-02-07 12:02:06   Epoch[03](4/5): current batch triplet loss = 0.0251, average epoch triplet loss = 0.0225
2022-02-07 12:02:06   Finished epoch 03 in 0:28:32, average epoch triplet loss = 0.0225
2022-02-07 12:02:06   Extracting database features for evaluation/testing
2022-02-07 12:03:53   Extracting queries features for evaluation/testing
2022-02-07 12:05:16   Calculating recalls
2022-02-07 12:05:58   Recalls on val set < BaseDataset, pitts30k - #database: 10000; #queries: 7608 >: R@1: 86.1, R@5: 94.9, R@10: 97.2, R@20: 98.2
2022-02-07 12:05:58   Not improved: 1 / 3: best R@5 = 95.0, current R@5 = 94.9
2022-02-07 12:05:58   Start training epoch: 04
2022-02-07 12:05:58   Cache: 0 / 5
2022-02-07 12:12:09   Epoch[04](0/5): current batch triplet loss = 0.0015, average epoch triplet loss = 0.0210
2022-02-07 12:12:09   Cache: 1 / 5
2022-02-07 12:18:23   Epoch[04](1/5): current batch triplet loss = 0.0131, average epoch triplet loss = 0.0208
2022-02-07 12:18:23   Cache: 2 / 5
2022-02-07 12:24:16   Epoch[04](2/5): current batch triplet loss = 0.0429, average epoch triplet loss = 0.0208
2022-02-07 12:24:16   Cache: 3 / 5
2022-02-07 12:30:22   Epoch[04](3/5): current batch triplet loss = 0.0392, average epoch triplet loss = 0.0212
2022-02-07 12:30:22   Cache: 4 / 5
2022-02-07 12:36:27   Epoch[04](4/5): current batch triplet loss = 0.0214, average epoch triplet loss = 0.0213
2022-02-07 12:36:27   Finished epoch 04 in 0:30:28, average epoch triplet loss = 0.0213
2022-02-07 12:36:27   Extracting database features for evaluation/testing
2022-02-07 12:38:19   Extracting queries features for evaluation/testing
2022-02-07 12:39:45   Calculating recalls
2022-02-07 12:40:28   Recalls on val set < BaseDataset, pitts30k - #database: 10000; #queries: 7608 >: R@1: 86.7, R@5: 95.0, R@10: 97.2, R@20: 98.4
2022-02-07 12:40:28   Not improved: 2 / 3: best R@5 = 95.0, current R@5 = 95.0
2022-02-07 12:40:29   Start training epoch: 05
2022-02-07 12:40:29   Cache: 0 / 5
2022-02-07 12:46:50   Epoch[05](0/5): current batch triplet loss = 0.0043, average epoch triplet loss = 0.0207
2022-02-07 12:46:50   Cache: 1 / 5
2022-02-07 12:52:47   Epoch[05](1/5): current batch triplet loss = 0.0345, average epoch triplet loss = 0.0199
2022-02-07 12:52:47   Cache: 2 / 5
2022-02-07 12:58:51   Epoch[05](2/5): current batch triplet loss = 0.0038, average epoch triplet loss = 0.0198
2022-02-07 12:58:51   Cache: 3 / 5
2022-02-07 13:05:05   Epoch[05](3/5): current batch triplet loss = 0.0086, average epoch triplet loss = 0.0195
2022-02-07 13:05:05   Cache: 4 / 5
2022-02-07 13:11:33   Epoch[05](4/5): current batch triplet loss = 0.0166, average epoch triplet loss = 0.0193
2022-02-07 13:11:33   Finished epoch 05 in 0:31:04, average epoch triplet loss = 0.0193
2022-02-07 13:11:33   Extracting database features for evaluation/testing
2022-02-07 13:13:31   Extracting queries features for evaluation/testing
2022-02-07 13:15:00   Calculating recalls
2022-02-07 13:15:42   Recalls on val set < BaseDataset, pitts30k - #database: 10000; #queries: 7608 >: R@1: 86.8, R@5: 95.2, R@10: 97.2, R@20: 98.3
2022-02-07 13:15:42   Improved: previous best R@5 = 95.0, current R@5 = 95.2
2022-02-07 13:15:43   Start training epoch: 06
2022-02-07 13:15:43   Cache: 0 / 5
2022-02-07 13:21:33   Epoch[06](0/5): current batch triplet loss = 0.0287, average epoch triplet loss = 0.0200
2022-02-07 13:21:33   Cache: 1 / 5
2022-02-07 13:27:21   Epoch[06](1/5): current batch triplet loss = 0.0007, average epoch triplet loss = 0.0192
2022-02-07 13:27:21   Cache: 2 / 5
2022-02-07 13:33:34   Epoch[06](2/5): current batch triplet loss = 0.0044, average epoch triplet loss = 0.0189
2022-02-07 13:33:34   Cache: 3 / 5
2022-02-07 13:49:14   Arguments: Namespace(aug_prob=0.5, cache_refresh_rate=1000, colab_folder='Netvlad_resizing_300200', data_aug=None, dataset_name='pitts30k', datasets_folder='/content/', device='cuda', epochs_num=50, exp_name='default', img_height=200, img_width=300, infer_batch_size=16, lr=1e-05, margin=0.1, model_folder=None, neg_samples_num=1000, negs_num_per_query=10, num_clusters=64, num_workers=8, optimizer='adam', output_folder='drive/MyDrive/Netvlad_resizing_300200', patience=3, queries_per_epoch=5000, recall_values=[1, 5, 10, 20], seed=0, test_datasets='pitts30k', test_only=False, train_batch_size=4, train_positives_dist_threshold=10, type='NETVLAD', val_positive_dist_threshold=25)
2022-02-07 13:49:15   The outputs are being saved in drive/MyDrive/Netvlad_resizing_300200
2022-02-07 13:49:15   Using 1 GPUs and 2 CPUs
2022-02-07 13:49:15   Loading dataset Pitts30k from folder /content/
2022-02-07 13:49:15   Images resized to 300x200
2022-02-07 13:49:15   There are 96 queries without any positives within the training set. They won't be considered as they're useless for training.
2022-02-07 13:49:15   Train query set: < TripletsDataset, pitts30k - #database: 10000; #queries: 7320 >
2022-02-07 13:49:15   Val set: < BaseDataset, pitts30k - #database: 10000; #queries: 7608 >
2022-02-07 13:49:16   Train only conv4 of the ResNet-18 (remove conv5), freeze the previous ones
2022-02-07 13:49:16   Using NetVlad network
2022-02-07 13:49:18   using Adam optimizer
2022-02-07 13:49:18   Output dimension of the model is 16384
2022-02-07 13:49:19   Patience: 3
2022-02-07 13:49:19   not improved num: 0
2022-02-07 13:49:19   Start training epoch: 06
2022-02-07 13:49:19   Cache: 0 / 5
2022-02-07 13:55:01   Epoch[06](0/5): current batch triplet loss = 0.0025, average epoch triplet loss = 0.0100
2022-02-07 13:55:01   Cache: 1 / 5
2022-02-07 14:01:06   Epoch[06](1/5): current batch triplet loss = 0.0078, average epoch triplet loss = 0.0098
2022-02-07 14:01:06   Cache: 2 / 5
2022-02-07 14:07:10   Epoch[06](2/5): current batch triplet loss = 0.0173, average epoch triplet loss = 0.0097
2022-02-07 14:07:10   Cache: 3 / 5
2022-02-07 14:13:06   Epoch[06](3/5): current batch triplet loss = 0.0244, average epoch triplet loss = 0.0098
2022-02-07 14:13:06   Cache: 4 / 5
2022-02-07 14:19:18   Epoch[06](4/5): current batch triplet loss = 0.0111, average epoch triplet loss = 0.0099
2022-02-07 14:19:18   Finished epoch 06 in 0:29:58, average epoch triplet loss = 0.0099
2022-02-07 14:19:18   Extracting database features for evaluation/testing
2022-02-07 14:21:15   Extracting queries features for evaluation/testing
2022-02-07 14:22:43   Calculating recalls
2022-02-07 14:23:25   Recalls on val set < BaseDataset, pitts30k - #database: 10000; #queries: 7608 >: R@1: 86.3, R@5: 94.7, R@10: 96.8, R@20: 98.1
2022-02-07 14:23:25   Not improved: 1 / 3: best R@5 = 95.2, current R@5 = 94.7
2022-02-07 14:23:26   Start training epoch: 07
2022-02-07 14:23:26   Cache: 0 / 5
2022-02-07 14:31:58   Epoch[07](0/5): current batch triplet loss = 0.0377, average epoch triplet loss = 0.0108
2022-02-07 14:31:58   Cache: 1 / 5
2022-02-07 14:40:15   Epoch[07](1/5): current batch triplet loss = 0.0028, average epoch triplet loss = 0.0104
2022-02-07 14:40:15   Cache: 2 / 5
2022-02-07 14:48:29   Epoch[07](2/5): current batch triplet loss = 0.0044, average epoch triplet loss = 0.0101
2022-02-07 14:48:29   Cache: 3 / 5
2022-02-07 14:57:03   Epoch[07](3/5): current batch triplet loss = 0.0145, average epoch triplet loss = 0.0104
2022-02-07 14:57:03   Cache: 4 / 5
2022-02-07 15:05:31   Epoch[07](4/5): current batch triplet loss = 0.0085, average epoch triplet loss = 0.0105
2022-02-07 15:05:31   Finished epoch 07 in 0:42:05, average epoch triplet loss = 0.0105
2022-02-07 15:05:31   Extracting database features for evaluation/testing
2022-02-07 15:08:36   Extracting queries features for evaluation/testing
2022-02-07 15:11:15   Calculating recalls
2022-02-07 15:11:57   Recalls on val set < BaseDataset, pitts30k - #database: 10000; #queries: 7608 >: R@1: 86.6, R@5: 95.0, R@10: 97.1, R@20: 98.3
2022-02-07 15:11:57   Not improved: 2 / 3: best R@5 = 95.2, current R@5 = 95.0
2022-02-07 15:11:58   Start training epoch: 08
2022-02-07 15:11:58   Cache: 0 / 5
2022-02-07 15:20:34   Epoch[08](0/5): current batch triplet loss = 0.0046, average epoch triplet loss = 0.0101
2022-02-07 15:20:34   Cache: 1 / 5
2022-02-07 15:29:22   Epoch[08](1/5): current batch triplet loss = 0.0063, average epoch triplet loss = 0.0104
2022-02-07 15:29:22   Cache: 2 / 5
2022-02-07 15:38:10   Epoch[08](2/5): current batch triplet loss = 0.0017, average epoch triplet loss = 0.0105
2022-02-07 15:38:10   Cache: 3 / 5
2022-02-07 15:47:30   Epoch[08](3/5): current batch triplet loss = 0.0055, average epoch triplet loss = 0.0104
2022-02-07 15:47:30   Cache: 4 / 5
2022-02-07 15:56:31   Epoch[08](4/5): current batch triplet loss = 0.0050, average epoch triplet loss = 0.0103
2022-02-07 15:56:31   Finished epoch 08 in 0:44:33, average epoch triplet loss = 0.0103
2022-02-07 15:56:31   Extracting database features for evaluation/testing
2022-02-07 16:00:06   Extracting queries features for evaluation/testing
2022-02-07 16:02:46   Calculating recalls
2022-02-07 16:03:28   Recalls on val set < BaseDataset, pitts30k - #database: 10000; #queries: 7608 >: R@1: 86.5, R@5: 94.9, R@10: 96.9, R@20: 98.2
2022-02-07 16:03:28   Not improved: 3 / 3: best R@5 = 95.2, current R@5 = 94.9
2022-02-07 16:03:28   Performance did not improve for 3 epochs. Stop training.
2022-02-07 16:03:28   Best R@5: 95.2
2022-02-07 16:03:28   Trained for 09 epochs, in total in 2:14:13
2022-02-07 16:03:30   Test set: < BaseDataset, pitts30k - #database: 10000; #queries: 6816 >
2022-02-07 16:03:30   Extracting database features for evaluation/testing
2022-02-07 16:07:09   Extracting queries features for evaluation/testing
2022-02-07 16:09:37   Calculating recalls
2022-02-07 16:10:16   Recalls on < BaseDataset, pitts30k - #database: 10000; #queries: 6816 >: R@1: 84.7, R@5: 92.6, R@10: 94.7, R@20: 96.3
2022-02-07 16:12:23   Arguments: Namespace(aug_prob=0.5, cache_refresh_rate=1000, colab_folder='Netvlad_resizing_300200', data_aug=None, dataset_name='pitts30k', datasets_folder='/content/', device='cuda', epochs_num=50, exp_name='default', img_height=200, img_width=300, infer_batch_size=16, lr=1e-05, margin=0.1, model_folder=None, neg_samples_num=1000, negs_num_per_query=10, num_clusters=64, num_workers=8, optimizer='adam', output_folder='drive/MyDrive/Netvlad_resizing_300200', patience=3, queries_per_epoch=5000, recall_values=[1, 5, 10, 20], seed=0, test_datasets='pitts30k,st_lucia', test_only=False, train_batch_size=4, train_positives_dist_threshold=10, type='NETVLAD', val_positive_dist_threshold=25)
2022-02-07 16:12:23   The outputs are being saved in drive/MyDrive/Netvlad_resizing_300200
2022-02-07 16:12:23   Using 1 GPUs and 2 CPUs
2022-02-07 16:12:23   Loading dataset Pitts30k from folder /content/
2022-02-07 16:12:23   Images resized to 300x200
2022-02-07 16:12:24   There are 96 queries without any positives within the training set. They won't be considered as they're useless for training.
2022-02-07 16:12:24   Train query set: < TripletsDataset, pitts30k - #database: 10000; #queries: 7320 >
2022-02-07 16:12:24   Val set: < BaseDataset, pitts30k - #database: 10000; #queries: 7608 >
2022-02-07 16:12:24   Train only conv4 of the ResNet-18 (remove conv5), freeze the previous ones
2022-02-07 16:12:24   Using NetVlad network
2022-02-07 16:12:26   using Adam optimizer
2022-02-07 16:12:26   Output dimension of the model is 16384
2022-02-07 16:12:26   Patience: 3
2022-02-07 16:12:26   not improved num: 3
2022-02-07 16:12:26   Best R@5: 95.2
2022-02-07 16:12:26   Trained for 09 epochs, in total in 0:00:02
2022-02-07 16:12:26   Test set: < BaseDataset, pitts30k - #database: 10000; #queries: 6816 >
2022-02-07 16:12:26   Extracting database features for evaluation/testing
2022-02-07 16:14:10   Extracting queries features for evaluation/testing
2022-02-07 16:15:23   Calculating recalls
2022-02-07 16:16:00   Recalls on < BaseDataset, pitts30k - #database: 10000; #queries: 6816 >: R@1: 84.7, R@5: 92.6, R@10: 94.7, R@20: 96.3
2022-02-07 16:16:00   Test set: < BaseDataset, st_lucia - #database: 1549; #queries: 1464 >
2022-02-07 16:16:00   Extracting database features for evaluation/testing
2022-02-07 16:16:33   Extracting queries features for evaluation/testing
2022-02-07 16:17:04   Calculating recalls
2022-02-07 16:17:06   Recalls on < BaseDataset, st_lucia - #database: 1549; #queries: 1464 >: R@1: 68.0, R@5: 81.5, R@10: 87.6, R@20: 92.6
