2022-02-07 09:56:37   Arguments: Namespace(aug_prob=0.5, cache_refresh_rate=1000, colab_folder='Netvlad_resizing_300200', data_aug=None, dataset_name='pitts30k', datasets_folder='/content/', device='cuda', epochs_num=50, exp_name='default', img_height=200, img_width=300, infer_batch_size=16, lr=1e-05, margin=0.1, model_folder=None, neg_samples_num=1000, negs_num_per_query=10, num_clusters=64, num_workers=8, optimizer='adam', output_folder='drive/MyDrive/Netvlad_resizing_300200', patience=3, queries_per_epoch=5000, recall_values=[1, 5, 10, 20], seed=0, test_datasets='pitts30k', test_only=False, train_batch_size=4, train_positives_dist_threshold=10, type='NETVLAD', val_positive_dist_threshold=25)
2022-02-07 09:56:37   The outputs are being saved in drive/MyDrive/Netvlad_resizing_300200
2022-02-07 09:56:37   Using 1 GPUs and 2 CPUs
2022-02-07 09:56:37   Images resized to 300x200
2022-02-07 09:56:37   There are 96 queries without any positives within the training set. They won't be considered as they're useless for training.
2022-02-07 09:56:37   Train query set: < TripletsDataset, pitts30k - #database: 10000; #queries: 7320 >
2022-02-07 09:56:37   Val set: < BaseDataset, pitts30k - #database: 10000; #queries: 7608 >
2022-02-07 09:56:40   Output dimension of the model is 16384
2022-02-07 09:56:40   Start training epoch: 00
2022-02-07 10:22:17   Finished epoch 00 in 0:25:37, average epoch triplet loss = 0.0310
2022-02-07 10:26:08   Recalls on val set < BaseDataset, pitts30k - #database: 10000; #queries: 7608 >: R@1: 84.2, R@5: 94.1, R@10: 96.6, R@20: 98.0
2022-02-07 10:26:08   Improved: previous best R@5 = 0.0, current R@5 = 94.1
2022-02-07 10:26:08   Start training epoch: 01
2022-02-07 10:55:35   Finished epoch 01 in 0:29:26, average epoch triplet loss = 0.0267
2022-02-07 10:59:33   Recalls on val set < BaseDataset, pitts30k - #database: 10000; #queries: 7608 >: R@1: 85.6, R@5: 95.0, R@10: 97.1, R@20: 98.3
2022-02-07 10:59:33   Improved: previous best R@5 = 94.1, current R@5 = 95.0
2022-02-07 10:59:33   Start training epoch: 02
2022-02-07 11:29:54   Finished epoch 02 in 0:30:20, average epoch triplet loss = 0.0240
2022-02-07 11:33:33   Recalls on val set < BaseDataset, pitts30k - #database: 10000; #queries: 7608 >: R@1: 85.7, R@5: 95.0, R@10: 97.1, R@20: 98.3
2022-02-07 11:33:33   Improved: previous best R@5 = 95.0, current R@5 = 95.0
2022-02-07 11:33:34   Start training epoch: 03
2022-02-07 12:02:06   Finished epoch 03 in 0:28:32, average epoch triplet loss = 0.0225
2022-02-07 12:05:58   Recalls on val set < BaseDataset, pitts30k - #database: 10000; #queries: 7608 >: R@1: 86.1, R@5: 94.9, R@10: 97.2, R@20: 98.2
2022-02-07 12:05:58   Not improved: 1 / 3: best R@5 = 95.0, current R@5 = 94.9
2022-02-07 12:05:58   Start training epoch: 04
2022-02-07 12:36:27   Finished epoch 04 in 0:30:28, average epoch triplet loss = 0.0213
2022-02-07 12:40:28   Recalls on val set < BaseDataset, pitts30k - #database: 10000; #queries: 7608 >: R@1: 86.7, R@5: 95.0, R@10: 97.2, R@20: 98.4
2022-02-07 12:40:28   Not improved: 2 / 3: best R@5 = 95.0, current R@5 = 95.0
2022-02-07 12:40:29   Start training epoch: 05
2022-02-07 13:11:33   Finished epoch 05 in 0:31:04, average epoch triplet loss = 0.0193
2022-02-07 13:15:42   Recalls on val set < BaseDataset, pitts30k - #database: 10000; #queries: 7608 >: R@1: 86.8, R@5: 95.2, R@10: 97.2, R@20: 98.3
2022-02-07 13:15:42   Improved: previous best R@5 = 95.0, current R@5 = 95.2
2022-02-07 13:15:43   Start training epoch: 06
2022-02-07 13:49:14   Arguments: Namespace(aug_prob=0.5, cache_refresh_rate=1000, colab_folder='Netvlad_resizing_300200', data_aug=None, dataset_name='pitts30k', datasets_folder='/content/', device='cuda', epochs_num=50, exp_name='default', img_height=200, img_width=300, infer_batch_size=16, lr=1e-05, margin=0.1, model_folder=None, neg_samples_num=1000, negs_num_per_query=10, num_clusters=64, num_workers=8, optimizer='adam', output_folder='drive/MyDrive/Netvlad_resizing_300200', patience=3, queries_per_epoch=5000, recall_values=[1, 5, 10, 20], seed=0, test_datasets='pitts30k', test_only=False, train_batch_size=4, train_positives_dist_threshold=10, type='NETVLAD', val_positive_dist_threshold=25)
2022-02-07 13:49:15   The outputs are being saved in drive/MyDrive/Netvlad_resizing_300200
2022-02-07 13:49:15   Using 1 GPUs and 2 CPUs
2022-02-07 13:49:15   Images resized to 300x200
2022-02-07 13:49:15   There are 96 queries without any positives within the training set. They won't be considered as they're useless for training.
2022-02-07 13:49:15   Train query set: < TripletsDataset, pitts30k - #database: 10000; #queries: 7320 >
2022-02-07 13:49:15   Val set: < BaseDataset, pitts30k - #database: 10000; #queries: 7608 >
2022-02-07 13:49:18   Output dimension of the model is 16384
2022-02-07 13:49:19   Start training epoch: 06
2022-02-07 14:19:18   Finished epoch 06 in 0:29:58, average epoch triplet loss = 0.0099
2022-02-07 14:23:25   Recalls on val set < BaseDataset, pitts30k - #database: 10000; #queries: 7608 >: R@1: 86.3, R@5: 94.7, R@10: 96.8, R@20: 98.1
2022-02-07 14:23:25   Not improved: 1 / 3: best R@5 = 95.2, current R@5 = 94.7
2022-02-07 14:23:26   Start training epoch: 07
2022-02-07 15:05:31   Finished epoch 07 in 0:42:05, average epoch triplet loss = 0.0105
2022-02-07 15:11:57   Recalls on val set < BaseDataset, pitts30k - #database: 10000; #queries: 7608 >: R@1: 86.6, R@5: 95.0, R@10: 97.1, R@20: 98.3
2022-02-07 15:11:57   Not improved: 2 / 3: best R@5 = 95.2, current R@5 = 95.0
2022-02-07 15:11:58   Start training epoch: 08
2022-02-07 15:56:31   Finished epoch 08 in 0:44:33, average epoch triplet loss = 0.0103
2022-02-07 16:03:28   Recalls on val set < BaseDataset, pitts30k - #database: 10000; #queries: 7608 >: R@1: 86.5, R@5: 94.9, R@10: 96.9, R@20: 98.2
2022-02-07 16:03:28   Not improved: 3 / 3: best R@5 = 95.2, current R@5 = 94.9
2022-02-07 16:03:28   Performance did not improve for 3 epochs. Stop training.
2022-02-07 16:03:28   Best R@5: 95.2
2022-02-07 16:03:28   Trained for 09 epochs, in total in 2:14:13
2022-02-07 16:03:30   Test set: < BaseDataset, pitts30k - #database: 10000; #queries: 6816 >
2022-02-07 16:10:16   Recalls on < BaseDataset, pitts30k - #database: 10000; #queries: 6816 >: R@1: 84.7, R@5: 92.6, R@10: 94.7, R@20: 96.3
2022-02-07 16:12:23   Arguments: Namespace(aug_prob=0.5, cache_refresh_rate=1000, colab_folder='Netvlad_resizing_300200', data_aug=None, dataset_name='pitts30k', datasets_folder='/content/', device='cuda', epochs_num=50, exp_name='default', img_height=200, img_width=300, infer_batch_size=16, lr=1e-05, margin=0.1, model_folder=None, neg_samples_num=1000, negs_num_per_query=10, num_clusters=64, num_workers=8, optimizer='adam', output_folder='drive/MyDrive/Netvlad_resizing_300200', patience=3, queries_per_epoch=5000, recall_values=[1, 5, 10, 20], seed=0, test_datasets='pitts30k,st_lucia', test_only=False, train_batch_size=4, train_positives_dist_threshold=10, type='NETVLAD', val_positive_dist_threshold=25)
2022-02-07 16:12:23   The outputs are being saved in drive/MyDrive/Netvlad_resizing_300200
2022-02-07 16:12:23   Using 1 GPUs and 2 CPUs
2022-02-07 16:12:23   Images resized to 300x200
2022-02-07 16:12:24   There are 96 queries without any positives within the training set. They won't be considered as they're useless for training.
2022-02-07 16:12:24   Train query set: < TripletsDataset, pitts30k - #database: 10000; #queries: 7320 >
2022-02-07 16:12:24   Val set: < BaseDataset, pitts30k - #database: 10000; #queries: 7608 >
2022-02-07 16:12:26   Output dimension of the model is 16384
2022-02-07 16:12:26   Best R@5: 95.2
2022-02-07 16:12:26   Trained for 09 epochs, in total in 0:00:02
2022-02-07 16:12:26   Test set: < BaseDataset, pitts30k - #database: 10000; #queries: 6816 >
2022-02-07 16:16:00   Recalls on < BaseDataset, pitts30k - #database: 10000; #queries: 6816 >: R@1: 84.7, R@5: 92.6, R@10: 94.7, R@20: 96.3
2022-02-07 16:16:00   Test set: < BaseDataset, st_lucia - #database: 1549; #queries: 1464 >
2022-02-07 16:17:06   Recalls on < BaseDataset, st_lucia - #database: 1549; #queries: 1464 >: R@1: 68.0, R@5: 81.5, R@10: 87.6, R@20: 92.6
