2022-01-29 08:20:06   Arguments: Namespace(aug_prob=0.5, cache_refresh_rate=1000, colab_folder='Netvlad_B-GS-R', data_aug='B-GS-R', dataset_name='pitts30k', datasets_folder='/content/', device='cuda', epochs_num=50, exp_name='default', infer_batch_size=16, lr=1e-05, margin=0.1, neg_samples_num=1000, negs_num_per_query=10, num_clusters=64, num_workers=8, optimizer='adam', output_folder='drive/MyDrive/Netvlad_B-GS-R', patience=3, queries_per_epoch=5000, recall_values=[1, 5, 10, 20], seed=0, train_batch_size=4, train_positives_dist_threshold=10, type='NETVLAD', val_positive_dist_threshold=25)
2022-01-29 08:20:06   The outputs are being saved in drive/MyDrive/Netvlad_B-GS-R
2022-01-29 08:20:06   Using 1 GPUs and 2 CPUs
2022-01-29 08:20:07   There are 96 queries without any positives within the training set. They won't be considered as they're useless for training.
2022-01-29 08:20:07   Train query set: < TripletsDataset, pitts30k - #database: 10000; #queries: 7320 >
2022-01-29 08:20:07   Val set: < BaseDataset, pitts30k - #database: 10000; #queries: 7608 >
2022-01-29 08:20:09   Output dimension of the model is 16384
2022-01-29 08:20:09   Start training epoch: 00
2022-01-29 09:24:08   Finished epoch 00 in 1:03:59, average epoch triplet loss = 0.0806
2022-01-29 09:32:30   Recalls on val set < BaseDataset, pitts30k - #database: 10000; #queries: 7608 >: R@1: 80.9, R@5: 92.1, R@10: 95.1, R@20: 97.2
2022-01-29 09:32:30   Improved: previous best R@5 = 0.0, current R@5 = 92.1
2022-01-29 09:32:30   Start training epoch: 01
2022-01-29 10:44:42   Arguments: Namespace(aug_prob=0.5, cache_refresh_rate=1000, colab_folder='Netvlad_B-GS-R', data_aug='B-GS-R', dataset_name='pitts30k', datasets_folder='/content/', device='cuda', epochs_num=50, exp_name='default', infer_batch_size=16, lr=1e-05, margin=0.1, neg_samples_num=1000, negs_num_per_query=10, num_clusters=64, num_workers=8, optimizer='adam', output_folder='drive/MyDrive/Netvlad_B-GS-R', patience=3, queries_per_epoch=5000, recall_values=[1, 5, 10, 20], seed=0, train_batch_size=4, train_positives_dist_threshold=10, type='NETVLAD', val_positive_dist_threshold=25)
2022-01-29 10:44:44   The outputs are being saved in drive/MyDrive/Netvlad_B-GS-R
2022-01-29 10:44:44   Using 1 GPUs and 2 CPUs
2022-01-29 10:44:44   There are 96 queries without any positives within the training set. They won't be considered as they're useless for training.
2022-01-29 10:44:44   Train query set: < TripletsDataset, pitts30k - #database: 10000; #queries: 7320 >
2022-01-29 10:44:44   Val set: < BaseDataset, pitts30k - #database: 10000; #queries: 7608 >
2022-01-29 10:44:47   Output dimension of the model is 16384
2022-01-29 10:44:54   Start training epoch: 01
2022-01-29 11:45:12   Finished epoch 01 in 1:00:18, average epoch triplet loss = 0.0624
2022-01-29 11:52:39   Recalls on val set < BaseDataset, pitts30k - #database: 10000; #queries: 7608 >: R@1: 83.0, R@5: 93.2, R@10: 95.8, R@20: 97.6
2022-01-29 11:52:39   Improved: previous best R@5 = 92.1, current R@5 = 93.2
2022-01-29 11:52:40   Start training epoch: 02
2022-01-29 12:53:46   Finished epoch 02 in 1:01:06, average epoch triplet loss = 0.0612
2022-01-29 13:00:19   Recalls on val set < BaseDataset, pitts30k - #database: 10000; #queries: 7608 >: R@1: 84.6, R@5: 93.7, R@10: 96.1, R@20: 97.7
2022-01-29 13:00:19   Improved: previous best R@5 = 93.2, current R@5 = 93.7
2022-01-29 13:00:19   Start training epoch: 03
2022-01-29 14:02:50   Finished epoch 03 in 1:02:31, average epoch triplet loss = 0.0579
2022-01-29 14:09:23   Recalls on val set < BaseDataset, pitts30k - #database: 10000; #queries: 7608 >: R@1: 84.8, R@5: 93.8, R@10: 96.0, R@20: 97.6
2022-01-29 14:09:23   Improved: previous best R@5 = 93.7, current R@5 = 93.8
2022-01-29 14:09:24   Start training epoch: 04
2022-01-29 14:47:23   Arguments: Namespace(aug_prob=0.5, cache_refresh_rate=1000, colab_folder='Netvlad_B-GS-R', data_aug='B-GS-R', dataset_name='pitts30k', datasets_folder='/content/', device='cuda', epochs_num=50, exp_name='default', infer_batch_size=16, lr=1e-05, margin=0.1, neg_samples_num=1000, negs_num_per_query=10, num_clusters=64, num_workers=8, optimizer='adam', output_folder='drive/MyDrive/Netvlad_B-GS-R', patience=3, queries_per_epoch=5000, recall_values=[1, 5, 10, 20], seed=0, train_batch_size=4, train_positives_dist_threshold=10, type='NETVLAD', val_positive_dist_threshold=25)
2022-01-29 14:47:24   The outputs are being saved in drive/MyDrive/Netvlad_B-GS-R
2022-01-29 14:47:24   Using 1 GPUs and 2 CPUs
2022-01-29 14:47:25   There are 96 queries without any positives within the training set. They won't be considered as they're useless for training.
2022-01-29 14:47:25   Train query set: < TripletsDataset, pitts30k - #database: 10000; #queries: 7320 >
2022-01-29 14:47:25   Val set: < BaseDataset, pitts30k - #database: 10000; #queries: 7608 >
2022-01-29 14:47:27   Output dimension of the model is 16384
2022-01-29 14:47:32   Start training epoch: 04
2022-01-29 15:50:27   Finished epoch 04 in 1:02:55, average epoch triplet loss = 0.0464
2022-01-29 15:57:23   Recalls on val set < BaseDataset, pitts30k - #database: 10000; #queries: 7608 >: R@1: 83.9, R@5: 93.6, R@10: 95.9, R@20: 97.5
2022-01-29 15:57:23   Not improved: 1 / 3: best R@5 = 93.8, current R@5 = 93.6
2022-01-29 15:57:24   Start training epoch: 05
2022-01-29 17:03:26   Finished epoch 05 in 1:06:02, average epoch triplet loss = 0.0468
2022-01-29 17:10:21   Recalls on val set < BaseDataset, pitts30k - #database: 10000; #queries: 7608 >: R@1: 84.5, R@5: 93.6, R@10: 96.0, R@20: 97.6
2022-01-29 17:10:21   Not improved: 2 / 3: best R@5 = 93.8, current R@5 = 93.6
2022-01-29 17:10:22   Start training epoch: 06
2022-01-30 12:16:49   Arguments: Namespace(aug_prob=0.5, cache_refresh_rate=1000, colab_folder='Netvlad_B-GS-R', data_aug='B-GS-R', dataset_name='pitts30k', datasets_folder='/content/', device='cuda', epochs_num=50, exp_name='default', infer_batch_size=16, lr=1e-05, margin=0.1, neg_samples_num=1000, negs_num_per_query=10, num_clusters=64, num_workers=8, optimizer='adam', output_folder='drive/MyDrive/Netvlad_B-GS-R', patience=3, queries_per_epoch=5000, recall_values=[1, 5, 10, 20], seed=0, train_batch_size=4, train_positives_dist_threshold=10, type='NETVLAD', val_positive_dist_threshold=25)
2022-01-30 12:16:50   
Traceback (most recent call last):
  File "project_vg/train.py", line 63, in <module>
    logging.info(f"Arguments: {args}")
  File "/usr/lib/python3.7/logging/__init__.py", line 1992, in info
    root.info(msg, *args, **kwargs)
  File "/usr/lib/python3.7/logging/__init__.py", line 1378, in info
    self._log(INFO, msg, args, **kwargs)
  File "/usr/lib/python3.7/logging/__init__.py", line 1514, in _log
    self.handle(record)
  File "/usr/lib/python3.7/logging/__init__.py", line 1524, in handle
    self.callHandlers(record)
  File "/usr/lib/python3.7/logging/__init__.py", line 1586, in callHandlers
    hdlr.handle(record)
  File "/usr/lib/python3.7/logging/__init__.py", line 894, in handle
    self.emit(record)
  File "/usr/lib/python3.7/logging/__init__.py", line 1127, in emit
    StreamHandler.emit(self, record)
  File "/usr/lib/python3.7/logging/__init__.py", line 1029, in emit
    self.flush()
  File "/usr/lib/python3.7/logging/__init__.py", line 1009, in flush
    self.stream.flush()
KeyboardInterrupt

2022-01-30 12:17:02   Arguments: Namespace(aug_prob=0.5, cache_refresh_rate=1000, colab_folder='Netvlad_B-GS-R', data_aug='B-GS-R', dataset_name='pitts30k', datasets_folder='/content/', device='cuda', epochs_num=50, exp_name='default', infer_batch_size=16, lr=1e-05, margin=0.1, neg_samples_num=1000, negs_num_per_query=10, num_clusters=64, num_workers=8, optimizer='adam', output_folder='drive/MyDrive/Netvlad_B-GS-R', patience=3, queries_per_epoch=5000, recall_values=[1, 5, 10, 20], seed=0, train_batch_size=4, train_positives_dist_threshold=10, type='NETVLAD', val_positive_dist_threshold=25)
2022-01-30 12:17:02   The outputs are being saved in drive/MyDrive/Netvlad_B-GS-R
2022-01-30 12:17:02   Using 1 GPUs and 2 CPUs
2022-01-30 12:17:02   There are 96 queries without any positives within the training set. They won't be considered as they're useless for training.
2022-01-30 12:17:02   Train query set: < TripletsDataset, pitts30k - #database: 10000; #queries: 7320 >
2022-01-30 12:17:02   Val set: < BaseDataset, pitts30k - #database: 10000; #queries: 7608 >
2022-01-30 12:17:05   Output dimension of the model is 16384
2022-01-30 12:17:05   Start training epoch: 06
2022-01-30 13:20:25   Finished epoch 06 in 1:03:19, average epoch triplet loss = 0.0380
2022-01-30 13:27:18   Recalls on val set < BaseDataset, pitts30k - #database: 10000; #queries: 7608 >: R@1: 83.3, R@5: 93.4, R@10: 95.7, R@20: 97.3
2022-01-30 13:27:18   Not improved: 3 / 3: best R@5 = 93.8, current R@5 = 93.4
2022-01-30 13:27:19   Performance did not improve for 3 epochs. Stop training.
2022-01-30 13:27:19   Best R@5: 93.8
2022-01-30 13:27:19   Trained for 07 epochs, in total in 1:10:17
2022-01-30 13:27:20   Test set: < BaseDataset, pitts30k - #database: 10000; #queries: 6816 >
2022-01-30 13:35:59   Recalls on < BaseDataset, pitts30k - #database: 10000; #queries: 6816 >: R@1: 82.6, R@5: 91.5, R@10: 94.2, R@20: 96.1
2022-01-30 13:35:59   Test set: < BaseDataset, st_lucia - #database: 1549; #queries: 1464 >
2022-01-30 13:37:18   Recalls on < BaseDataset, st_lucia - #database: 1549; #queries: 1464 >: R@1: 50.7, R@5: 64.4, R@10: 70.6, R@20: 77.4
