2022-02-02 07:46:59   Arguments: Namespace(aug_prob=0.5, cache_refresh_rate=1000, colab_folder='Run_5_Netvlad_Adam_001', data_aug=None, dataset_name='pitts30k', datasets_folder='/content/', device='cuda', epochs_num=50, exp_name='default', infer_batch_size=16, lr=0.001, margin=0.1, neg_samples_num=1000, negs_num_per_query=10, num_clusters=64, num_workers=8, optimizer='adam', output_folder='drive/MyDrive/Run_5_Netvlad_Adam_001', patience=3, queries_per_epoch=5000, recall_values=[1, 5, 10, 20], seed=0, train_batch_size=4, train_positives_dist_threshold=10, type='NETVLAD', val_positive_dist_threshold=25)
2022-02-02 07:46:59   The outputs are being saved in drive/MyDrive/Run_5_Netvlad_Adam_001
2022-02-02 07:46:59   Using 1 GPUs and 2 CPUs
2022-02-02 07:46:59   There are 96 queries without any positives within the training set. They won't be considered as they're useless for training.
2022-02-02 07:46:59   Train query set: < TripletsDataset, pitts30k - #database: 10000; #queries: 7320 >
2022-02-02 07:47:00   Val set: < BaseDataset, pitts30k - #database: 10000; #queries: 7608 >
2022-02-02 07:47:03   Output dimension of the model is 16384
2022-02-02 07:47:03   Start training epoch: 00
2022-02-02 08:19:24   Finished epoch 00 in 0:32:20, average epoch triplet loss = 0.0189
2022-02-02 08:23:15   Recalls on val set < BaseDataset, pitts30k - #database: 10000; #queries: 7608 >: R@1: 79.6, R@5: 92.5, R@10: 95.1, R@20: 97.1
2022-02-02 08:23:15   Improved: previous best R@5 = 0.0, current R@5 = 92.5
2022-02-02 08:23:16   Start training epoch: 01
2022-02-02 09:00:01   Finished epoch 01 in 0:36:45, average epoch triplet loss = 0.0144
2022-02-02 09:03:59   Recalls on val set < BaseDataset, pitts30k - #database: 10000; #queries: 7608 >: R@1: 82.0, R@5: 92.6, R@10: 95.5, R@20: 97.4
2022-02-02 09:03:59   Improved: previous best R@5 = 92.5, current R@5 = 92.6
2022-02-02 09:04:00   Start training epoch: 02
2022-02-02 09:39:34   Finished epoch 02 in 0:35:33, average epoch triplet loss = 0.0125
2022-02-02 09:43:34   Recalls on val set < BaseDataset, pitts30k - #database: 10000; #queries: 7608 >: R@1: 82.6, R@5: 92.8, R@10: 95.2, R@20: 97.5
2022-02-02 09:43:34   Improved: previous best R@5 = 92.6, current R@5 = 92.8
2022-02-02 09:43:35   Start training epoch: 03
2022-02-02 10:19:46   Finished epoch 03 in 0:36:11, average epoch triplet loss = 0.0111
2022-02-02 10:23:48   Recalls on val set < BaseDataset, pitts30k - #database: 10000; #queries: 7608 >: R@1: 82.8, R@5: 92.6, R@10: 95.0, R@20: 96.9
2022-02-02 10:23:48   Not improved: 1 / 3: best R@5 = 92.8, current R@5 = 92.6
2022-02-02 10:23:49   Start training epoch: 04
2022-02-02 11:00:14   Finished epoch 04 in 0:36:24, average epoch triplet loss = 0.0099
2022-02-02 11:04:13   Recalls on val set < BaseDataset, pitts30k - #database: 10000; #queries: 7608 >: R@1: 83.4, R@5: 92.8, R@10: 95.4, R@20: 97.1
2022-02-02 11:04:13   Improved: previous best R@5 = 92.8, current R@5 = 92.8
2022-02-02 11:04:15   Start training epoch: 05
2022-02-04 08:55:06   Arguments: Namespace(aug_prob=0.5, cache_refresh_rate=1000, colab_folder='Run_5_Netvlad_Adam_001', data_aug=None, dataset_name='pitts30k', datasets_folder='/content/', device='cuda', epochs_num=50, exp_name='default', infer_batch_size=16, lr=0.001, margin=0.1, neg_samples_num=1000, negs_num_per_query=10, num_clusters=64, num_workers=8, optimizer='adam', output_folder='drive/MyDrive/Run_5_Netvlad_Adam_001', patience=3, queries_per_epoch=5000, recall_values=[1, 5, 10, 20], seed=0, train_batch_size=4, train_positives_dist_threshold=10, type='NETVLAD', val_positive_dist_threshold=25)
2022-02-04 08:55:06   The outputs are being saved in drive/MyDrive/Run_5_Netvlad_Adam_001
2022-02-04 08:55:06   Using 1 GPUs and 2 CPUs
2022-02-04 08:55:07   There are 96 queries without any positives within the training set. They won't be considered as they're useless for training.
2022-02-04 08:55:07   Train query set: < TripletsDataset, pitts30k - #database: 10000; #queries: 7320 >
2022-02-04 08:55:07   Val set: < BaseDataset, pitts30k - #database: 10000; #queries: 7608 >
2022-02-04 08:55:09   Output dimension of the model is 16384
2022-02-04 08:55:13   Start training epoch: 05
2022-02-04 09:13:20   
2022-02-04 11:57:27   Arguments: Namespace(aug_prob=0.5, cache_refresh_rate=1000, colab_folder='Run_5_Netvlad_Adam_001', data_aug=None, dataset_name='pitts30k', datasets_folder='/content/', device='cuda', epochs_num=50, exp_name='default', infer_batch_size=16, lr=0.001, margin=0.1, neg_samples_num=1000, negs_num_per_query=10, num_clusters=64, num_workers=8, optimizer='adam', output_folder='drive/MyDrive/Run_5_Netvlad_Adam_001', patience=3, queries_per_epoch=5000, recall_values=[1, 5, 10, 20], seed=0, train_batch_size=4, train_positives_dist_threshold=10, type='NETVLAD', val_positive_dist_threshold=25)
2022-02-04 11:57:28   The outputs are being saved in drive/MyDrive/Run_5_Netvlad_Adam_001
2022-02-04 11:57:28   Using 1 GPUs and 2 CPUs
2022-02-04 11:57:28   There are 96 queries without any positives within the training set. They won't be considered as they're useless for training.
2022-02-04 11:57:28   Train query set: < TripletsDataset, pitts30k - #database: 10000; #queries: 7320 >
2022-02-04 11:57:28   Val set: < BaseDataset, pitts30k - #database: 10000; #queries: 7608 >
2022-02-04 11:57:31   Output dimension of the model is 16384
2022-02-04 11:57:35   Start training epoch: 05
2022-02-04 13:06:53   Finished epoch 05 in 1:09:18, average epoch triplet loss = 0.0045
2022-02-04 13:15:56   Recalls on val set < BaseDataset, pitts30k - #database: 10000; #queries: 7608 >: R@1: 83.0, R@5: 93.1, R@10: 95.5, R@20: 97.3
2022-02-04 13:15:56   Improved: previous best R@5 = 92.8, current R@5 = 93.1
2022-02-04 13:15:57   Start training epoch: 06
2022-02-04 14:27:21   Finished epoch 06 in 1:11:24, average epoch triplet loss = 0.0054
2022-02-04 14:34:54   Recalls on val set < BaseDataset, pitts30k - #database: 10000; #queries: 7608 >: R@1: 81.6, R@5: 92.7, R@10: 95.4, R@20: 96.9
2022-02-04 14:34:54   Not improved: 1 / 3: best R@5 = 93.1, current R@5 = 92.7
2022-02-04 14:34:55   Start training epoch: 07
2022-02-04 15:45:39   Finished epoch 07 in 1:10:43, average epoch triplet loss = 0.0053
2022-02-04 15:53:10   Recalls on val set < BaseDataset, pitts30k - #database: 10000; #queries: 7608 >: R@1: 81.3, R@5: 92.5, R@10: 95.2, R@20: 96.9
2022-02-04 15:53:10   Not improved: 2 / 3: best R@5 = 93.1, current R@5 = 92.5
2022-02-04 15:53:11   Start training epoch: 08
2022-02-05 15:04:26   Arguments: Namespace(att='default', aug_prob=0.5, cache_refresh_rate=1000, colab_folder='Run_5_Netvlad_Adam_001', data_aug=None, dataset_name='pitts30k', datasets_folder='/content/', device='cuda', epochs_num=50, exp_name='default', infer_batch_size=16, lr=0.001, margin=0.1, neg_samples_num=1000, negs_num_per_query=10, num_clusters=64, num_workers=8, optimizer='adam', output_folder='drive/MyDrive/Run_5_Netvlad_Adam_001', patience=3, queries_per_epoch=5000, recall_values=[1, 5, 10, 20], seed=0, train_batch_size=4, train_positives_dist_threshold=10, type='NETVLAD', val_positive_dist_threshold=25)
2022-02-05 15:04:27   The outputs are being saved in drive/MyDrive/Run_5_Netvlad_Adam_001
2022-02-05 15:04:27   Using 1 GPUs and 2 CPUs
2022-02-05 15:04:27   There are 96 queries without any positives within the training set. They won't be considered as they're useless for training.
2022-02-05 15:04:27   Train query set: < TripletsDataset, pitts30k - #database: 10000; #queries: 7320 >
2022-02-05 15:04:27   Val set: < BaseDataset, pitts30k - #database: 10000; #queries: 7608 >
2022-02-05 15:04:29   Output dimension of the model is 16384
2022-02-05 15:04:31   Start training epoch: 08
2022-02-05 16:04:50   Finished epoch 08 in 1:00:19, average epoch triplet loss = 0.0026
2022-02-05 16:11:28   Recalls on val set < BaseDataset, pitts30k - #database: 10000; #queries: 7608 >: R@1: 82.2, R@5: 92.8, R@10: 95.4, R@20: 97.3
2022-02-05 16:11:28   Not improved: 3 / 3: best R@5 = 93.1, current R@5 = 92.8
2022-02-05 16:11:29   Performance did not improve for 3 epochs. Stop training.
2022-02-05 16:11:29   Best R@5: 93.1
2022-02-05 16:11:29   Trained for 09 epochs, in total in 1:07:02
2022-02-05 16:11:30   Test set: < BaseDataset, pitts30k - #database: 10000; #queries: 6816 >
2022-02-05 16:19:30   Recalls on < BaseDataset, pitts30k - #database: 10000; #queries: 6816 >: R@1: 79.5, R@5: 89.6, R@10: 92.3, R@20: 94.3
2022-02-05 16:19:30   Test set: < BaseDataset, st_lucia - #database: 1549; #queries: 1464 >
2022-02-05 16:20:41   Recalls on < BaseDataset, st_lucia - #database: 1549; #queries: 1464 >: R@1: 39.2, R@5: 57.7, R@10: 64.5, R@20: 73.8
