2022-02-08 13:36:07   Arguments: Namespace(att='default', aug_prob=0.5, cache_refresh_rate=1000, colab_folder='Netvlad_SGD_000001', data_aug=None, dataset_name='pitts30k', datasets_folder='/content/', device='cuda', epochs_num=20, exp_name='default', infer_batch_size=16, lr=1e-06, margin=0.1, neg_samples_num=1000, negs_num_per_query=10, num_clusters=64, num_workers=8, optimizer='SGD', output_folder='drive/MyDrive/Netvlad_SGD_000001', patience=3, queries_per_epoch=5000, recall_values=[1, 5, 10, 20], seed=0, train_batch_size=4, train_positives_dist_threshold=10, type='NETVLAD', val_positive_dist_threshold=25)
2022-02-08 13:36:07   The outputs are being saved in drive/MyDrive/Netvlad_SGD_000001
2022-02-08 13:36:07   Using 1 GPUs and 2 CPUs
2022-02-08 13:36:07   There are 96 queries without any positives within the training set. They won't be considered as they're useless for training.
2022-02-08 13:36:07   Train query set: < TripletsDataset, pitts30k - #database: 10000; #queries: 7320 >
2022-02-08 13:36:08   Val set: < BaseDataset, pitts30k - #database: 10000; #queries: 7608 >
2022-02-08 13:36:11   Output dimension of the model is 16384
2022-02-08 13:36:11   Start training epoch: 00
2022-02-08 14:07:58   Finished epoch 00 in 0:31:46, average epoch triplet loss = 0.0512
2022-02-08 14:12:12   Recalls on val set < BaseDataset, pitts30k - #database: 10000; #queries: 7608 >: R@1: 62.5, R@5: 78.7, R@10: 83.7, R@20: 88.1
2022-02-08 14:12:12   Improved: previous best R@5 = 0.0, current R@5 = 78.7
2022-02-08 14:12:12   Start training epoch: 01
2022-02-08 14:44:26   Finished epoch 01 in 0:32:13, average epoch triplet loss = 0.0560
2022-02-08 14:48:17   Recalls on val set < BaseDataset, pitts30k - #database: 10000; #queries: 7608 >: R@1: 62.0, R@5: 77.7, R@10: 83.1, R@20: 87.3
2022-02-08 14:48:17   Not improved: 1 / 3: best R@5 = 78.7, current R@5 = 77.7
2022-02-08 14:48:17   Start training epoch: 02
2022-02-08 15:20:39   Finished epoch 02 in 0:32:21, average epoch triplet loss = 0.0593
2022-02-08 15:24:30   Recalls on val set < BaseDataset, pitts30k - #database: 10000; #queries: 7608 >: R@1: 62.2, R@5: 78.2, R@10: 83.5, R@20: 87.7
2022-02-08 15:24:30   Not improved: 2 / 3: best R@5 = 78.7, current R@5 = 78.2
2022-02-08 15:24:30   Start training epoch: 03
2022-02-08 15:56:50   Finished epoch 03 in 0:32:19, average epoch triplet loss = 0.0610
2022-02-08 16:00:38   Recalls on val set < BaseDataset, pitts30k - #database: 10000; #queries: 7608 >: R@1: 64.4, R@5: 80.2, R@10: 85.1, R@20: 89.4
2022-02-08 16:00:38   Improved: previous best R@5 = 78.7, current R@5 = 80.2
2022-02-08 16:00:38   Start training epoch: 04
2022-02-08 16:33:44   Finished epoch 04 in 0:33:06, average epoch triplet loss = 0.0633
2022-02-08 16:37:36   Recalls on val set < BaseDataset, pitts30k - #database: 10000; #queries: 7608 >: R@1: 63.2, R@5: 78.9, R@10: 83.7, R@20: 88.2
2022-02-08 16:37:36   Not improved: 1 / 3: best R@5 = 80.2, current R@5 = 78.9
2022-02-08 16:37:36   Start training epoch: 05
2022-02-08 17:10:47   Finished epoch 05 in 0:33:10, average epoch triplet loss = 0.0646
2022-02-08 17:14:44   Recalls on val set < BaseDataset, pitts30k - #database: 10000; #queries: 7608 >: R@1: 63.4, R@5: 79.4, R@10: 84.4, R@20: 88.6
2022-02-08 17:14:44   Not improved: 2 / 3: best R@5 = 80.2, current R@5 = 79.4
2022-02-08 17:14:45   Start training epoch: 06
2022-02-08 19:13:11   Arguments: Namespace(att='default', aug_prob=0.5, cache_refresh_rate=1000, colab_folder='Netvlad_SGD_000001', data_aug=None, dataset_name='pitts30k', datasets_folder='/content/', device='cuda', epochs_num=20, exp_name='default', infer_batch_size=16, lr=1e-06, margin=0.1, neg_samples_num=1000, negs_num_per_query=10, num_clusters=64, num_workers=8, optimizer='SGD', output_folder='drive/MyDrive/Netvlad_SGD_000001', patience=3, queries_per_epoch=5000, recall_values=[1, 5, 10, 20], seed=0, train_batch_size=4, train_positives_dist_threshold=10, type='NETVLAD', val_positive_dist_threshold=25)
2022-02-08 19:13:12   The outputs are being saved in drive/MyDrive/Netvlad_SGD_000001
2022-02-08 19:13:12   Using 1 GPUs and 2 CPUs
2022-02-08 19:13:12   There are 96 queries without any positives within the training set. They won't be considered as they're useless for training.
2022-02-08 19:13:12   Train query set: < TripletsDataset, pitts30k - #database: 10000; #queries: 7320 >
2022-02-08 19:13:13   Val set: < BaseDataset, pitts30k - #database: 10000; #queries: 7608 >
2022-02-08 19:13:18   Output dimension of the model is 16384
2022-02-08 19:13:22   Start training epoch: 06
2022-02-08 19:45:48   Finished epoch 06 in 0:32:26, average epoch triplet loss = 0.0512
2022-02-08 19:49:46   Recalls on val set < BaseDataset, pitts30k - #database: 10000; #queries: 7608 >: R@1: 63.5, R@5: 79.4, R@10: 84.5, R@20: 88.6
2022-02-08 19:49:46   Not improved: 3 / 3: best R@5 = 80.2, current R@5 = 79.4
2022-02-08 19:49:47   Performance did not improve for 3 epochs. Stop training.
2022-02-08 19:49:47   Best R@5: 80.2
2022-02-08 19:49:47   Trained for 07 epochs, in total in 0:36:35
2022-02-08 19:49:48   Test set: < BaseDataset, pitts30k - #database: 10000; #queries: 6816 >
2022-02-08 19:55:01   Recalls on < BaseDataset, pitts30k - #database: 10000; #queries: 6816 >: R@1: 72.8, R@5: 86.3, R@10: 90.5, R@20: 93.4
2022-02-08 19:55:01   Test set: < BaseDataset, st_lucia - #database: 1549; #queries: 1464 >
2022-02-08 19:56:04   Recalls on < BaseDataset, st_lucia - #database: 1549; #queries: 1464 >: R@1: 50.5, R@5: 65.3, R@10: 72.7, R@20: 79.8
