2022-02-06 14:51:54   Arguments: Namespace(att='default', aug_prob=0.5, cache_refresh_rate=1000, colab_folder='Run_6_Netvlad_Dist5', data_aug=None, dataset_name='pitts30k', datasets_folder='/content/', device='cuda', epochs_num=50, exp_name='default', infer_batch_size=16, lr=1e-05, margin=0.1, neg_samples_num=1000, negs_num_per_query=10, num_clusters=64, num_workers=8, optimizer='adam', output_folder='drive/MyDrive/Run_6_Netvlad_Dist5', patience=3, queries_per_epoch=5000, recall_values=[1, 5, 10, 20], seed=0, train_batch_size=4, train_positives_dist_threshold=5, type='NETVLAD', val_positive_dist_threshold=25)
2022-02-06 14:51:54   The outputs are being saved in drive/MyDrive/Run_6_Netvlad_Dist5
2022-02-06 14:51:54   Using 1 GPUs and 2 CPUs
2022-02-06 14:51:55   There are 2544 queries without any positives within the training set. They won't be considered as they're useless for training.
2022-02-06 14:51:55   Train query set: < TripletsDataset, pitts30k - #database: 10000; #queries: 4872 >
2022-02-06 14:51:55   Val set: < BaseDataset, pitts30k - #database: 10000; #queries: 7608 >
2022-02-06 14:51:57   Output dimension of the model is 16384
2022-02-06 14:51:57   Start training epoch: 00
2022-02-06 15:53:02   Finished epoch 00 in 1:01:04, average epoch triplet loss = 0.0330
2022-02-06 15:59:38   Recalls on val set < BaseDataset, pitts30k - #database: 10000; #queries: 7608 >: R@1: 85.9, R@5: 95.1, R@10: 97.1, R@20: 98.3
2022-02-06 15:59:38   Improved: previous best R@5 = 0.0, current R@5 = 95.1
2022-02-06 15:59:39   Start training epoch: 01
2022-02-06 17:02:57   Finished epoch 01 in 1:03:18, average epoch triplet loss = 0.0262
2022-02-06 17:09:32   Recalls on val set < BaseDataset, pitts30k - #database: 10000; #queries: 7608 >: R@1: 87.7, R@5: 95.9, R@10: 97.5, R@20: 98.4
2022-02-06 17:09:32   Improved: previous best R@5 = 95.1, current R@5 = 95.9
2022-02-06 17:09:33   Start training epoch: 02
2022-02-06 18:12:24   Finished epoch 02 in 1:02:50, average epoch triplet loss = 0.0252
2022-02-06 18:18:59   Recalls on val set < BaseDataset, pitts30k - #database: 10000; #queries: 7608 >: R@1: 88.1, R@5: 96.3, R@10: 97.6, R@20: 98.5
2022-02-06 18:18:59   Improved: previous best R@5 = 95.9, current R@5 = 96.3
2022-02-06 18:19:00   Start training epoch: 03
2022-02-06 19:22:00   Finished epoch 03 in 1:02:59, average epoch triplet loss = 0.0243
2022-02-06 19:28:36   Recalls on val set < BaseDataset, pitts30k - #database: 10000; #queries: 7608 >: R@1: 88.3, R@5: 96.3, R@10: 97.6, R@20: 98.5
2022-02-06 19:28:36   Improved: previous best R@5 = 96.3, current R@5 = 96.3
2022-02-06 19:28:37   Start training epoch: 04
2022-02-06 20:31:51   Finished epoch 04 in 1:03:14, average epoch triplet loss = 0.0235
2022-02-06 20:38:26   Recalls on val set < BaseDataset, pitts30k - #database: 10000; #queries: 7608 >: R@1: 88.7, R@5: 96.3, R@10: 97.7, R@20: 98.6
2022-02-06 20:38:26   Improved: previous best R@5 = 96.3, current R@5 = 96.3
2022-02-06 20:38:27   Start training epoch: 05
2022-02-07 15:12:10   Arguments: Namespace(att='default', aug_prob=0.5, cache_refresh_rate=1000, colab_folder='Run_6_Netvlad_Dist5', data_aug=None, dataset_name='pitts30k', datasets_folder='/content/', device='cuda', epochs_num=50, exp_name='default', infer_batch_size=16, lr=1e-05, margin=0.1, neg_samples_num=1000, negs_num_per_query=10, num_clusters=64, num_workers=8, optimizer='adam', output_folder='drive/MyDrive/Run_6_Netvlad_Dist5', patience=3, queries_per_epoch=5000, recall_values=[1, 5, 10, 20], seed=0, train_batch_size=4, train_positives_dist_threshold=5, type='NETVLAD', val_positive_dist_threshold=25)
2022-02-07 15:12:10   The outputs are being saved in drive/MyDrive/Run_6_Netvlad_Dist5
2022-02-07 15:12:11   Using 1 GPUs and 2 CPUs
2022-02-07 15:12:11   There are 2544 queries without any positives within the training set. They won't be considered as they're useless for training.
2022-02-07 15:12:11   Train query set: < TripletsDataset, pitts30k - #database: 10000; #queries: 4872 >
2022-02-07 15:12:11   Val set: < BaseDataset, pitts30k - #database: 10000; #queries: 7608 >
2022-02-07 15:12:14   Output dimension of the model is 16384
2022-02-07 15:12:17   Start training epoch: 05
2022-02-07 15:44:11   Finished epoch 05 in 0:31:54, average epoch triplet loss = 0.0115
2022-02-07 15:48:44   Recalls on val set < BaseDataset, pitts30k - #database: 10000; #queries: 7608 >: R@1: 88.6, R@5: 96.4, R@10: 97.7, R@20: 98.6
2022-02-07 15:48:44   Improved: previous best R@5 = 96.3, current R@5 = 96.4
2022-02-07 15:48:45   Start training epoch: 06
2022-02-07 16:24:26   Finished epoch 06 in 0:35:41, average epoch triplet loss = 0.0125
2022-02-07 16:28:17   Recalls on val set < BaseDataset, pitts30k - #database: 10000; #queries: 7608 >: R@1: 89.1, R@5: 96.2, R@10: 97.6, R@20: 98.5
2022-02-07 16:28:17   Not improved: 1 / 3: best R@5 = 96.4, current R@5 = 96.2
2022-02-07 16:28:17   Start training epoch: 07
2022-02-07 17:04:44   Finished epoch 07 in 0:36:26, average epoch triplet loss = 0.0135
2022-02-07 17:08:33   Recalls on val set < BaseDataset, pitts30k - #database: 10000; #queries: 7608 >: R@1: 88.9, R@5: 96.4, R@10: 97.7, R@20: 98.7
2022-02-07 17:08:33   Improved: previous best R@5 = 96.4, current R@5 = 96.4
2022-02-07 17:08:34   Start training epoch: 08
2022-02-07 17:43:40   Finished epoch 08 in 0:35:06, average epoch triplet loss = 0.0141
2022-02-07 17:47:31   Recalls on val set < BaseDataset, pitts30k - #database: 10000; #queries: 7608 >: R@1: 88.7, R@5: 96.2, R@10: 97.6, R@20: 98.5
2022-02-07 17:47:31   Not improved: 1 / 3: best R@5 = 96.4, current R@5 = 96.2
2022-02-07 17:47:31   Start training epoch: 09
2022-02-07 18:22:15   Finished epoch 09 in 0:34:44, average epoch triplet loss = 0.0146
2022-02-07 18:26:03   Recalls on val set < BaseDataset, pitts30k - #database: 10000; #queries: 7608 >: R@1: 88.8, R@5: 96.3, R@10: 97.7, R@20: 98.6
2022-02-07 18:26:03   Not improved: 2 / 3: best R@5 = 96.4, current R@5 = 96.3
2022-02-07 18:26:04   Start training epoch: 10
2022-02-07 19:00:44   Finished epoch 10 in 0:34:40, average epoch triplet loss = 0.0160
2022-02-07 19:04:34   Recalls on val set < BaseDataset, pitts30k - #database: 10000; #queries: 7608 >: R@1: 88.6, R@5: 96.4, R@10: 97.7, R@20: 98.6
2022-02-07 19:04:34   Not improved: 3 / 3: best R@5 = 96.4, current R@5 = 96.4
2022-02-07 19:04:34   Performance did not improve for 3 epochs. Stop training.
2022-02-07 19:04:34   Best R@5: 96.4
2022-02-07 19:04:34   Trained for 11 epochs, in total in 3:52:24
2022-02-07 19:04:35   Test set: < BaseDataset, pitts30k - #database: 10000; #queries: 6816 >
2022-02-07 19:08:11   Recalls on < BaseDataset, pitts30k - #database: 10000; #queries: 6816 >: R@1: 86.2, R@5: 92.9, R@10: 94.8, R@20: 96.3
2022-02-07 19:08:11   Test set: < BaseDataset, st_lucia - #database: 1549; #queries: 1464 >
2022-02-07 19:08:55   Recalls on < BaseDataset, st_lucia - #database: 1549; #queries: 1464 >: R@1: 55.6, R@5: 70.8, R@10: 76.0, R@20: 83.3
