2022-02-05 08:46:47   Arguments: Namespace(aug_prob=0.5, cache_refresh_rate=1000, colab_folder='Netvlad_Adam_000001', data_aug=None, dataset_name='pitts30k', datasets_folder='/content/', device='cuda', epochs_num=50, exp_name='default', infer_batch_size=16, lr=1e-06, margin=0.1, neg_samples_num=1000, negs_num_per_query=10, num_clusters=64, num_workers=8, optimizer='adam', output_folder='drive/MyDrive/Netvlad_Adam_000001', patience=3, queries_per_epoch=5000, recall_values=[1, 5, 10, 20], seed=0, train_batch_size=4, train_positives_dist_threshold=10, type='NETVLAD', val_positive_dist_threshold=25)
2022-02-05 08:46:47   The outputs are being saved in drive/MyDrive/Netvlad_Adam_000001
2022-02-05 08:46:47   Using 1 GPUs and 2 CPUs
2022-02-05 08:46:48   There are 96 queries without any positives within the training set. They won't be considered as they're useless for training.
2022-02-05 08:46:48   Train query set: < TripletsDataset, pitts30k - #database: 10000; #queries: 7320 >
2022-02-05 08:46:48   Val set: < BaseDataset, pitts30k - #database: 10000; #queries: 7608 >
2022-02-05 08:46:50   Output dimension of the model is 16384
2022-02-05 08:46:50   Start training epoch: 00
2022-02-05 09:47:46   Finished epoch 00 in 1:00:56, average epoch triplet loss = 0.0430
2022-02-05 09:54:21   Recalls on val set < BaseDataset, pitts30k - #database: 10000; #queries: 7608 >: R@1: 75.9, R@5: 89.2, R@10: 92.4, R@20: 95.3
2022-02-05 09:54:21   Improved: previous best R@5 = 0.0, current R@5 = 89.2
2022-02-05 09:54:22   Start training epoch: 01
2022-02-05 10:58:08   Finished epoch 01 in 1:03:45, average epoch triplet loss = 0.0400
2022-02-05 11:04:50   Recalls on val set < BaseDataset, pitts30k - #database: 10000; #queries: 7608 >: R@1: 79.5, R@5: 91.5, R@10: 94.3, R@20: 96.5
2022-02-05 11:04:50   Improved: previous best R@5 = 89.2, current R@5 = 91.5
2022-02-05 11:04:52   Start training epoch: 02
2022-02-05 12:10:03   Finished epoch 02 in 1:05:11, average epoch triplet loss = 0.0384
2022-02-05 12:16:39   Recalls on val set < BaseDataset, pitts30k - #database: 10000; #queries: 7608 >: R@1: 82.2, R@5: 92.7, R@10: 95.3, R@20: 97.1
2022-02-05 12:16:39   Improved: previous best R@5 = 91.5, current R@5 = 92.7
2022-02-05 12:16:41   Start training epoch: 03
2022-02-05 14:16:28   Arguments: Namespace(att='default', aug_prob=0.5, cache_refresh_rate=1000, colab_folder='Netvlad_Adam_000001', data_aug=None, dataset_name='pitts30k', datasets_folder='/content/', device='cuda', epochs_num=50, exp_name='default', infer_batch_size=16, lr=1e-06, margin=0.1, neg_samples_num=1000, negs_num_per_query=10, num_clusters=64, num_workers=8, optimizer='adam', output_folder='drive/MyDrive/Netvlad_Adam_000001', patience=3, queries_per_epoch=5000, recall_values=[1, 5, 10, 20], seed=0, train_batch_size=4, train_positives_dist_threshold=10, type='NETVLAD', val_positive_dist_threshold=25)
2022-02-05 14:16:28   The outputs are being saved in drive/MyDrive/Netvlad_Adam_000001
2022-02-05 14:16:28   Using 1 GPUs and 2 CPUs
2022-02-05 14:16:29   There are 96 queries without any positives within the training set. They won't be considered as they're useless for training.
2022-02-05 14:16:29   Train query set: < TripletsDataset, pitts30k - #database: 10000; #queries: 7320 >
2022-02-05 14:16:29   Val set: < BaseDataset, pitts30k - #database: 10000; #queries: 7608 >
2022-02-05 14:16:31   Output dimension of the model is 16384
2022-02-05 14:16:33   Start training epoch: 03
2022-02-05 15:19:21   Finished epoch 03 in 1:02:48, average epoch triplet loss = 0.0302
2022-02-05 15:26:16   Recalls on val set < BaseDataset, pitts30k - #database: 10000; #queries: 7608 >: R@1: 83.5, R@5: 93.4, R@10: 95.9, R@20: 97.5
2022-02-05 15:26:16   Improved: previous best R@5 = 92.7, current R@5 = 93.4
2022-02-05 15:26:17   Start training epoch: 04
2022-02-05 16:31:51   Finished epoch 04 in 1:05:34, average epoch triplet loss = 0.0318
2022-02-05 16:38:45   Recalls on val set < BaseDataset, pitts30k - #database: 10000; #queries: 7608 >: R@1: 84.6, R@5: 93.9, R@10: 96.4, R@20: 97.8
2022-02-05 16:38:45   Improved: previous best R@5 = 93.4, current R@5 = 93.9
2022-02-05 16:38:46   Start training epoch: 05
2022-02-05 17:42:41   Finished epoch 05 in 1:03:54, average epoch triplet loss = 0.0322
2022-02-05 17:49:37   Recalls on val set < BaseDataset, pitts30k - #database: 10000; #queries: 7608 >: R@1: 85.0, R@5: 94.3, R@10: 96.6, R@20: 98.0
2022-02-05 17:49:37   Improved: previous best R@5 = 93.9, current R@5 = 94.3
2022-02-05 17:49:38   Start training epoch: 06
2022-02-06 08:42:45   Arguments: Namespace(att='default', aug_prob=0.5, cache_refresh_rate=1000, colab_folder='Netvlad_Adam_000001', data_aug=None, dataset_name='pitts30k', datasets_folder='/content/', device='cuda', epochs_num=50, exp_name='default', infer_batch_size=16, lr=1e-06, margin=0.1, neg_samples_num=1000, negs_num_per_query=10, num_clusters=64, num_workers=8, optimizer='adam', output_folder='drive/MyDrive/Netvlad_Adam_000001', patience=3, queries_per_epoch=5000, recall_values=[1, 5, 10, 20], seed=0, train_batch_size=4, train_positives_dist_threshold=10, type='NETVLAD', val_positive_dist_threshold=25)
2022-02-06 08:42:45   The outputs are being saved in drive/MyDrive/Netvlad_Adam_000001
2022-02-06 08:42:45   Using 1 GPUs and 2 CPUs
2022-02-06 08:42:46   There are 96 queries without any positives within the training set. They won't be considered as they're useless for training.
2022-02-06 08:42:46   Train query set: < TripletsDataset, pitts30k - #database: 10000; #queries: 7320 >
2022-02-06 08:42:46   Val set: < BaseDataset, pitts30k - #database: 10000; #queries: 7608 >
2022-02-06 08:42:48   Output dimension of the model is 16384
2022-02-06 08:42:50   Start training epoch: 06
2022-02-06 09:45:33   Finished epoch 06 in 1:02:43, average epoch triplet loss = 0.0255
2022-02-06 09:52:21   Recalls on val set < BaseDataset, pitts30k - #database: 10000; #queries: 7608 >: R@1: 85.4, R@5: 94.6, R@10: 96.5, R@20: 98.0
2022-02-06 09:52:21   Improved: previous best R@5 = 94.3, current R@5 = 94.6
2022-02-06 09:52:22   Start training epoch: 07
2022-02-06 10:58:54   Finished epoch 07 in 1:06:31, average epoch triplet loss = 0.0278
2022-02-06 11:05:50   Recalls on val set < BaseDataset, pitts30k - #database: 10000; #queries: 7608 >: R@1: 85.9, R@5: 94.9, R@10: 96.8, R@20: 98.2
2022-02-06 11:05:50   Improved: previous best R@5 = 94.6, current R@5 = 94.9
2022-02-06 11:05:51   Start training epoch: 08
2022-02-06 12:10:33   Finished epoch 08 in 1:04:41, average epoch triplet loss = 0.0285
2022-02-07 08:05:18   Arguments: Namespace(att='default', aug_prob=0.5, cache_refresh_rate=1000, colab_folder='Netvlad_Adam_000001', data_aug=None, dataset_name='pitts30k', datasets_folder='/content/', device='cuda', epochs_num=50, exp_name='default', infer_batch_size=16, lr=1e-06, margin=0.1, neg_samples_num=1000, negs_num_per_query=10, num_clusters=64, num_workers=8, optimizer='adam', output_folder='drive/MyDrive/Netvlad_Adam_000001', patience=3, queries_per_epoch=5000, recall_values=[1, 5, 10, 20], seed=0, train_batch_size=4, train_positives_dist_threshold=10, type='NETVLAD', val_positive_dist_threshold=25)
2022-02-07 08:05:20   The outputs are being saved in drive/MyDrive/Netvlad_Adam_000001
2022-02-07 08:05:20   Using 1 GPUs and 2 CPUs
2022-02-07 08:05:20   There are 96 queries without any positives within the training set. They won't be considered as they're useless for training.
2022-02-07 08:05:20   Train query set: < TripletsDataset, pitts30k - #database: 10000; #queries: 7320 >
2022-02-07 08:05:20   Val set: < BaseDataset, pitts30k - #database: 10000; #queries: 7608 >
2022-02-07 08:05:22   Output dimension of the model is 16384
2022-02-07 08:05:27   Start training epoch: 08
2022-02-07 09:07:40   Finished epoch 08 in 1:02:12, average epoch triplet loss = 0.0233
2022-02-07 09:14:30   Recalls on val set < BaseDataset, pitts30k - #database: 10000; #queries: 7608 >: R@1: 86.1, R@5: 94.9, R@10: 96.8, R@20: 98.2
2022-02-07 09:14:30   Improved: previous best R@5 = 94.9, current R@5 = 94.9
2022-02-07 09:14:32   Start training epoch: 09
2022-02-07 10:18:50   Finished epoch 09 in 1:04:18, average epoch triplet loss = 0.0257
2022-02-07 10:25:41   Recalls on val set < BaseDataset, pitts30k - #database: 10000; #queries: 7608 >: R@1: 86.5, R@5: 95.1, R@10: 97.0, R@20: 98.3
2022-02-07 10:25:41   Improved: previous best R@5 = 94.9, current R@5 = 95.1
2022-02-07 10:25:42   Start training epoch: 10
2022-02-07 11:29:48   Finished epoch 10 in 1:04:06, average epoch triplet loss = 0.0270
2022-02-07 11:36:36   Recalls on val set < BaseDataset, pitts30k - #database: 10000; #queries: 7608 >: R@1: 86.6, R@5: 95.3, R@10: 97.1, R@20: 98.4
2022-02-07 11:36:36   Improved: previous best R@5 = 95.1, current R@5 = 95.3
2022-02-07 11:36:37   Start training epoch: 11
2022-02-07 12:01:11   Arguments: Namespace(att='default', aug_prob=0.5, cache_refresh_rate=1000, colab_folder='Netvlad_Adam_000001', data_aug=None, dataset_name='pitts30k', datasets_folder='/content/', device='cuda', epochs_num=50, exp_name='default', infer_batch_size=16, lr=1e-06, margin=0.1, neg_samples_num=1000, negs_num_per_query=10, num_clusters=64, num_workers=8, optimizer='adam', output_folder='drive/MyDrive/Netvlad_Adam_000001', patience=3, queries_per_epoch=5000, recall_values=[1, 5, 10, 20], seed=0, train_batch_size=4, train_positives_dist_threshold=10, type='NETVLAD', val_positive_dist_threshold=25)
2022-02-07 12:01:11   The outputs are being saved in drive/MyDrive/Netvlad_Adam_000001
2022-02-07 12:01:11   Using 1 GPUs and 2 CPUs
2022-02-07 12:01:12   There are 96 queries without any positives within the training set. They won't be considered as they're useless for training.
2022-02-07 12:01:12   Train query set: < TripletsDataset, pitts30k - #database: 10000; #queries: 7320 >
2022-02-07 12:01:12   Val set: < BaseDataset, pitts30k - #database: 10000; #queries: 7608 >
2022-02-07 12:01:14   Output dimension of the model is 16384
2022-02-07 12:01:18   Start training epoch: 11
2022-02-07 13:04:56   Finished epoch 11 in 1:03:37, average epoch triplet loss = 0.0209
2022-02-07 13:11:56   Recalls on val set < BaseDataset, pitts30k - #database: 10000; #queries: 7608 >: R@1: 86.6, R@5: 95.2, R@10: 97.1, R@20: 98.3
2022-02-07 13:11:56   Not improved: 1 / 3: best R@5 = 95.3, current R@5 = 95.2
2022-02-07 13:11:56   Start training epoch: 12
2022-02-07 14:20:41   Arguments: Namespace(att='default', aug_prob=0.5, cache_refresh_rate=1000, colab_folder='Netvlad_Adam_000001', data_aug=None, dataset_name='pitts30k', datasets_folder='/content/', device='cuda', epochs_num=50, exp_name='default', infer_batch_size=16, lr=1e-06, margin=0.1, neg_samples_num=1000, negs_num_per_query=10, num_clusters=64, num_workers=8, optimizer='adam', output_folder='drive/MyDrive/Netvlad_Adam_000001', patience=3, queries_per_epoch=5000, recall_values=[1, 5, 10, 20], seed=0, train_batch_size=4, train_positives_dist_threshold=10, type='NETVLAD', val_positive_dist_threshold=25)
2022-02-07 14:20:41   The outputs are being saved in drive/MyDrive/Netvlad_Adam_000001
2022-02-07 14:20:41   Using 1 GPUs and 2 CPUs
2022-02-07 14:20:42   There are 96 queries without any positives within the training set. They won't be considered as they're useless for training.
2022-02-07 14:20:42   Train query set: < TripletsDataset, pitts30k - #database: 10000; #queries: 7320 >
2022-02-07 14:20:42   Val set: < BaseDataset, pitts30k - #database: 10000; #queries: 7608 >
2022-02-07 14:20:44   Output dimension of the model is 16384
2022-02-07 14:20:47   Start training epoch: 12
2022-02-07 15:23:31   Finished epoch 12 in 1:02:44, average epoch triplet loss = 0.0200
2022-02-07 15:30:23   Recalls on val set < BaseDataset, pitts30k - #database: 10000; #queries: 7608 >: R@1: 86.8, R@5: 95.2, R@10: 97.1, R@20: 98.3
2022-02-07 15:30:23   Not improved: 2 / 3: best R@5 = 95.3, current R@5 = 95.2
2022-02-07 15:30:23   Start training epoch: 13
2022-02-07 16:35:01   Finished epoch 13 in 1:04:38, average epoch triplet loss = 0.0229
2022-02-07 16:41:58   Recalls on val set < BaseDataset, pitts30k - #database: 10000; #queries: 7608 >: R@1: 87.3, R@5: 95.6, R@10: 97.3, R@20: 98.4
2022-02-07 16:41:58   Improved: previous best R@5 = 95.3, current R@5 = 95.6
2022-02-07 16:42:00   Start training epoch: 14
2022-02-07 17:46:28   Finished epoch 14 in 1:04:27, average epoch triplet loss = 0.0242
2022-02-07 17:53:22   Recalls on val set < BaseDataset, pitts30k - #database: 10000; #queries: 7608 >: R@1: 87.3, R@5: 95.5, R@10: 97.4, R@20: 98.5
2022-02-07 17:53:22   Not improved: 1 / 3: best R@5 = 95.6, current R@5 = 95.5
2022-02-07 17:53:23   Start training epoch: 15
2022-02-07 18:25:18   Arguments: Namespace(att='default', aug_prob=0.5, cache_refresh_rate=1000, colab_folder='Netvlad_Adam_000001', data_aug=None, dataset_name='pitts30k', datasets_folder='/content/', device='cuda', epochs_num=50, exp_name='default', infer_batch_size=16, lr=1e-06, margin=0.1, neg_samples_num=1000, negs_num_per_query=10, num_clusters=64, num_workers=8, optimizer='adam', output_folder='drive/MyDrive/Netvlad_Adam_000001', patience=3, queries_per_epoch=5000, recall_values=[1, 5, 10, 20], seed=0, train_batch_size=4, train_positives_dist_threshold=10, type='NETVLAD', val_positive_dist_threshold=25)
2022-02-07 18:25:19   The outputs are being saved in drive/MyDrive/Netvlad_Adam_000001
2022-02-07 18:25:19   Using 1 GPUs and 2 CPUs
2022-02-07 18:25:19   There are 96 queries without any positives within the training set. They won't be considered as they're useless for training.
2022-02-07 18:25:19   Train query set: < TripletsDataset, pitts30k - #database: 10000; #queries: 7320 >
2022-02-07 18:25:19   Val set: < BaseDataset, pitts30k - #database: 10000; #queries: 7608 >
2022-02-07 18:25:23   Output dimension of the model is 16384
2022-02-07 18:25:36   Arguments: Namespace(att='default', aug_prob=0.5, cache_refresh_rate=1000, colab_folder='Netvlad_Adam_000001', data_aug=None, dataset_name='pitts30k', datasets_folder='/content/', device='cuda', epochs_num=50, exp_name='default', infer_batch_size=16, lr=1e-06, margin=0.1, neg_samples_num=1000, negs_num_per_query=10, num_clusters=64, num_workers=8, optimizer='adam', output_folder='drive/MyDrive/Netvlad_Adam_000001', patience=3, queries_per_epoch=5000, recall_values=[1, 5, 10, 20], seed=0, train_batch_size=4, train_positives_dist_threshold=10, type='NETVLAD', val_positive_dist_threshold=25)
2022-02-07 18:25:36   The outputs are being saved in drive/MyDrive/Netvlad_Adam_000001
2022-02-07 18:25:36   Using 1 GPUs and 2 CPUs
2022-02-07 18:25:37   There are 96 queries without any positives within the training set. They won't be considered as they're useless for training.
2022-02-07 18:25:37   Train query set: < TripletsDataset, pitts30k - #database: 10000; #queries: 7320 >
2022-02-07 18:25:37   Val set: < BaseDataset, pitts30k - #database: 10000; #queries: 7608 >
2022-02-07 18:25:40   Output dimension of the model is 16384
2022-02-07 18:25:42   Start training epoch: 15
2022-02-07 18:57:41   Finished epoch 15 in 0:31:59, average epoch triplet loss = 0.0183
2022-02-07 19:01:49   Recalls on val set < BaseDataset, pitts30k - #database: 10000; #queries: 7608 >: R@1: 87.3, R@5: 95.5, R@10: 97.2, R@20: 98.4
2022-02-07 19:01:49   Not improved: 2 / 3: best R@5 = 95.6, current R@5 = 95.5
2022-02-07 19:01:50   Start training epoch: 16
2022-02-07 19:38:08   Finished epoch 16 in 0:36:18, average epoch triplet loss = 0.0212
2022-02-07 19:42:04   Recalls on val set < BaseDataset, pitts30k - #database: 10000; #queries: 7608 >: R@1: 87.5, R@5: 95.7, R@10: 97.4, R@20: 98.6
2022-02-07 19:42:04   Improved: previous best R@5 = 95.6, current R@5 = 95.7
2022-02-07 19:42:05   Start training epoch: 17
2022-02-08 08:28:49   Arguments: Namespace(att='default', aug_prob=0.5, cache_refresh_rate=1000, colab_folder='Netvlad_Adam_000001', data_aug=None, dataset_name='pitts30k', datasets_folder='/content/', device='cuda', epochs_num=50, exp_name='default', infer_batch_size=16, lr=1e-06, margin=0.1, neg_samples_num=1000, negs_num_per_query=10, num_clusters=64, num_workers=8, optimizer='adam', output_folder='drive/MyDrive/Netvlad_Adam_000001', patience=3, queries_per_epoch=5000, recall_values=[1, 5, 10, 20], seed=0, train_batch_size=4, train_positives_dist_threshold=10, type='NETVLAD', val_positive_dist_threshold=25)
2022-02-08 08:28:49   The outputs are being saved in drive/MyDrive/Netvlad_Adam_000001
2022-02-08 08:28:49   Using 1 GPUs and 2 CPUs
2022-02-08 08:28:49   There are 96 queries without any positives within the training set. They won't be considered as they're useless for training.
2022-02-08 08:28:49   Train query set: < TripletsDataset, pitts30k - #database: 10000; #queries: 7320 >
2022-02-08 08:28:50   Val set: < BaseDataset, pitts30k - #database: 10000; #queries: 7608 >
2022-02-08 08:28:52   Output dimension of the model is 16384
2022-02-08 08:28:55   Start training epoch: 17
2022-02-08 08:34:02   
Traceback (most recent call last):
  File "project_vg/train.py", line 173, in <module>
    batch_loss = loss_triplet.item()
KeyboardInterrupt

2022-02-08 08:34:16   Arguments: Namespace(att='default', aug_prob=0.5, cache_refresh_rate=1000, colab_folder='Netvlad_Adam_000001', data_aug=None, dataset_name='pitts30k', datasets_folder='/content/', device='cuda', epochs_num=20, exp_name='default', infer_batch_size=16, lr=1e-06, margin=0.1, neg_samples_num=1000, negs_num_per_query=10, num_clusters=64, num_workers=8, optimizer='adam', output_folder='drive/MyDrive/Netvlad_Adam_000001', patience=3, queries_per_epoch=5000, recall_values=[1, 5, 10, 20], seed=0, train_batch_size=4, train_positives_dist_threshold=10, type='NETVLAD', val_positive_dist_threshold=25)
2022-02-08 08:34:16   The outputs are being saved in drive/MyDrive/Netvlad_Adam_000001
2022-02-08 08:34:16   Using 1 GPUs and 2 CPUs
2022-02-08 08:34:17   There are 96 queries without any positives within the training set. They won't be considered as they're useless for training.
2022-02-08 08:34:17   Train query set: < TripletsDataset, pitts30k - #database: 10000; #queries: 7320 >
2022-02-08 08:34:17   Val set: < BaseDataset, pitts30k - #database: 10000; #queries: 7608 >
2022-02-08 08:34:19   Output dimension of the model is 16384
2022-02-08 08:34:20   Start training epoch: 17
2022-02-08 09:37:02   Finished epoch 17 in 1:02:42, average epoch triplet loss = 0.0172
2022-02-08 09:43:55   Recalls on val set < BaseDataset, pitts30k - #database: 10000; #queries: 7608 >: R@1: 87.6, R@5: 95.5, R@10: 97.2, R@20: 98.4
2022-02-08 09:43:55   Not improved: 1 / 3: best R@5 = 95.7, current R@5 = 95.5
2022-02-08 09:43:56   Start training epoch: 18
2022-02-08 10:47:48   Finished epoch 18 in 1:03:51, average epoch triplet loss = 0.0200
2022-02-08 10:54:39   Recalls on val set < BaseDataset, pitts30k - #database: 10000; #queries: 7608 >: R@1: 87.8, R@5: 95.7, R@10: 97.4, R@20: 98.6
2022-02-08 10:54:39   Improved: previous best R@5 = 95.7, current R@5 = 95.7
2022-02-08 10:54:41   Start training epoch: 19
2022-02-08 11:58:52   Finished epoch 19 in 1:04:11, average epoch triplet loss = 0.0217
2022-02-08 12:05:43   Recalls on val set < BaseDataset, pitts30k - #database: 10000; #queries: 7608 >: R@1: 87.8, R@5: 95.8, R@10: 97.4, R@20: 98.6
2022-02-08 12:05:43   Improved: previous best R@5 = 95.7, current R@5 = 95.8
2022-02-08 12:05:44   Best R@5: 95.8
2022-02-08 12:05:44   Trained for 20 epochs, in total in 3:31:27
2022-02-08 12:05:44   Test set: < BaseDataset, pitts30k - #database: 10000; #queries: 6816 >
2022-02-08 12:13:44   Recalls on < BaseDataset, pitts30k - #database: 10000; #queries: 6816 >: R@1: 86.3, R@5: 93.0, R@10: 94.9, R@20: 96.3
2022-02-08 12:13:44   Test set: < BaseDataset, st_lucia - #database: 1549; #queries: 1464 >
2022-02-08 12:15:03   Recalls on < BaseDataset, st_lucia - #database: 1549; #queries: 1464 >: R@1: 55.4, R@5: 70.4, R@10: 76.8, R@20: 82.4
