2022-01-25 11:12:04   Arguments: Namespace(aug_prob=0.5, cache_refresh_rate=1000, colab_folder='Netvlad_CS-HF', data_aug='CS-HF', dataset_name='pitts30k', datasets_folder='/content/', device='cuda', epochs_num=50, exp_name='default', infer_batch_size=16, lr=1e-05, margin=0.1, neg_samples_num=1000, negs_num_per_query=10, num_clusters=64, num_workers=8, output_folder='drive/MyDrive/Netvlad_CS-HF', patience=3, queries_per_epoch=5000, recall_values=[1, 5, 10, 20], seed=0, train_batch_size=4, train_positives_dist_threshold=10, type='NETVLAD', val_positive_dist_threshold=25)
2022-01-25 11:12:04   The outputs are being saved in drive/MyDrive/Netvlad_CS-HF
2022-01-25 11:12:04   Using 1 GPUs and 2 CPUs
2022-01-25 11:12:04   Loading dataset Pitts30k from folder /content/
2022-01-25 11:12:04   There are 96 queries without any positives within the training set. They won't be considered as they're useless for training.
2022-01-25 11:12:04   Train query set: < TripletsDataset, pitts30k - #database: 10000; #queries: 7320 >
2022-01-25 11:12:04   Val set: < BaseDataset, pitts30k - #database: 10000; #queries: 7608 >
2022-01-25 11:12:05   Train only conv4 of the ResNet-18 (remove conv5), freeze the previous ones
2022-01-25 11:12:05   Using NetVlad network
2022-01-25 11:12:07   Output dimension of the model is 16384
2022-01-25 11:12:07   Patience: 3
2022-01-25 11:12:07   not improved num: 0
2022-01-25 11:12:07   Start training epoch: 00
2022-01-25 11:12:07   Cache: 0 / 5
2022-01-25 11:24:07   Epoch[00](0/5): current batch triplet loss = 0.0743, average epoch triplet loss = 0.0878
2022-01-25 11:24:07   Cache: 1 / 5
2022-01-25 11:36:28   Epoch[00](1/5): current batch triplet loss = 0.0845, average epoch triplet loss = 0.0874
2022-01-25 11:36:28   Cache: 2 / 5
2022-01-25 11:48:43   Epoch[00](2/5): current batch triplet loss = 0.0976, average epoch triplet loss = 0.0870
2022-01-25 11:48:43   Cache: 3 / 5
2022-01-25 12:01:07   Epoch[00](3/5): current batch triplet loss = 0.1008, average epoch triplet loss = 0.0860
2022-01-25 12:01:07   Cache: 4 / 5
2022-01-25 12:13:38   Epoch[00](4/5): current batch triplet loss = 0.1072, average epoch triplet loss = 0.0854
2022-01-25 12:13:38   Finished epoch 00 in 1:01:31, average epoch triplet loss = 0.0854
2022-01-25 12:13:38   Extracting database features for evaluation/testing
2022-01-25 12:16:57   Extracting queries features for evaluation/testing
2022-01-25 12:19:29   Calculating recalls
2022-01-25 12:20:12   Recalls on val set < BaseDataset, pitts30k - #database: 10000; #queries: 7608 >: R@1: 74.5, R@5: 88.4, R@10: 92.2, R@20: 95.2
2022-01-25 12:20:12   Improved: previous best R@5 = 0.0, current R@5 = 88.4
2022-01-25 12:20:12   Start training epoch: 01
2022-01-25 12:20:12   Cache: 0 / 5
2022-01-25 12:34:09   Epoch[01](0/5): current batch triplet loss = 0.0826, average epoch triplet loss = 0.0816
2022-01-25 12:34:09   Cache: 1 / 5
2022-01-25 12:47:04   Epoch[01](1/5): current batch triplet loss = 0.0562, average epoch triplet loss = 0.0804
2022-01-25 12:47:04   Cache: 2 / 5
2022-01-25 13:00:11   Epoch[01](2/5): current batch triplet loss = 0.0966, average epoch triplet loss = 0.0805
2022-01-25 13:00:11   Cache: 3 / 5
2022-01-25 13:13:05   Epoch[01](3/5): current batch triplet loss = 0.0719, average epoch triplet loss = 0.0800
2022-01-25 13:13:05   Cache: 4 / 5
2022-01-25 13:26:09   Epoch[01](4/5): current batch triplet loss = 0.0842, average epoch triplet loss = 0.0797
2022-01-25 13:26:09   Finished epoch 01 in 1:05:56, average epoch triplet loss = 0.0797
2022-01-25 13:26:09   Extracting database features for evaluation/testing
2022-01-25 13:29:29   Extracting queries features for evaluation/testing
2022-01-25 13:32:01   Calculating recalls
2022-01-25 13:32:42   Recalls on val set < BaseDataset, pitts30k - #database: 10000; #queries: 7608 >: R@1: 78.1, R@5: 90.0, R@10: 93.5, R@20: 95.8
2022-01-25 13:32:42   Improved: previous best R@5 = 88.4, current R@5 = 90.0
2022-01-25 13:32:43   Start training epoch: 02
2022-01-25 13:32:43   Cache: 0 / 5
2022-01-25 13:45:57   Epoch[02](0/5): current batch triplet loss = 0.0904, average epoch triplet loss = 0.0773
2022-01-25 13:45:57   Cache: 1 / 5
2022-01-25 13:58:25   Epoch[02](1/5): current batch triplet loss = 0.0775, average epoch triplet loss = 0.0775
2022-01-25 13:58:25   Cache: 2 / 5
2022-01-25 14:10:51   Epoch[02](2/5): current batch triplet loss = 0.0502, average epoch triplet loss = 0.0773
2022-01-25 14:10:51   Cache: 3 / 5
2022-01-25 14:23:41   Epoch[02](3/5): current batch triplet loss = 0.0524, average epoch triplet loss = 0.0768
2022-01-25 14:23:41   Cache: 4 / 5
2022-01-25 14:36:26   Epoch[02](4/5): current batch triplet loss = 0.0737, average epoch triplet loss = 0.0765
2022-01-25 14:36:26   Finished epoch 02 in 1:03:43, average epoch triplet loss = 0.0765
2022-01-25 14:36:26   Extracting database features for evaluation/testing
2022-01-25 14:39:45   Extracting queries features for evaluation/testing
2022-01-25 14:42:17   Calculating recalls
2022-01-25 14:42:58   Recalls on val set < BaseDataset, pitts30k - #database: 10000; #queries: 7608 >: R@1: 79.3, R@5: 90.5, R@10: 93.6, R@20: 95.7
2022-01-25 14:42:58   Improved: previous best R@5 = 90.0, current R@5 = 90.5
2022-01-25 14:42:59   Start training epoch: 03
2022-01-25 14:42:59   Cache: 0 / 5
2022-01-25 14:56:30   Epoch[03](0/5): current batch triplet loss = 0.0722, average epoch triplet loss = 0.0723
2022-01-25 14:56:30   Cache: 1 / 5
2022-01-25 15:08:57   Epoch[03](1/5): current batch triplet loss = 0.0782, average epoch triplet loss = 0.0733
2022-01-25 15:08:57   Cache: 2 / 5
2022-01-25 15:21:42   Epoch[03](2/5): current batch triplet loss = 0.0579, average epoch triplet loss = 0.0732
2022-01-25 15:21:42   Cache: 3 / 5
2022-01-25 15:34:38   Epoch[03](3/5): current batch triplet loss = 0.1000, average epoch triplet loss = 0.0730
2022-01-25 15:34:38   Cache: 4 / 5
2022-01-25 15:47:26   Epoch[03](4/5): current batch triplet loss = 0.0830, average epoch triplet loss = 0.0728
2022-01-25 15:47:26   Finished epoch 03 in 1:04:27, average epoch triplet loss = 0.0728
2022-01-25 15:47:26   Extracting database features for evaluation/testing
2022-01-25 15:50:44   Extracting queries features for evaluation/testing
2022-01-25 15:53:15   Calculating recalls
2022-01-25 15:53:59   Recalls on val set < BaseDataset, pitts30k - #database: 10000; #queries: 7608 >: R@1: 79.7, R@5: 90.9, R@10: 93.6, R@20: 95.7
2022-01-25 15:53:59   Improved: previous best R@5 = 90.5, current R@5 = 90.9
2022-01-25 15:54:00   Start training epoch: 04
2022-01-25 15:54:00   Cache: 0 / 5
2022-01-25 16:07:21   Epoch[04](0/5): current batch triplet loss = 0.0471, average epoch triplet loss = 0.0721
2022-01-25 16:07:21   Cache: 1 / 5
2022-01-25 16:19:46   Epoch[04](1/5): current batch triplet loss = 0.0748, average epoch triplet loss = 0.0714
2022-01-25 16:19:46   Cache: 2 / 5
2022-01-25 16:32:08   Epoch[04](2/5): current batch triplet loss = 0.0675, average epoch triplet loss = 0.0712
2022-01-25 16:32:08   Cache: 3 / 5
2022-01-25 16:44:51   Epoch[04](3/5): current batch triplet loss = 0.0706, average epoch triplet loss = 0.0710
2022-01-25 16:44:51   Cache: 4 / 5
2022-01-25 16:57:21   Epoch[04](4/5): current batch triplet loss = 0.0639, average epoch triplet loss = 0.0709
2022-01-25 16:57:21   Finished epoch 04 in 1:03:20, average epoch triplet loss = 0.0709
2022-01-25 16:57:21   Extracting database features for evaluation/testing
2022-01-25 17:00:39   Extracting queries features for evaluation/testing
2022-01-25 17:03:10   Calculating recalls
2022-01-25 17:03:53   Recalls on val set < BaseDataset, pitts30k - #database: 10000; #queries: 7608 >: R@1: 80.1, R@5: 91.1, R@10: 93.9, R@20: 95.8
2022-01-25 17:03:53   Improved: previous best R@5 = 90.9, current R@5 = 91.1
2022-01-25 17:03:55   Start training epoch: 05
2022-01-25 17:03:55   Cache: 0 / 5
2022-01-25 17:17:12   Epoch[05](0/5): current batch triplet loss = 0.0483, average epoch triplet loss = 0.0690
2022-01-25 17:17:12   Cache: 1 / 5
2022-01-25 18:48:14   Arguments: Namespace(aug_prob=0.5, cache_refresh_rate=1000, colab_folder='Netvlad_CS-HF', data_aug='CS-HF', dataset_name='pitts30k', datasets_folder='/content/', device='cuda', epochs_num=50, exp_name='default', infer_batch_size=16, lr=1e-05, margin=0.1, neg_samples_num=1000, negs_num_per_query=10, num_clusters=64, num_workers=8, output_folder='drive/MyDrive/Netvlad_CS-HF', patience=3, queries_per_epoch=5000, recall_values=[1, 5, 10, 20], seed=0, train_batch_size=4, train_positives_dist_threshold=10, type='NETVLAD', val_positive_dist_threshold=25)
2022-01-25 18:48:15   The outputs are being saved in drive/MyDrive/Netvlad_CS-HF
2022-01-25 18:48:15   Using 1 GPUs and 2 CPUs
2022-01-25 18:48:15   Loading dataset Pitts30k from folder /content/
2022-01-25 18:48:15   There are 96 queries without any positives within the training set. They won't be considered as they're useless for training.
2022-01-25 18:48:15   Train query set: < TripletsDataset, pitts30k - #database: 10000; #queries: 7320 >
2022-01-25 18:48:15   Val set: < BaseDataset, pitts30k - #database: 10000; #queries: 7608 >
2022-01-25 18:48:16   Train only conv4 of the ResNet-18 (remove conv5), freeze the previous ones
2022-01-25 18:48:16   Using NetVlad network
2022-01-25 18:48:19   Output dimension of the model is 16384
2022-01-25 18:48:21   Patience: 3
2022-01-25 18:48:21   not improved num: 0
2022-01-25 18:48:21   Start training epoch: 05
2022-01-25 18:48:21   Cache: 0 / 5
2022-01-25 18:54:56   Epoch[05](0/5): current batch triplet loss = 0.0492, average epoch triplet loss = 0.0612
2022-01-25 18:54:56   Cache: 1 / 5
2022-01-25 19:01:32   Epoch[05](1/5): current batch triplet loss = 0.0680, average epoch triplet loss = 0.0607
2022-01-25 19:01:32   Cache: 2 / 5
2022-01-25 19:08:14   Epoch[05](2/5): current batch triplet loss = 0.0599, average epoch triplet loss = 0.0603
2022-01-25 19:08:14   Cache: 3 / 5
2022-01-25 19:15:16   Epoch[05](3/5): current batch triplet loss = 0.0852, average epoch triplet loss = 0.0599
2022-01-25 19:15:16   Cache: 4 / 5
2022-01-25 19:22:17   Epoch[05](4/5): current batch triplet loss = 0.0809, average epoch triplet loss = 0.0596
2022-01-25 19:22:17   Finished epoch 05 in 0:33:56, average epoch triplet loss = 0.0596
2022-01-25 19:22:17   Extracting database features for evaluation/testing
2022-01-25 19:24:09   Extracting queries features for evaluation/testing
2022-01-25 19:25:34   Calculating recalls
2022-01-25 19:26:08   Recalls on val set < BaseDataset, pitts30k - #database: 10000; #queries: 7608 >: R@1: 79.3, R@5: 90.3, R@10: 93.2, R@20: 95.3
2022-01-25 19:26:08   Not improved: 1 / 3: best R@5 = 91.1, current R@5 = 90.3
2022-01-25 19:26:08   Start training epoch: 06
2022-01-25 19:26:08   Cache: 0 / 5
2022-01-25 19:34:52   Epoch[06](0/5): current batch triplet loss = 0.0713, average epoch triplet loss = 0.0568
2022-01-25 19:34:52   Cache: 1 / 5
2022-01-25 19:42:16   Epoch[06](1/5): current batch triplet loss = 0.0393, average epoch triplet loss = 0.0569
2022-01-25 19:42:16   Cache: 2 / 5
2022-01-25 19:49:21   Epoch[06](2/5): current batch triplet loss = 0.0824, average epoch triplet loss = 0.0572
2022-01-25 19:49:21   Cache: 3 / 5
2022-01-25 19:56:48   Epoch[06](3/5): current batch triplet loss = 0.0670, average epoch triplet loss = 0.0572
2022-01-25 19:56:48   Cache: 4 / 5
2022-01-25 20:04:11   Epoch[06](4/5): current batch triplet loss = 0.0591, average epoch triplet loss = 0.0571
2022-01-25 20:04:11   Finished epoch 06 in 0:38:02, average epoch triplet loss = 0.0571
2022-01-25 20:04:11   Extracting database features for evaluation/testing
2022-01-25 20:06:08   Extracting queries features for evaluation/testing
2022-01-25 20:07:39   Calculating recalls
2022-01-25 20:08:11   Recalls on val set < BaseDataset, pitts30k - #database: 10000; #queries: 7608 >: R@1: 79.6, R@5: 90.5, R@10: 93.3, R@20: 95.6
2022-01-25 20:08:11   Not improved: 2 / 3: best R@5 = 91.1, current R@5 = 90.5
2022-01-25 20:08:11   Start training epoch: 07
2022-01-25 20:08:11   Cache: 0 / 5
2022-01-25 20:16:59   Epoch[07](0/5): current batch triplet loss = 0.0711, average epoch triplet loss = 0.0555
2022-01-25 20:16:59   Cache: 1 / 5
2022-01-25 20:24:48   Epoch[07](1/5): current batch triplet loss = 0.0471, average epoch triplet loss = 0.0557
2022-01-25 20:24:48   Cache: 2 / 5
2022-01-25 20:31:54   Epoch[07](2/5): current batch triplet loss = 0.0363, average epoch triplet loss = 0.0555
2022-01-25 20:31:54   Cache: 3 / 5
2022-01-25 20:39:31   Epoch[07](3/5): current batch triplet loss = 0.0397, average epoch triplet loss = 0.0551
2022-01-25 20:39:31   Cache: 4 / 5
2022-01-25 20:46:34   Epoch[07](4/5): current batch triplet loss = 0.0382, average epoch triplet loss = 0.0550
2022-01-25 20:46:34   Finished epoch 07 in 0:38:22, average epoch triplet loss = 0.0550
2022-01-25 20:46:34   Extracting database features for evaluation/testing
2022-01-25 20:48:29   Extracting queries features for evaluation/testing
2022-01-25 20:49:57   Calculating recalls
2022-01-25 20:50:28   Recalls on val set < BaseDataset, pitts30k - #database: 10000; #queries: 7608 >: R@1: 79.2, R@5: 90.3, R@10: 93.3, R@20: 95.4
2022-01-25 20:50:28   Not improved: 3 / 3: best R@5 = 91.1, current R@5 = 90.3
2022-01-25 20:50:28   Performance did not improve for 3 epochs. Stop training.
2022-01-25 20:50:28   Best R@5: 91.1
2022-01-25 20:50:28   Trained for 08 epochs, in total in 2:02:14
2022-01-25 20:50:29   Test set: < BaseDataset, pitts30k - #database: 10000; #queries: 6816 >
2022-01-25 20:50:29   Extracting database features for evaluation/testing
2022-01-25 20:54:31   Extracting queries features for evaluation/testing
2022-01-25 20:57:19   Calculating recalls
2022-01-25 20:57:47   Recalls on < BaseDataset, pitts30k - #database: 10000; #queries: 6816 >: R@1: 77.4, R@5: 89.1, R@10: 92.3, R@20: 94.8
2022-01-25 20:57:48   Test set: < BaseDataset, st_lucia - #database: 1549; #queries: 1464 >
2022-01-25 20:57:48   Extracting database features for evaluation/testing
2022-01-25 20:58:48   Extracting queries features for evaluation/testing
2022-01-25 20:59:41   Calculating recalls
2022-01-25 20:59:42   Recalls on < BaseDataset, st_lucia - #database: 1549; #queries: 1464 >: R@1: 51.5, R@5: 66.5, R@10: 73.0, R@20: 79.2
