2022-01-25 11:12:04   Arguments: Namespace(aug_prob=0.5, cache_refresh_rate=1000, colab_folder='Netvlad_CS-HF', data_aug='CS-HF', dataset_name='pitts30k', datasets_folder='/content/', device='cuda', epochs_num=50, exp_name='default', infer_batch_size=16, lr=1e-05, margin=0.1, neg_samples_num=1000, negs_num_per_query=10, num_clusters=64, num_workers=8, output_folder='drive/MyDrive/Netvlad_CS-HF', patience=3, queries_per_epoch=5000, recall_values=[1, 5, 10, 20], seed=0, train_batch_size=4, train_positives_dist_threshold=10, type='NETVLAD', val_positive_dist_threshold=25)
2022-01-25 11:12:04   The outputs are being saved in drive/MyDrive/Netvlad_CS-HF
2022-01-25 11:12:04   Using 1 GPUs and 2 CPUs
2022-01-25 11:12:04   There are 96 queries without any positives within the training set. They won't be considered as they're useless for training.
2022-01-25 11:12:04   Train query set: < TripletsDataset, pitts30k - #database: 10000; #queries: 7320 >
2022-01-25 11:12:04   Val set: < BaseDataset, pitts30k - #database: 10000; #queries: 7608 >
2022-01-25 11:12:07   Output dimension of the model is 16384
2022-01-25 11:12:07   Start training epoch: 00
2022-01-25 12:13:38   Finished epoch 00 in 1:01:31, average epoch triplet loss = 0.0854
2022-01-25 12:20:12   Recalls on val set < BaseDataset, pitts30k - #database: 10000; #queries: 7608 >: R@1: 74.5, R@5: 88.4, R@10: 92.2, R@20: 95.2
2022-01-25 12:20:12   Improved: previous best R@5 = 0.0, current R@5 = 88.4
2022-01-25 12:20:12   Start training epoch: 01
2022-01-25 13:26:09   Finished epoch 01 in 1:05:56, average epoch triplet loss = 0.0797
2022-01-25 13:32:42   Recalls on val set < BaseDataset, pitts30k - #database: 10000; #queries: 7608 >: R@1: 78.1, R@5: 90.0, R@10: 93.5, R@20: 95.8
2022-01-25 13:32:42   Improved: previous best R@5 = 88.4, current R@5 = 90.0
2022-01-25 13:32:43   Start training epoch: 02
2022-01-25 14:36:26   Finished epoch 02 in 1:03:43, average epoch triplet loss = 0.0765
2022-01-25 14:42:58   Recalls on val set < BaseDataset, pitts30k - #database: 10000; #queries: 7608 >: R@1: 79.3, R@5: 90.5, R@10: 93.6, R@20: 95.7
2022-01-25 14:42:58   Improved: previous best R@5 = 90.0, current R@5 = 90.5
2022-01-25 14:42:59   Start training epoch: 03
2022-01-25 15:47:26   Finished epoch 03 in 1:04:27, average epoch triplet loss = 0.0728
2022-01-25 15:53:59   Recalls on val set < BaseDataset, pitts30k - #database: 10000; #queries: 7608 >: R@1: 79.7, R@5: 90.9, R@10: 93.6, R@20: 95.7
2022-01-25 15:53:59   Improved: previous best R@5 = 90.5, current R@5 = 90.9
2022-01-25 15:54:00   Start training epoch: 04
2022-01-25 16:57:21   Finished epoch 04 in 1:03:20, average epoch triplet loss = 0.0709
2022-01-25 17:03:53   Recalls on val set < BaseDataset, pitts30k - #database: 10000; #queries: 7608 >: R@1: 80.1, R@5: 91.1, R@10: 93.9, R@20: 95.8
2022-01-25 17:03:53   Improved: previous best R@5 = 90.9, current R@5 = 91.1
2022-01-25 17:03:55   Start training epoch: 05
2022-01-25 18:48:14   Arguments: Namespace(aug_prob=0.5, cache_refresh_rate=1000, colab_folder='Netvlad_CS-HF', data_aug='CS-HF', dataset_name='pitts30k', datasets_folder='/content/', device='cuda', epochs_num=50, exp_name='default', infer_batch_size=16, lr=1e-05, margin=0.1, neg_samples_num=1000, negs_num_per_query=10, num_clusters=64, num_workers=8, output_folder='drive/MyDrive/Netvlad_CS-HF', patience=3, queries_per_epoch=5000, recall_values=[1, 5, 10, 20], seed=0, train_batch_size=4, train_positives_dist_threshold=10, type='NETVLAD', val_positive_dist_threshold=25)
2022-01-25 18:48:15   The outputs are being saved in drive/MyDrive/Netvlad_CS-HF
2022-01-25 18:48:15   Using 1 GPUs and 2 CPUs
2022-01-25 18:48:15   There are 96 queries without any positives within the training set. They won't be considered as they're useless for training.
2022-01-25 18:48:15   Train query set: < TripletsDataset, pitts30k - #database: 10000; #queries: 7320 >
2022-01-25 18:48:15   Val set: < BaseDataset, pitts30k - #database: 10000; #queries: 7608 >
2022-01-25 18:48:19   Output dimension of the model is 16384
2022-01-25 18:48:21   Start training epoch: 05
2022-01-25 19:22:17   Finished epoch 05 in 0:33:56, average epoch triplet loss = 0.0596
2022-01-25 19:26:08   Recalls on val set < BaseDataset, pitts30k - #database: 10000; #queries: 7608 >: R@1: 79.3, R@5: 90.3, R@10: 93.2, R@20: 95.3
2022-01-25 19:26:08   Not improved: 1 / 3: best R@5 = 91.1, current R@5 = 90.3
2022-01-25 19:26:08   Start training epoch: 06
2022-01-25 20:04:11   Finished epoch 06 in 0:38:02, average epoch triplet loss = 0.0571
2022-01-25 20:08:11   Recalls on val set < BaseDataset, pitts30k - #database: 10000; #queries: 7608 >: R@1: 79.6, R@5: 90.5, R@10: 93.3, R@20: 95.6
2022-01-25 20:08:11   Not improved: 2 / 3: best R@5 = 91.1, current R@5 = 90.5
2022-01-25 20:08:11   Start training epoch: 07
2022-01-25 20:46:34   Finished epoch 07 in 0:38:22, average epoch triplet loss = 0.0550
2022-01-25 20:50:28   Recalls on val set < BaseDataset, pitts30k - #database: 10000; #queries: 7608 >: R@1: 79.2, R@5: 90.3, R@10: 93.3, R@20: 95.4
2022-01-25 20:50:28   Not improved: 3 / 3: best R@5 = 91.1, current R@5 = 90.3
2022-01-25 20:50:28   Performance did not improve for 3 epochs. Stop training.
2022-01-25 20:50:28   Best R@5: 91.1
2022-01-25 20:50:28   Trained for 08 epochs, in total in 2:02:14
2022-01-25 20:50:29   Test set: < BaseDataset, pitts30k - #database: 10000; #queries: 6816 >
2022-01-25 20:57:47   Recalls on < BaseDataset, pitts30k - #database: 10000; #queries: 6816 >: R@1: 77.4, R@5: 89.1, R@10: 92.3, R@20: 94.8
2022-01-25 20:57:48   Test set: < BaseDataset, st_lucia - #database: 1549; #queries: 1464 >
2022-01-25 20:59:42   Recalls on < BaseDataset, st_lucia - #database: 1549; #queries: 1464 >: R@1: 51.5, R@5: 66.5, R@10: 73.0, R@20: 79.2
