2022-02-02 14:39:01   Arguments: Namespace(aug_prob=0.5, cache_refresh_rate=1000, colab_folder='Netvlad_SGD', data_aug=None, dataset_name='pitts30k', datasets_folder='/content/', device='cuda', epochs_num=50, exp_name='default', infer_batch_size=16, lr=1e-05, margin=0.1, neg_samples_num=1000, negs_num_per_query=10, num_clusters=64, num_workers=8, optimizer='SGD', output_folder='drive/MyDrive/Netvlad_SGD', patience=3, queries_per_epoch=5000, recall_values=[1, 5, 10, 20], seed=0, train_batch_size=4, train_positives_dist_threshold=10, type='NETVLAD', val_positive_dist_threshold=25)
2022-02-02 14:39:01   The outputs are being saved in drive/MyDrive/Netvlad_SGD
2022-02-02 14:39:01   Using 1 GPUs and 2 CPUs
2022-02-02 14:39:02   There are 96 queries without any positives within the training set. They won't be considered as they're useless for training.
2022-02-02 14:39:02   Train query set: < TripletsDataset, pitts30k - #database: 10000; #queries: 7320 >
2022-02-02 14:39:02   Val set: < BaseDataset, pitts30k - #database: 10000; #queries: 7608 >
2022-02-02 14:39:05   Output dimension of the model is 16384
2022-02-02 14:39:05   Start training epoch: 00
2022-02-02 15:11:19   Finished epoch 00 in 0:32:13, average epoch triplet loss = 0.0518
2022-02-02 15:15:11   Recalls on val set < BaseDataset, pitts30k - #database: 10000; #queries: 7608 >: R@1: 62.8, R@5: 79.7, R@10: 84.6, R@20: 88.9
2022-02-02 15:15:11   Improved: previous best R@5 = 0.0, current R@5 = 79.7
2022-02-02 15:15:11   Start training epoch: 01
2022-02-02 15:47:48   Finished epoch 01 in 0:32:37, average epoch triplet loss = 0.0549
2022-02-02 15:51:41   Recalls on val set < BaseDataset, pitts30k - #database: 10000; #queries: 7608 >: R@1: 63.2, R@5: 79.6, R@10: 84.8, R@20: 89.0
2022-02-02 15:51:41   Not improved: 1 / 3: best R@5 = 79.7, current R@5 = 79.6
2022-02-02 15:51:41   Start training epoch: 02
2022-02-02 16:24:20   Finished epoch 02 in 0:32:39, average epoch triplet loss = 0.0567
2022-02-02 16:28:14   Recalls on val set < BaseDataset, pitts30k - #database: 10000; #queries: 7608 >: R@1: 64.7, R@5: 81.4, R@10: 86.2, R@20: 90.4
2022-02-02 16:28:14   Improved: previous best R@5 = 79.7, current R@5 = 81.4
2022-02-02 16:28:14   Start training epoch: 03
2022-02-02 17:01:02   Finished epoch 03 in 0:32:48, average epoch triplet loss = 0.0573
2022-02-02 17:04:55   Recalls on val set < BaseDataset, pitts30k - #database: 10000; #queries: 7608 >: R@1: 68.1, R@5: 83.8, R@10: 88.4, R@20: 92.0
2022-02-02 17:04:55   Improved: previous best R@5 = 81.4, current R@5 = 83.8
2022-02-02 17:04:55   Start training epoch: 04
2022-02-02 17:37:37   Finished epoch 04 in 0:32:41, average epoch triplet loss = 0.0584
2022-02-02 17:41:30   Recalls on val set < BaseDataset, pitts30k - #database: 10000; #queries: 7608 >: R@1: 68.5, R@5: 83.9, R@10: 88.3, R@20: 92.0
2022-02-02 17:41:30   Improved: previous best R@5 = 83.8, current R@5 = 83.9
2022-02-02 17:41:30   Start training epoch: 05
2022-02-02 18:14:25   Finished epoch 05 in 0:32:54, average epoch triplet loss = 0.0589
2022-02-02 18:18:21   Recalls on val set < BaseDataset, pitts30k - #database: 10000; #queries: 7608 >: R@1: 69.0, R@5: 84.5, R@10: 88.9, R@20: 92.7
2022-02-02 18:18:21   Improved: previous best R@5 = 83.9, current R@5 = 84.5
2022-02-02 18:18:22   Start training epoch: 06
2022-02-02 18:51:14   Finished epoch 06 in 0:32:52, average epoch triplet loss = 0.0590
2022-02-02 18:55:08   Recalls on val set < BaseDataset, pitts30k - #database: 10000; #queries: 7608 >: R@1: 70.1, R@5: 85.1, R@10: 89.2, R@20: 93.0
2022-02-02 18:55:08   Improved: previous best R@5 = 84.5, current R@5 = 85.1
2022-02-02 18:55:09   Start training epoch: 07
2022-02-02 19:28:09   Finished epoch 07 in 0:32:59, average epoch triplet loss = 0.0592
2022-02-02 19:32:02   Recalls on val set < BaseDataset, pitts30k - #database: 10000; #queries: 7608 >: R@1: 71.6, R@5: 86.1, R@10: 90.1, R@20: 93.4
2022-02-02 19:32:02   Improved: previous best R@5 = 85.1, current R@5 = 86.1
2022-02-02 19:32:02   Start training epoch: 08
2022-02-02 20:05:02   Finished epoch 08 in 0:33:00, average epoch triplet loss = 0.0595
2022-02-02 20:08:57   Recalls on val set < BaseDataset, pitts30k - #database: 10000; #queries: 7608 >: R@1: 72.5, R@5: 86.9, R@10: 91.0, R@20: 94.1
2022-02-02 20:08:57   Improved: previous best R@5 = 86.1, current R@5 = 86.9
2022-02-02 20:08:57   Start training epoch: 09
2022-02-02 20:41:43   Finished epoch 09 in 0:32:45, average epoch triplet loss = 0.0593
2022-02-02 20:45:45   Recalls on val set < BaseDataset, pitts30k - #database: 10000; #queries: 7608 >: R@1: 72.2, R@5: 86.7, R@10: 90.7, R@20: 93.9
2022-02-02 20:45:45   Not improved: 1 / 3: best R@5 = 86.9, current R@5 = 86.7
2022-02-02 20:45:45   Start training epoch: 10
2022-02-03 08:43:56   Arguments: Namespace(aug_prob=0.5, cache_refresh_rate=1000, colab_folder='Netvlad_SGD', data_aug=None, dataset_name='pitts30k', datasets_folder='/content/', device='cuda', epochs_num=50, exp_name='default', infer_batch_size=16, lr=1e-05, margin=0.1, neg_samples_num=1000, negs_num_per_query=10, num_clusters=64, num_workers=8, optimizer='SGD', output_folder='drive/MyDrive/Netvlad_SGD', patience=3, queries_per_epoch=5000, recall_values=[1, 5, 10, 20], seed=0, train_batch_size=4, train_positives_dist_threshold=10, type='NETVLAD', val_positive_dist_threshold=25)
2022-02-03 08:43:58   The outputs are being saved in drive/MyDrive/Netvlad_SGD
2022-02-03 08:43:58   Using 1 GPUs and 2 CPUs
2022-02-03 08:43:58   There are 96 queries without any positives within the training set. They won't be considered as they're useless for training.
2022-02-03 08:43:58   Train query set: < TripletsDataset, pitts30k - #database: 10000; #queries: 7320 >
2022-02-03 08:43:58   Val set: < BaseDataset, pitts30k - #database: 10000; #queries: 7608 >
2022-02-03 08:44:00   Output dimension of the model is 16384
2022-02-03 08:44:08   Start training epoch: 10
2022-02-03 09:48:04   Finished epoch 10 in 1:03:56, average epoch triplet loss = 0.0422
2022-02-03 09:55:03   Recalls on val set < BaseDataset, pitts30k - #database: 10000; #queries: 7608 >: R@1: 73.3, R@5: 87.3, R@10: 91.5, R@20: 94.4
2022-02-03 09:55:03   Improved: previous best R@5 = 86.9, current R@5 = 87.3
2022-02-03 09:55:07   Start training epoch: 11
2022-02-03 11:00:30   Finished epoch 11 in 1:05:22, average epoch triplet loss = 0.0452
2022-02-03 11:07:32   Recalls on val set < BaseDataset, pitts30k - #database: 10000; #queries: 7608 >: R@1: 73.4, R@5: 87.5, R@10: 91.3, R@20: 94.4
2022-02-03 11:07:32   Improved: previous best R@5 = 87.3, current R@5 = 87.5
2022-02-03 11:07:32   Start training epoch: 12
2022-02-03 12:12:58   Finished epoch 12 in 1:05:25, average epoch triplet loss = 0.0477
2022-02-03 12:20:01   Recalls on val set < BaseDataset, pitts30k - #database: 10000; #queries: 7608 >: R@1: 73.9, R@5: 87.8, R@10: 91.7, R@20: 94.8
2022-02-03 12:20:01   Improved: previous best R@5 = 87.5, current R@5 = 87.8
2022-02-03 12:20:02   Start training epoch: 13
2022-02-03 16:14:46   Arguments: Namespace(aug_prob=0.5, cache_refresh_rate=1000, colab_folder='Netvlad_SGD', data_aug=None, dataset_name='pitts30k', datasets_folder='/content/', device='cuda', epochs_num=50, exp_name='default', infer_batch_size=16, lr=1e-05, margin=0.1, neg_samples_num=1000, negs_num_per_query=10, num_clusters=64, num_workers=8, optimizer='SGD', output_folder='drive/MyDrive/Netvlad_SGD', patience=3, queries_per_epoch=5000, recall_values=[1, 5, 10, 20], seed=0, train_batch_size=4, train_positives_dist_threshold=10, type='NETVLAD', val_positive_dist_threshold=25)
2022-02-03 16:14:47   The outputs are being saved in drive/MyDrive/Netvlad_SGD
2022-02-03 16:14:47   Using 1 GPUs and 2 CPUs
2022-02-03 16:14:47   There are 96 queries without any positives within the training set. They won't be considered as they're useless for training.
2022-02-03 16:14:47   Train query set: < TripletsDataset, pitts30k - #database: 10000; #queries: 7320 >
2022-02-03 16:14:47   Val set: < BaseDataset, pitts30k - #database: 10000; #queries: 7608 >
2022-02-03 16:14:51   Output dimension of the model is 16384
2022-02-03 16:14:54   Start training epoch: 13
2022-02-03 16:47:42   Finished epoch 13 in 0:32:48, average epoch triplet loss = 0.0406
2022-02-03 16:51:49   Recalls on val set < BaseDataset, pitts30k - #database: 10000; #queries: 7608 >: R@1: 74.9, R@5: 88.6, R@10: 92.2, R@20: 95.1
2022-02-03 16:51:49   Improved: previous best R@5 = 87.8, current R@5 = 88.6
2022-02-03 16:51:50   Start training epoch: 14
2022-02-03 17:29:02   Finished epoch 14 in 0:37:12, average epoch triplet loss = 0.0437
2022-02-03 17:33:15   Recalls on val set < BaseDataset, pitts30k - #database: 10000; #queries: 7608 >: R@1: 75.1, R@5: 88.6, R@10: 92.3, R@20: 95.2
2022-02-03 17:33:15   Not improved: 1 / 3: best R@5 = 88.6, current R@5 = 88.6
2022-02-03 17:33:15   Start training epoch: 15
2022-02-03 18:10:16   Finished epoch 15 in 0:37:00, average epoch triplet loss = 0.0462
2022-02-03 18:14:27   Recalls on val set < BaseDataset, pitts30k - #database: 10000; #queries: 7608 >: R@1: 75.1, R@5: 88.7, R@10: 92.4, R@20: 95.2
2022-02-03 18:14:27   Improved: previous best R@5 = 88.6, current R@5 = 88.7
2022-02-03 18:14:28   Start training epoch: 16
2022-02-03 18:50:44   Finished epoch 16 in 0:36:16, average epoch triplet loss = 0.0472
2022-02-03 18:54:54   Recalls on val set < BaseDataset, pitts30k - #database: 10000; #queries: 7608 >: R@1: 76.9, R@5: 89.6, R@10: 93.2, R@20: 95.7
2022-02-03 18:54:54   Improved: previous best R@5 = 88.7, current R@5 = 89.6
2022-02-03 18:54:55   Start training epoch: 17
2022-02-03 19:31:33   Finished epoch 17 in 0:36:38, average epoch triplet loss = 0.0491
2022-02-03 19:35:40   Recalls on val set < BaseDataset, pitts30k - #database: 10000; #queries: 7608 >: R@1: 77.1, R@5: 89.9, R@10: 93.3, R@20: 95.8
2022-02-03 19:35:40   Improved: previous best R@5 = 89.6, current R@5 = 89.9
2022-02-03 19:35:41   Start training epoch: 18
2022-02-03 20:12:46   Finished epoch 18 in 0:37:04, average epoch triplet loss = 0.0503
2022-02-03 20:17:03   Recalls on val set < BaseDataset, pitts30k - #database: 10000; #queries: 7608 >: R@1: 77.1, R@5: 90.0, R@10: 93.3, R@20: 95.9
2022-02-03 20:17:03   Improved: previous best R@5 = 89.9, current R@5 = 90.0
2022-02-03 20:17:04   Start training epoch: 19
2022-02-04 09:06:04   Arguments: Namespace(aug_prob=0.5, cache_refresh_rate=1000, colab_folder='Netvlad_SGD', data_aug=None, dataset_name='pitts30k', datasets_folder='/content/', device='cuda', epochs_num=20, exp_name='default', infer_batch_size=16, lr=1e-05, margin=0.1, neg_samples_num=1000, negs_num_per_query=10, num_clusters=64, num_workers=8, optimizer='SGD', output_folder='drive/MyDrive/Netvlad_SGD', patience=3, queries_per_epoch=5000, recall_values=[1, 5, 10, 20], seed=0, train_batch_size=4, train_positives_dist_threshold=10, type='NETVLAD', val_positive_dist_threshold=25)
2022-02-04 09:06:04   The outputs are being saved in drive/MyDrive/Netvlad_SGD
2022-02-04 09:06:04   Using 1 GPUs and 2 CPUs
2022-02-04 09:06:05   There are 96 queries without any positives within the training set. They won't be considered as they're useless for training.
2022-02-04 09:06:05   Train query set: < TripletsDataset, pitts30k - #database: 10000; #queries: 7320 >
2022-02-04 09:06:05   Val set: < BaseDataset, pitts30k - #database: 10000; #queries: 7608 >
2022-02-04 09:06:08   Output dimension of the model is 16384
2022-02-04 09:06:10   Start training epoch: 19
2022-02-04 09:37:50   Finished epoch 19 in 0:31:39, average epoch triplet loss = 0.0382
2022-02-04 09:41:56   Recalls on val set < BaseDataset, pitts30k - #database: 10000; #queries: 7608 >: R@1: 77.4, R@5: 90.2, R@10: 93.3, R@20: 96.0
2022-02-04 09:41:56   Improved: previous best R@5 = 90.0, current R@5 = 90.2
2022-02-04 09:41:58   Best R@5: 90.2
2022-02-04 09:41:58   Trained for 20 epochs, in total in 0:35:53
2022-02-04 09:41:58   Test set: < BaseDataset, pitts30k - #database: 10000; #queries: 6816 >
2022-02-04 09:47:04   Recalls on < BaseDataset, pitts30k - #database: 10000; #queries: 6816 >: R@1: 78.3, R@5: 89.8, R@10: 92.6, R@20: 94.9
2022-02-04 09:47:04   Test set: < BaseDataset, st_lucia - #database: 1549; #queries: 1464 >
2022-02-04 09:47:58   Recalls on < BaseDataset, st_lucia - #database: 1549; #queries: 1464 >: R@1: 55.2, R@5: 70.7, R@10: 77.5, R@20: 83.7
