2022-01-31 08:09:39   Arguments: Namespace(aug_prob=0.5, cache_refresh_rate=1000, colab_folder='Netvlad_BCSH', data_aug='BCSH', dataset_name='pitts30k', datasets_folder='/content/', device='cuda', epochs_num=50, exp_name='default', infer_batch_size=16, lr=1e-05, margin=0.1, neg_samples_num=1000, negs_num_per_query=10, num_clusters=64, num_workers=8, optimizer='adam', output_folder='drive/MyDrive/Netvlad_BCSH', patience=3, queries_per_epoch=5000, recall_values=[1, 5, 10, 20], seed=0, train_batch_size=4, train_positives_dist_threshold=10, type='NETVLAD', val_positive_dist_threshold=25)
2022-01-31 08:09:39   The outputs are being saved in drive/MyDrive/Netvlad_BCSH
2022-01-31 08:09:39   Using 1 GPUs and 2 CPUs
2022-01-31 08:09:39   There are 96 queries without any positives within the training set. They won't be considered as they're useless for training.
2022-01-31 08:09:39   Train query set: < TripletsDataset, pitts30k - #database: 10000; #queries: 7320 >
2022-01-31 08:09:40   Val set: < BaseDataset, pitts30k - #database: 10000; #queries: 7608 >
2022-01-31 08:09:42   Output dimension of the model is 16384
2022-01-31 08:09:42   Start training epoch: 00
2022-01-31 09:10:57   Finished epoch 00 in 1:01:14, average epoch triplet loss = 0.0521
2022-01-31 09:17:32   Recalls on val set < BaseDataset, pitts30k - #database: 10000; #queries: 7608 >: R@1: 84.7, R@5: 94.3, R@10: 96.4, R@20: 97.9
2022-01-31 09:17:32   Improved: previous best R@5 = 0.0, current R@5 = 94.3
2022-01-31 09:17:32   Start training epoch: 01
2022-01-31 10:19:05   Finished epoch 01 in 1:01:32, average epoch triplet loss = 0.0416
2022-01-31 10:25:40   Recalls on val set < BaseDataset, pitts30k - #database: 10000; #queries: 7608 >: R@1: 86.5, R@5: 95.3, R@10: 97.2, R@20: 98.1
2022-01-31 10:25:40   Improved: previous best R@5 = 94.3, current R@5 = 95.3
2022-01-31 10:25:41   Start training epoch: 02
2022-01-31 11:27:12   Finished epoch 02 in 1:01:30, average epoch triplet loss = 0.0377
2022-01-31 11:33:48   Recalls on val set < BaseDataset, pitts30k - #database: 10000; #queries: 7608 >: R@1: 86.9, R@5: 95.3, R@10: 97.1, R@20: 98.1
2022-01-31 11:33:48   Improved: previous best R@5 = 95.3, current R@5 = 95.3
2022-01-31 11:33:49   Start training epoch: 03
2022-02-01 08:06:58   Arguments: Namespace(aug_prob=0.5, cache_refresh_rate=1000, colab_folder='Netvlad_BCSH', data_aug='BCSH', dataset_name='pitts30k', datasets_folder='/content/', device='cuda', epochs_num=50, exp_name='default', infer_batch_size=16, lr=1e-05, margin=0.1, neg_samples_num=1000, negs_num_per_query=10, num_clusters=64, num_workers=8, optimizer='adam', output_folder='drive/MyDrive/Netvlad_BCSH', patience=3, queries_per_epoch=5000, recall_values=[1, 5, 10, 20], seed=0, train_batch_size=4, train_positives_dist_threshold=10, type='NETVLAD', val_positive_dist_threshold=25)
2022-02-01 08:06:59   The outputs are being saved in drive/MyDrive/Netvlad_BCSH
2022-02-01 08:06:59   Using 1 GPUs and 2 CPUs
2022-02-01 08:06:59   There are 96 queries without any positives within the training set. They won't be considered as they're useless for training.
2022-02-01 08:06:59   Train query set: < TripletsDataset, pitts30k - #database: 10000; #queries: 7320 >
2022-02-01 08:06:59   Val set: < BaseDataset, pitts30k - #database: 10000; #queries: 7608 >
2022-02-01 08:07:02   Output dimension of the model is 16384
2022-02-01 08:07:04   Start training epoch: 03
2022-02-01 09:10:28   Finished epoch 03 in 1:03:23, average epoch triplet loss = 0.0278
2022-02-01 09:17:22   Recalls on val set < BaseDataset, pitts30k - #database: 10000; #queries: 7608 >: R@1: 87.3, R@5: 95.3, R@10: 97.1, R@20: 98.0
2022-02-01 09:17:22   Not improved: 1 / 3: best R@5 = 95.3, current R@5 = 95.3
2022-02-01 09:17:23   Start training epoch: 04
2022-02-01 10:21:38   Finished epoch 04 in 1:04:15, average epoch triplet loss = 0.0279
2022-02-01 10:28:32   Recalls on val set < BaseDataset, pitts30k - #database: 10000; #queries: 7608 >: R@1: 87.5, R@5: 95.7, R@10: 97.1, R@20: 98.2
2022-02-01 10:28:32   Improved: previous best R@5 = 95.3, current R@5 = 95.7
2022-02-01 10:28:33   Start training epoch: 05
2022-02-01 11:32:52   Finished epoch 05 in 1:04:18, average epoch triplet loss = 0.0267
2022-02-01 11:39:47   Recalls on val set < BaseDataset, pitts30k - #database: 10000; #queries: 7608 >: R@1: 87.8, R@5: 95.6, R@10: 97.0, R@20: 98.1
2022-02-01 11:39:47   Not improved: 1 / 3: best R@5 = 95.7, current R@5 = 95.6
2022-02-01 11:39:48   Start training epoch: 06
2022-02-01 16:05:03   Arguments: Namespace(aug_prob=0.5, cache_refresh_rate=1000, colab_folder='Netvlad_BCSH', data_aug='BCSH', dataset_name='pitts30k', datasets_folder='/content/', device='cuda', epochs_num=50, exp_name='default', infer_batch_size=16, lr=1e-05, margin=0.1, neg_samples_num=1000, negs_num_per_query=10, num_clusters=64, num_workers=8, optimizer='adam', output_folder='drive/MyDrive/Netvlad_BCSH', patience=3, queries_per_epoch=5000, recall_values=[1, 5, 10, 20], seed=0, train_batch_size=4, train_positives_dist_threshold=10, type='NETVLAD', val_positive_dist_threshold=25)
2022-02-01 16:05:03   The outputs are being saved in drive/MyDrive/Netvlad_BCSH
2022-02-01 16:05:03   Using 1 GPUs and 2 CPUs
2022-02-01 16:05:04   There are 96 queries without any positives within the training set. They won't be considered as they're useless for training.
2022-02-01 16:05:04   Train query set: < TripletsDataset, pitts30k - #database: 10000; #queries: 7320 >
2022-02-01 16:05:04   Val set: < BaseDataset, pitts30k - #database: 10000; #queries: 7608 >
2022-02-01 16:05:06   Output dimension of the model is 16384
2022-02-01 16:05:10   Start training epoch: 06
2022-02-01 17:06:17   Finished epoch 06 in 1:01:07, average epoch triplet loss = 0.0197
2022-02-01 17:12:51   Recalls on val set < BaseDataset, pitts30k - #database: 10000; #queries: 7608 >: R@1: 87.7, R@5: 95.4, R@10: 96.9, R@20: 98.1
2022-02-01 17:12:51   Not improved: 2 / 3: best R@5 = 95.7, current R@5 = 95.4
2022-02-01 17:12:52   Start training epoch: 07
2022-02-01 18:15:54   Finished epoch 07 in 1:03:02, average epoch triplet loss = 0.0211
2022-02-01 18:22:30   Recalls on val set < BaseDataset, pitts30k - #database: 10000; #queries: 7608 >: R@1: 88.1, R@5: 95.6, R@10: 97.1, R@20: 98.2
2022-02-01 18:22:30   Not improved: 3 / 3: best R@5 = 95.7, current R@5 = 95.6
2022-02-01 18:22:31   Performance did not improve for 3 epochs. Stop training.
2022-02-01 18:22:31   Best R@5: 95.7
2022-02-01 18:22:31   Trained for 08 epochs, in total in 2:17:27
2022-02-01 18:22:32   Test set: < BaseDataset, pitts30k - #database: 10000; #queries: 6816 >
2022-02-01 18:30:21   Recalls on < BaseDataset, pitts30k - #database: 10000; #queries: 6816 >: R@1: 85.6, R@5: 92.5, R@10: 94.3, R@20: 95.7
2022-02-01 18:30:21   Test set: < BaseDataset, st_lucia - #database: 1549; #queries: 1464 >
2022-02-01 18:31:36   Recalls on < BaseDataset, st_lucia - #database: 1549; #queries: 1464 >: R@1: 68.4, R@5: 82.1, R@10: 86.8, R@20: 91.4
