2022-01-31 19:14:31   Arguments: Namespace(aug_prob=0.5, cache_refresh_rate=1000, colab_folder='aml_training', data_aug=None, dataset_name='pitts30k', datasets_folder='/content/', device='cuda', epochs_num=50, exp_name='default', img_height=600, img_width=800, infer_batch_size=16, lr=1e-05, margin=0.1, model_folder=None, neg_samples_num=1000, negs_num_per_query=10, num_clusters=64, num_workers=8, optimizer='adam', output_folder='drive/MyDrive/aml_training', patience=3, queries_per_epoch=5000, recall_values=[1, 5, 10, 20], seed=0, test_datasets='pitts30k', train_batch_size=4, train_positives_dist_threshold=10, type='NETVLAD', val_positive_dist_threshold=25)
2022-01-31 19:14:31   The outputs are being saved in drive/MyDrive/aml_training
2022-01-31 19:14:31   Using 1 GPUs and 2 CPUs
2022-01-31 19:14:31   There are 96 queries without any positives within the training set. They won't be considered as they're useless for training.
2022-01-31 19:14:31   Train query set: < TripletsDataset, pitts30k - #database: 10000; #queries: 7320 >
2022-01-31 19:14:32   Val set: < BaseDataset, pitts30k - #database: 10000; #queries: 7608 >
2022-01-31 19:14:34   Output dimension of the model is 16384
2022-01-31 19:14:34   Start training epoch: 00
2022-01-31 19:18:45   
Traceback (most recent call last):
  File "project_vg/train.py", line 139, in <module>
    triplets_ds.compute_triplets(args, model)
  File "/content/project_vg/datasets_ws.py", line 254, in compute_triplets
    cache = self.compute_cache(args, model, subset_ds, (len(self), args.features_dim))
  File "/content/project_vg/datasets_ws.py", line 215, in compute_cache
    cache[indexes.numpy()] = features.cpu().numpy()
KeyboardInterrupt

2022-01-31 19:21:32   Arguments: Namespace(aug_prob=0.5, cache_refresh_rate=1000, colab_folder='aml_training', data_aug=None, dataset_name='pitts30k', datasets_folder='/content/', device='cuda', epochs_num=50, exp_name='default', img_height=600, img_width=800, infer_batch_size=16, lr=1e-05, margin=0.1, model_folder=None, neg_samples_num=1000, negs_num_per_query=10, num_clusters=64, num_workers=8, optimizer='adam', output_folder='drive/MyDrive/aml_training', patience=3, queries_per_epoch=5000, recall_values=[1, 5, 10, 20], seed=0, test_datasets='pitts30k', train_batch_size=4, train_positives_dist_threshold=10, type='NETVLAD', val_positive_dist_threshold=25)
2022-01-31 19:21:32   The outputs are being saved in drive/MyDrive/aml_training
2022-01-31 19:21:32   Using 1 GPUs and 2 CPUs
2022-01-31 19:21:32   Images resized to 800x600
2022-01-31 19:21:33   There are 96 queries without any positives within the training set. They won't be considered as they're useless for training.
2022-01-31 19:21:33   Train query set: < TripletsDataset, pitts30k - #database: 10000; #queries: 7320 >
2022-01-31 19:21:33   Val set: < BaseDataset, pitts30k - #database: 10000; #queries: 7608 >
2022-01-31 19:21:35   Output dimension of the model is 16384
2022-01-31 19:21:35   Start training epoch: 00
2022-02-01 11:39:03   Arguments: Namespace(aug_prob=0.5, cache_refresh_rate=1000, colab_folder='aml_training', data_aug=None, dataset_name='pitts30k', datasets_folder='/content/', device='cuda', epochs_num=50, exp_name='default', img_height=600, img_width=800, infer_batch_size=16, lr=1e-05, margin=0.1, model_folder=None, neg_samples_num=1000, negs_num_per_query=10, num_clusters=64, num_workers=8, optimizer='adam', output_folder='drive/MyDrive/aml_training', patience=3, queries_per_epoch=5000, recall_values=[1, 5, 10, 20], seed=0, test_datasets='pitts30k', test_only=False, train_batch_size=4, train_positives_dist_threshold=10, type='NETVLAD', val_positive_dist_threshold=25)
2022-02-01 11:39:04   The outputs are being saved in drive/MyDrive/aml_training
2022-02-01 11:39:04   Using 1 GPUs and 2 CPUs
2022-02-01 11:39:04   Images resized to 800x600
2022-02-01 11:39:04   There are 96 queries without any positives within the training set. They won't be considered as they're useless for training.
2022-02-01 11:39:04   Train query set: < TripletsDataset, pitts30k - #database: 10000; #queries: 7320 >
2022-02-01 11:39:04   Val set: < BaseDataset, pitts30k - #database: 10000; #queries: 7608 >
2022-02-01 11:39:08   Output dimension of the model is 16384
2022-02-01 11:39:08   Start training epoch: 00
2022-02-01 12:33:24   Finished epoch 00 in 0:54:15, average epoch triplet loss = 0.0330
2022-02-01 12:40:39   Recalls on val set < BaseDataset, pitts30k - #database: 10000; #queries: 7608 >: R@1: 84.6, R@5: 94.0, R@10: 96.4, R@20: 97.7
2022-02-01 12:40:39   Improved: previous best R@5 = 0.0, current R@5 = 94.0
2022-02-01 12:40:39   Start training epoch: 01
2022-02-02 15:19:42   Arguments: Namespace(aug_prob=0.5, cache_refresh_rate=1000, colab_folder='aml_training', data_aug=None, dataset_name='pitts30k', datasets_folder='/content/', device='cuda', epochs_num=50, exp_name='default', img_height=600, img_width=800, infer_batch_size=16, lr=1e-05, margin=0.1, model_folder=None, neg_samples_num=1000, negs_num_per_query=10, num_clusters=64, num_workers=8, optimizer='adam', output_folder='drive/MyDrive/aml_training', patience=3, queries_per_epoch=5000, recall_values=[1, 5, 10, 20], seed=0, test_datasets='pitts30k', test_only=False, train_batch_size=4, train_positives_dist_threshold=10, type='NETVLAD', val_positive_dist_threshold=25)
2022-02-02 15:19:43   The outputs are being saved in drive/MyDrive/aml_training
2022-02-02 15:19:43   Using 1 GPUs and 2 CPUs
2022-02-02 15:19:43   Images resized to 800x600
2022-02-02 15:19:44   There are 96 queries without any positives within the training set. They won't be considered as they're useless for training.
2022-02-02 15:19:44   Train query set: < TripletsDataset, pitts30k - #database: 10000; #queries: 7320 >
2022-02-02 15:19:44   Val set: < BaseDataset, pitts30k - #database: 10000; #queries: 7608 >
2022-02-02 15:19:46   Output dimension of the model is 16384
2022-02-02 15:19:50   Start training epoch: 01
2022-02-04 17:12:55   Arguments: Namespace(aug_prob=0.5, cache_refresh_rate=1000, colab_folder='aml_training', data_aug=None, dataset_name='pitts30k', datasets_folder='/content/', device='cuda', epochs_num=50, exp_name='default', img_height=600, img_width=800, infer_batch_size=16, lr=1e-05, margin=0.1, model_folder=None, neg_samples_num=1000, negs_num_per_query=10, num_clusters=64, num_workers=8, optimizer='adam', output_folder='drive/MyDrive/aml_training', patience=3, queries_per_epoch=5000, recall_values=[1, 5, 10, 20], seed=0, test_datasets='pitts30k', test_only=False, train_batch_size=4, train_positives_dist_threshold=10, type='NETVLAD', val_positive_dist_threshold=25)
2022-02-04 17:12:56   The outputs are being saved in drive/MyDrive/aml_training
2022-02-04 17:12:56   Using 1 GPUs and 2 CPUs
2022-02-04 17:12:56   Images resized to 800x600
2022-02-04 17:12:56   There are 96 queries without any positives within the training set. They won't be considered as they're useless for training.
2022-02-04 17:12:56   Train query set: < TripletsDataset, pitts30k - #database: 10000; #queries: 7320 >
2022-02-04 17:12:57   Val set: < BaseDataset, pitts30k - #database: 10000; #queries: 7608 >
2022-02-04 17:12:59   Output dimension of the model is 16384
2022-02-04 17:13:03   Start training epoch: 01
2022-02-04 17:39:15   Arguments: Namespace(aug_prob=0.5, cache_refresh_rate=1000, colab_folder='aml_training', data_aug=None, dataset_name='pitts30k', datasets_folder='/content/', device='cuda', epochs_num=50, exp_name='default', img_height=600, img_width=800, infer_batch_size=16, lr=1e-05, margin=0.1, model_folder=None, neg_samples_num=1000, negs_num_per_query=10, num_clusters=64, num_workers=8, optimizer='adam', output_folder='drive/MyDrive/aml_training', patience=3, queries_per_epoch=5000, recall_values=[1, 5, 10, 20], seed=0, test_datasets='pitts30k', test_only=False, train_batch_size=4, train_positives_dist_threshold=10, type='NETVLAD', val_positive_dist_threshold=25)
2022-02-04 17:39:15   The outputs are being saved in drive/MyDrive/aml_training
2022-02-04 17:39:15   Using 1 GPUs and 2 CPUs
2022-02-04 17:39:16   Images resized to 800x600
2022-02-04 17:39:16   There are 96 queries without any positives within the training set. They won't be considered as they're useless for training.
2022-02-04 17:39:16   Train query set: < TripletsDataset, pitts30k - #database: 10000; #queries: 7320 >
2022-02-04 17:39:16   Val set: < BaseDataset, pitts30k - #database: 10000; #queries: 7608 >
2022-02-04 17:39:21   Output dimension of the model is 16384
2022-02-04 17:39:22   Start training epoch: 01
2022-02-04 19:12:45   Finished epoch 01 in 1:33:22, average epoch triplet loss = 0.0209
2022-02-04 19:24:11   Recalls on val set < BaseDataset, pitts30k - #database: 10000; #queries: 7608 >: R@1: 86.3, R@5: 94.8, R@10: 96.8, R@20: 98.0
2022-02-04 19:24:11   Improved: previous best R@5 = 94.0, current R@5 = 94.8
2022-02-04 19:24:13   Start training epoch: 02
2022-02-06 08:43:36   Arguments: Namespace(aug_prob=0.5, cache_refresh_rate=1000, colab_folder='aml_training', data_aug=None, dataset_name='pitts30k', datasets_folder='/content/', device='cuda', epochs_num=50, exp_name='default', img_height=600, img_width=800, infer_batch_size=16, lr=1e-05, margin=0.1, model_folder=None, neg_samples_num=1000, negs_num_per_query=10, num_clusters=64, num_workers=8, optimizer='adam', output_folder='drive/MyDrive/aml_training', patience=3, queries_per_epoch=5000, recall_values=[1, 5, 10, 20], seed=0, test_datasets='pitts30k', test_only=False, train_batch_size=4, train_positives_dist_threshold=10, type='NETVLAD', val_positive_dist_threshold=25)
2022-02-06 08:43:37   The outputs are being saved in drive/MyDrive/aml_training
2022-02-06 08:43:37   Using 1 GPUs and 2 CPUs
2022-02-06 08:43:37   Images resized to 800x600
2022-02-06 08:43:37   There are 96 queries without any positives within the training set. They won't be considered as they're useless for training.
2022-02-06 08:43:37   Train query set: < TripletsDataset, pitts30k - #database: 10000; #queries: 7320 >
2022-02-06 08:43:38   Val set: < BaseDataset, pitts30k - #database: 10000; #queries: 7608 >
2022-02-06 08:43:40   Output dimension of the model is 16384
2022-02-06 08:43:44   Start training epoch: 02
2022-02-06 10:43:25   Finished epoch 02 in 1:59:41, average epoch triplet loss = 0.0151
2022-02-06 10:56:19   Recalls on val set < BaseDataset, pitts30k - #database: 10000; #queries: 7608 >: R@1: 86.6, R@5: 94.9, R@10: 96.9, R@20: 98.2
2022-02-06 10:56:19   Improved: previous best R@5 = 94.8, current R@5 = 94.9
2022-02-06 10:56:21   Start training epoch: 03
2022-02-06 12:56:54   Finished epoch 03 in 2:00:33, average epoch triplet loss = 0.0181
2022-02-06 13:09:55   Recalls on val set < BaseDataset, pitts30k - #database: 10000; #queries: 7608 >: R@1: 87.6, R@5: 95.5, R@10: 97.3, R@20: 98.3
2022-02-06 13:09:55   Improved: previous best R@5 = 94.9, current R@5 = 95.5
2022-02-06 13:09:56   Start training epoch: 04
2022-02-08 19:12:01   Arguments: Namespace(aug_prob=0.5, cache_refresh_rate=1000, colab_folder='aml_training', data_aug=None, dataset_name='pitts30k', datasets_folder='/content/', device='cuda', epochs_num=50, exp_name='default', img_height=600, img_width=800, infer_batch_size=16, lr=1e-05, margin=0.1, model_folder=None, neg_samples_num=1000, negs_num_per_query=10, num_clusters=64, num_workers=8, optimizer='adam', output_folder='drive/MyDrive/aml_training', patience=3, queries_per_epoch=5000, recall_values=[1, 5, 10, 20], seed=0, test_datasets='pitts30k', test_only=False, train_batch_size=4, train_positives_dist_threshold=10, type='NETVLAD', val_positive_dist_threshold=25)
2022-02-08 19:12:02   The outputs are being saved in drive/MyDrive/aml_training
2022-02-08 19:12:02   Using 1 GPUs and 2 CPUs
2022-02-08 19:12:02   Images resized to 800x600
2022-02-08 19:12:02   There are 96 queries without any positives within the training set. They won't be considered as they're useless for training.
2022-02-08 19:12:02   Train query set: < TripletsDataset, pitts30k - #database: 10000; #queries: 7320 >
2022-02-08 19:12:03   Val set: < BaseDataset, pitts30k - #database: 10000; #queries: 7608 >
2022-02-08 19:12:05   Output dimension of the model is 16384
2022-02-08 19:12:09   Start training epoch: 04
