2022-01-25 11:41:05   Arguments: Namespace(aug_prob=0.5, cache_refresh_rate=1000, colab_folder='Netvlad_B-GS-R', data_aug='B-GS-R', dataset_name='pitts30k', datasets_folder='/content/', device='cuda', epochs_num=50, exp_name='default', infer_batch_size=16, lr=1e-05, margin=0.1, neg_samples_num=1000, negs_num_per_query=10, num_clusters=64, num_workers=8, output_folder='drive/MyDrive/Netvlad_B-GS-R', patience=3, queries_per_epoch=5000, recall_values=[1, 5, 10, 20], seed=0, train_batch_size=4, train_positives_dist_threshold=10, type='NETVLAD', val_positive_dist_threshold=25)
2022-01-25 11:41:05   The outputs are being saved in drive/MyDrive/Netvlad_B-GS-R
2022-01-25 11:41:05   Using 1 GPUs and 2 CPUs
2022-01-25 11:41:06   There are 96 queries without any positives within the training set. They won't be considered as they're useless for training.
2022-01-25 11:41:06   Train query set: < TripletsDataset, pitts30k - #database: 10000; #queries: 7320 >
2022-01-25 11:41:06   Val set: < BaseDataset, pitts30k - #database: 10000; #queries: 7608 >
2022-01-25 11:41:08   Output dimension of the model is 16384
2022-01-25 11:41:08   Start training epoch: 00
2022-01-25 12:44:43   Finished epoch 00 in 1:03:34, average epoch triplet loss = 0.0917
2022-01-25 12:52:41   Recalls on val set < BaseDataset, pitts30k - #database: 10000; #queries: 7608 >: R@1: 74.5, R@5: 88.1, R@10: 91.8, R@20: 94.7
2022-01-25 12:52:41   Improved: previous best R@5 = 0.0, current R@5 = 88.1
2022-01-25 12:52:41   Start training epoch: 01
2022-01-25 13:57:02   Finished epoch 01 in 1:04:20, average epoch triplet loss = 0.0884
2022-01-25 14:04:01   Recalls on val set < BaseDataset, pitts30k - #database: 10000; #queries: 7608 >: R@1: 78.7, R@5: 90.2, R@10: 93.4, R@20: 95.7
2022-01-25 14:04:01   Improved: previous best R@5 = 88.1, current R@5 = 90.2
2022-01-25 14:04:01   Start training epoch: 02
2022-01-25 15:08:03   Finished epoch 02 in 1:04:01, average epoch triplet loss = 0.0860
2022-01-25 15:15:01   Recalls on val set < BaseDataset, pitts30k - #database: 10000; #queries: 7608 >: R@1: 78.8, R@5: 90.3, R@10: 93.5, R@20: 95.8
2022-01-25 15:15:01   Improved: previous best R@5 = 90.2, current R@5 = 90.3
2022-01-25 15:15:01   Start training epoch: 03
2022-01-25 16:26:29   Arguments: Namespace(aug_prob=0.5, cache_refresh_rate=1000, colab_folder='Netvlad_B-GS-R', data_aug='B-GS-R', dataset_name='pitts30k', datasets_folder='/content/', device='cuda', epochs_num=50, exp_name='default', infer_batch_size=16, lr=1e-05, margin=0.1, neg_samples_num=1000, negs_num_per_query=10, num_clusters=64, num_workers=8, output_folder='drive/MyDrive/Netvlad_B-GS-R', patience=3, queries_per_epoch=5000, recall_values=[1, 5, 10, 20], seed=0, train_batch_size=4, train_positives_dist_threshold=10, type='NETVLAD', val_positive_dist_threshold=25)
2022-01-25 16:26:30   The outputs are being saved in drive/MyDrive/Netvlad_B-GS-R
2022-01-25 16:26:30   Using 1 GPUs and 2 CPUs
2022-01-25 16:26:30   There are 96 queries without any positives within the training set. They won't be considered as they're useless for training.
2022-01-25 16:26:30   Train query set: < TripletsDataset, pitts30k - #database: 10000; #queries: 7320 >
2022-01-25 16:26:31   Val set: < BaseDataset, pitts30k - #database: 10000; #queries: 7608 >
2022-01-25 16:26:34   Output dimension of the model is 16384
2022-01-25 16:26:36   Start training epoch: 03
2022-01-25 17:00:17   Finished epoch 03 in 0:33:40, average epoch triplet loss = 0.0802
2022-01-25 17:04:24   Recalls on val set < BaseDataset, pitts30k - #database: 10000; #queries: 7608 >: R@1: 77.8, R@5: 89.2, R@10: 92.8, R@20: 95.4
2022-01-25 17:04:24   Not improved: 1 / 3: best R@5 = 90.3, current R@5 = 89.2
2022-01-25 17:04:24   Start training epoch: 04
2022-01-25 17:41:17   Finished epoch 04 in 0:36:53, average epoch triplet loss = 0.0776
2022-01-25 17:45:26   Recalls on val set < BaseDataset, pitts30k - #database: 10000; #queries: 7608 >: R@1: 77.7, R@5: 88.7, R@10: 91.9, R@20: 94.8
2022-01-25 17:45:26   Not improved: 2 / 3: best R@5 = 90.3, current R@5 = 88.7
2022-01-25 17:45:26   Start training epoch: 05
2022-01-25 18:22:22   Finished epoch 05 in 0:36:55, average epoch triplet loss = 0.0754
2022-01-25 18:26:26   Recalls on val set < BaseDataset, pitts30k - #database: 10000; #queries: 7608 >: R@1: 76.4, R@5: 88.4, R@10: 91.9, R@20: 94.6
2022-01-25 18:26:26   Not improved: 3 / 3: best R@5 = 90.3, current R@5 = 88.4
2022-01-25 18:26:26   Performance did not improve for 3 epochs. Stop training.
2022-01-25 18:26:26   Best R@5: 90.3
2022-01-25 18:26:26   Trained for 06 epochs, in total in 1:59:57
2022-01-25 18:26:27   Test set: < BaseDataset, pitts30k - #database: 10000; #queries: 6816 >
2022-01-25 18:33:56   Recalls on < BaseDataset, pitts30k - #database: 10000; #queries: 6816 >: R@1: 77.1, R@5: 89.6, R@10: 92.8, R@20: 95.2
2022-01-25 18:33:56   Test set: < BaseDataset, st_lucia - #database: 1549; #queries: 1464 >
2022-01-25 18:35:21   Recalls on < BaseDataset, st_lucia - #database: 1549; #queries: 1464 >: R@1: 45.4, R@5: 61.0, R@10: 67.9, R@20: 73.8
