2022-01-29 08:15:47   Arguments: Namespace(aug_prob=0.5, cache_refresh_rate=1000, colab_folder='Netvlad_H-RP', data_aug='H-RP', dataset_name='pitts30k', datasets_folder='/content/', device='cuda', epochs_num=50, exp_name='default', infer_batch_size=16, lr=1e-05, margin=0.1, neg_samples_num=1000, negs_num_per_query=10, num_clusters=64, num_workers=8, optimizer='adam', output_folder='drive/MyDrive/Netvlad_H-RP', patience=3, queries_per_epoch=5000, recall_values=[1, 5, 10, 20], seed=0, train_batch_size=4, train_positives_dist_threshold=10, type='NETVLAD', val_positive_dist_threshold=25)
2022-01-29 08:15:47   The outputs are being saved in drive/MyDrive/Netvlad_H-RP
2022-01-29 08:15:47   Using 1 GPUs and 2 CPUs
2022-01-29 08:15:47   Loading dataset Pitts30k from folder /content/
2022-01-29 08:15:48   There are 96 queries without any positives within the training set. They won't be considered as they're useless for training.
2022-01-29 08:15:48   Train query set: < TripletsDataset, pitts30k - #database: 10000; #queries: 7320 >
2022-01-29 08:15:48   Val set: < BaseDataset, pitts30k - #database: 10000; #queries: 7608 >
2022-01-29 08:15:48   Train only conv4 of the ResNet-18 (remove conv5), freeze the previous ones
2022-01-29 08:15:48   Using NetVlad network
2022-01-29 08:15:50   using Adam optimizer
2022-01-29 08:15:50   Output dimension of the model is 16384
2022-01-29 08:15:50   Patience: 3
2022-01-29 08:15:50   not improved num: 0
2022-01-29 08:15:50   Start training epoch: 00
2022-01-29 08:15:50   Cache: 0 / 5
2022-01-29 08:27:54   Epoch[00](0/5): current batch triplet loss = 0.0243, average epoch triplet loss = 0.0718
2022-01-29 08:27:54   Cache: 1 / 5
2022-01-29 08:39:58   Epoch[00](1/5): current batch triplet loss = 0.0758, average epoch triplet loss = 0.0670
2022-01-29 08:39:58   Cache: 2 / 5
2022-01-29 08:52:13   Epoch[00](2/5): current batch triplet loss = 0.0502, average epoch triplet loss = 0.0633
2022-01-29 08:52:13   Cache: 3 / 5
2022-01-29 09:04:36   Epoch[00](3/5): current batch triplet loss = 0.0952, average epoch triplet loss = 0.0599
2022-01-29 09:04:36   Cache: 4 / 5
2022-01-29 09:17:00   Epoch[00](4/5): current batch triplet loss = 0.0648, average epoch triplet loss = 0.0573
2022-01-29 09:17:00   Finished epoch 00 in 1:01:09, average epoch triplet loss = 0.0573
2022-01-29 09:17:00   Extracting database features for evaluation/testing
2022-01-29 09:20:16   Extracting queries features for evaluation/testing
2022-01-29 09:22:45   Calculating recalls
2022-01-29 09:23:27   Recalls on val set < BaseDataset, pitts30k - #database: 10000; #queries: 7608 >: R@1: 83.7, R@5: 93.8, R@10: 96.2, R@20: 97.7
2022-01-29 09:23:27   Improved: previous best R@5 = 0.0, current R@5 = 93.8
2022-01-29 09:23:27   Start training epoch: 01
2022-01-29 09:23:27   Cache: 0 / 5
2022-01-29 09:36:56   Epoch[01](0/5): current batch triplet loss = 0.0839, average epoch triplet loss = 0.0458
2022-01-29 09:36:56   Cache: 1 / 5
2022-01-29 09:50:34   Epoch[01](1/5): current batch triplet loss = 0.0484, average epoch triplet loss = 0.0455
2022-01-29 09:50:34   Cache: 2 / 5
2022-01-29 10:03:39   Epoch[01](2/5): current batch triplet loss = 0.0764, average epoch triplet loss = 0.0450
2022-01-29 10:03:39   Cache: 3 / 5
2022-01-29 10:16:59   Epoch[01](3/5): current batch triplet loss = 0.1019, average epoch triplet loss = 0.0445
2022-01-29 10:16:59   Cache: 4 / 5
2022-01-29 10:29:46   Epoch[01](4/5): current batch triplet loss = 0.0580, average epoch triplet loss = 0.0445
2022-01-29 10:29:46   Finished epoch 01 in 1:06:18, average epoch triplet loss = 0.0445
2022-01-29 10:29:46   Extracting database features for evaluation/testing
2022-01-29 10:33:02   Extracting queries features for evaluation/testing
2022-01-29 10:35:33   Calculating recalls
2022-01-29 10:36:15   Recalls on val set < BaseDataset, pitts30k - #database: 10000; #queries: 7608 >: R@1: 86.1, R@5: 95.1, R@10: 97.1, R@20: 98.3
2022-01-29 10:36:15   Improved: previous best R@5 = 93.8, current R@5 = 95.1
2022-01-29 10:36:16   Start training epoch: 02
2022-01-29 10:36:16   Cache: 0 / 5
2022-01-29 10:49:20   Epoch[02](0/5): current batch triplet loss = 0.0323, average epoch triplet loss = 0.0402
2022-01-29 10:49:20   Cache: 1 / 5
2022-01-29 11:01:57   Epoch[02](1/5): current batch triplet loss = 0.0240, average epoch triplet loss = 0.0402
2022-01-29 11:01:57   Cache: 2 / 5
2022-01-29 11:14:29   Epoch[02](2/5): current batch triplet loss = 0.0295, average epoch triplet loss = 0.0399
2022-01-29 11:14:29   Cache: 3 / 5
2022-01-29 11:27:15   Epoch[02](3/5): current batch triplet loss = 0.0283, average epoch triplet loss = 0.0394
2022-01-29 11:27:15   Cache: 4 / 5
2022-01-29 11:39:41   Epoch[02](4/5): current batch triplet loss = 0.0410, average epoch triplet loss = 0.0394
2022-01-29 11:39:41   Finished epoch 02 in 1:03:24, average epoch triplet loss = 0.0394
2022-01-29 11:39:41   Extracting database features for evaluation/testing
2022-01-29 11:42:57   Extracting queries features for evaluation/testing
2022-01-29 11:45:27   Calculating recalls
2022-01-29 11:46:11   Recalls on val set < BaseDataset, pitts30k - #database: 10000; #queries: 7608 >: R@1: 87.4, R@5: 95.5, R@10: 97.3, R@20: 98.3
2022-01-29 11:46:11   Improved: previous best R@5 = 95.1, current R@5 = 95.5
2022-01-29 11:46:12   Start training epoch: 03
2022-01-29 11:46:12   Cache: 0 / 5
2022-01-29 12:08:33   Arguments: Namespace(aug_prob=0.5, cache_refresh_rate=1000, colab_folder='Netvlad_H-RP', data_aug='H-RP', dataset_name='pitts30k', datasets_folder='/content/', device='cuda', epochs_num=50, exp_name='default', infer_batch_size=16, lr=1e-05, margin=0.1, neg_samples_num=1000, negs_num_per_query=10, num_clusters=64, num_workers=8, optimizer='adam', output_folder='drive/MyDrive/Netvlad_H-RP', patience=3, queries_per_epoch=5000, recall_values=[1, 5, 10, 20], seed=0, train_batch_size=4, train_positives_dist_threshold=10, type='NETVLAD', val_positive_dist_threshold=25)
2022-01-29 12:08:34   The outputs are being saved in drive/MyDrive/Netvlad_H-RP
2022-01-29 12:08:34   Using 1 GPUs and 2 CPUs
2022-01-29 12:08:34   Loading dataset Pitts30k from folder /content/
2022-01-29 12:08:34   There are 96 queries without any positives within the training set. They won't be considered as they're useless for training.
2022-01-29 12:08:34   Train query set: < TripletsDataset, pitts30k - #database: 10000; #queries: 7320 >
2022-01-29 12:08:34   Val set: < BaseDataset, pitts30k - #database: 10000; #queries: 7608 >
2022-01-29 12:08:35   Train only conv4 of the ResNet-18 (remove conv5), freeze the previous ones
2022-01-29 12:08:35   Using NetVlad network
2022-01-29 12:08:36   using Adam optimizer
2022-01-29 12:08:36   Output dimension of the model is 16384
2022-01-29 12:08:39   Patience: 3
2022-01-29 12:08:39   not improved num: 0
2022-01-29 12:08:39   Start training epoch: 03
2022-01-29 12:08:39   Cache: 0 / 5
2022-01-29 12:21:10   Epoch[03](0/5): current batch triplet loss = 0.0184, average epoch triplet loss = 0.0309
2022-01-29 12:21:10   Cache: 1 / 5
2022-01-29 12:33:40   Epoch[03](1/5): current batch triplet loss = 0.0273, average epoch triplet loss = 0.0303
2022-01-29 12:33:40   Cache: 2 / 5
2022-01-29 12:46:15   Epoch[03](2/5): current batch triplet loss = 0.0196, average epoch triplet loss = 0.0300
2022-01-29 12:46:15   Cache: 3 / 5
2022-01-29 12:58:40   Epoch[03](3/5): current batch triplet loss = 0.0490, average epoch triplet loss = 0.0298
2022-01-29 12:58:40   Cache: 4 / 5
2022-01-29 13:11:07   Epoch[03](4/5): current batch triplet loss = 0.0419, average epoch triplet loss = 0.0294
2022-01-29 13:11:07   Finished epoch 03 in 1:02:28, average epoch triplet loss = 0.0294
2022-01-29 13:11:07   Extracting database features for evaluation/testing
2022-01-29 13:14:35   Extracting queries features for evaluation/testing
2022-01-29 13:17:16   Calculating recalls
2022-01-29 13:17:59   Recalls on val set < BaseDataset, pitts30k - #database: 10000; #queries: 7608 >: R@1: 87.4, R@5: 95.5, R@10: 97.1, R@20: 98.3
2022-01-29 13:17:59   Not improved: 1 / 3: best R@5 = 95.5, current R@5 = 95.5
2022-01-29 13:17:59   Start training epoch: 04
2022-01-29 13:17:59   Cache: 0 / 5
2022-01-29 13:31:58   Epoch[04](0/5): current batch triplet loss = 0.0612, average epoch triplet loss = 0.0281
2022-01-29 13:31:58   Cache: 1 / 5
2022-01-29 13:45:10   Epoch[04](1/5): current batch triplet loss = 0.0325, average epoch triplet loss = 0.0287
2022-01-29 13:45:10   Cache: 2 / 5
2022-01-29 13:57:47   Epoch[04](2/5): current batch triplet loss = 0.0635, average epoch triplet loss = 0.0286
2022-01-29 13:57:47   Cache: 3 / 5
2022-01-29 14:10:22   Epoch[04](3/5): current batch triplet loss = 0.0667, average epoch triplet loss = 0.0287
2022-01-29 14:10:22   Cache: 4 / 5
2022-01-29 14:22:59   Epoch[04](4/5): current batch triplet loss = 0.0364, average epoch triplet loss = 0.0288
2022-01-29 14:22:59   Finished epoch 04 in 1:05:00, average epoch triplet loss = 0.0288
2022-01-29 14:22:59   Extracting database features for evaluation/testing
2022-01-29 14:26:26   Extracting queries features for evaluation/testing
2022-01-29 14:29:05   Calculating recalls
2022-01-29 14:29:47   Recalls on val set < BaseDataset, pitts30k - #database: 10000; #queries: 7608 >: R@1: 87.9, R@5: 95.7, R@10: 97.5, R@20: 98.4
2022-01-29 14:29:47   Improved: previous best R@5 = 95.5, current R@5 = 95.7
2022-01-29 14:29:48   Start training epoch: 05
2022-01-29 14:29:48   Cache: 0 / 5
2022-01-29 14:43:37   Epoch[05](0/5): current batch triplet loss = 0.0278, average epoch triplet loss = 0.0270
2022-01-29 14:43:37   Cache: 1 / 5
2022-01-29 14:56:08   Epoch[05](1/5): current batch triplet loss = 0.0134, average epoch triplet loss = 0.0273
2022-01-29 14:56:08   Cache: 2 / 5
2022-01-29 15:08:35   Epoch[05](2/5): current batch triplet loss = 0.0149, average epoch triplet loss = 0.0275
2022-01-29 15:08:35   Cache: 3 / 5
2022-01-29 15:21:04   Epoch[05](3/5): current batch triplet loss = 0.0134, average epoch triplet loss = 0.0271
2022-01-29 15:21:04   Cache: 4 / 5
2022-01-29 15:33:31   Epoch[05](4/5): current batch triplet loss = 0.0245, average epoch triplet loss = 0.0271
2022-01-29 15:33:31   Finished epoch 05 in 1:03:42, average epoch triplet loss = 0.0271
2022-01-29 15:33:31   Extracting database features for evaluation/testing
2022-01-29 15:36:57   Extracting queries features for evaluation/testing
2022-01-29 15:39:35   Calculating recalls
2022-01-29 15:40:16   Recalls on val set < BaseDataset, pitts30k - #database: 10000; #queries: 7608 >: R@1: 88.2, R@5: 95.9, R@10: 97.4, R@20: 98.4
2022-01-29 15:40:16   Improved: previous best R@5 = 95.7, current R@5 = 95.9
2022-01-29 15:40:17   Start training epoch: 06
2022-01-29 15:40:17   Cache: 0 / 5
2022-01-29 15:53:55   Epoch[06](0/5): current batch triplet loss = 0.0120, average epoch triplet loss = 0.0278
2022-01-29 15:53:55   Cache: 1 / 5
2022-01-29 16:06:26   Epoch[06](1/5): current batch triplet loss = 0.0427, average epoch triplet loss = 0.0284
2022-01-29 16:06:26   Cache: 2 / 5
2022-01-29 16:18:58   Epoch[06](2/5): current batch triplet loss = 0.0104, average epoch triplet loss = 0.0290
2022-01-29 16:18:58   Cache: 3 / 5
2022-01-29 16:31:30   Epoch[06](3/5): current batch triplet loss = 0.0626, average epoch triplet loss = 0.0289
2022-01-29 16:31:30   Cache: 4 / 5
2022-01-29 16:44:05   Epoch[06](4/5): current batch triplet loss = 0.0335, average epoch triplet loss = 0.0289
2022-01-29 16:44:05   Finished epoch 06 in 1:03:48, average epoch triplet loss = 0.0289
2022-01-29 16:44:05   Extracting database features for evaluation/testing
2022-01-29 16:47:33   Extracting queries features for evaluation/testing
2022-01-29 16:50:11   Calculating recalls
2022-01-29 16:50:53   Recalls on val set < BaseDataset, pitts30k - #database: 10000; #queries: 7608 >: R@1: 88.1, R@5: 96.0, R@10: 97.4, R@20: 98.4
2022-01-29 16:50:53   Improved: previous best R@5 = 95.9, current R@5 = 96.0
2022-01-29 16:50:54   Start training epoch: 07
2022-01-29 16:50:54   Cache: 0 / 5
2022-01-29 17:04:47   Epoch[07](0/5): current batch triplet loss = 0.0104, average epoch triplet loss = 0.0289
2022-01-29 17:04:47   Cache: 1 / 5
2022-01-29 17:17:21   Epoch[07](1/5): current batch triplet loss = 0.0235, average epoch triplet loss = 0.0283
2022-01-29 17:17:21   Cache: 2 / 5
2022-01-29 17:29:56   Epoch[07](2/5): current batch triplet loss = 0.0375, average epoch triplet loss = 0.0284
2022-01-29 17:29:56   Cache: 3 / 5
2022-01-29 17:42:32   Epoch[07](3/5): current batch triplet loss = 0.0296, average epoch triplet loss = 0.0285
2022-01-29 17:42:32   Cache: 4 / 5
2022-01-29 17:55:06   Epoch[07](4/5): current batch triplet loss = 0.0113, average epoch triplet loss = 0.0286
2022-01-29 17:55:06   Finished epoch 07 in 1:04:12, average epoch triplet loss = 0.0286
2022-01-29 17:55:06   Extracting database features for evaluation/testing
2022-01-29 17:58:32   Extracting queries features for evaluation/testing
2022-01-29 18:01:10   Calculating recalls
2022-01-29 18:01:52   Recalls on val set < BaseDataset, pitts30k - #database: 10000; #queries: 7608 >: R@1: 88.6, R@5: 96.1, R@10: 97.6, R@20: 98.4
2022-01-29 18:01:52   Improved: previous best R@5 = 96.0, current R@5 = 96.1
2022-01-29 18:01:54   Start training epoch: 08
2022-01-29 18:01:54   Cache: 0 / 5
2022-01-29 18:15:54   Epoch[08](0/5): current batch triplet loss = 0.0190, average epoch triplet loss = 0.0288
2022-01-29 18:15:54   Cache: 1 / 5
2022-01-30 08:01:04   Arguments: Namespace(aug_prob=0.5, cache_refresh_rate=1000, colab_folder='Netvlad_H-RP', data_aug='H-RP', dataset_name='pitts30k', datasets_folder='/content/', device='cuda', epochs_num=50, exp_name='default', infer_batch_size=16, lr=1e-05, margin=0.1, neg_samples_num=1000, negs_num_per_query=10, num_clusters=64, num_workers=8, optimizer='adam', output_folder='drive/MyDrive/Netvlad_H-RP', patience=3, queries_per_epoch=5000, recall_values=[1, 5, 10, 20], seed=0, train_batch_size=4, train_positives_dist_threshold=10, type='NETVLAD', val_positive_dist_threshold=25)
2022-01-30 08:01:04   The outputs are being saved in drive/MyDrive/Netvlad_H-RP
2022-01-30 08:01:04   Using 1 GPUs and 2 CPUs
2022-01-30 08:01:04   Loading dataset Pitts30k from folder /content/
2022-01-30 08:01:04   There are 96 queries without any positives within the training set. They won't be considered as they're useless for training.
2022-01-30 08:01:04   Train query set: < TripletsDataset, pitts30k - #database: 10000; #queries: 7320 >
2022-01-30 08:01:05   Val set: < BaseDataset, pitts30k - #database: 10000; #queries: 7608 >
2022-01-30 08:01:05   Train only conv4 of the ResNet-18 (remove conv5), freeze the previous ones
2022-01-30 08:01:05   Using NetVlad network
2022-01-30 08:01:07   using Adam optimizer
2022-01-30 08:01:07   Output dimension of the model is 16384
2022-01-30 08:01:08   Patience: 3
2022-01-30 08:01:08   not improved num: 0
2022-01-30 08:01:08   Start training epoch: 08
2022-01-30 08:01:08   Cache: 0 / 5
2022-01-30 08:14:05   Epoch[08](0/5): current batch triplet loss = 0.0110, average epoch triplet loss = 0.0178
2022-01-30 08:14:05   Cache: 1 / 5
2022-01-30 08:26:58   Epoch[08](1/5): current batch triplet loss = 0.0156, average epoch triplet loss = 0.0174
2022-01-30 08:26:58   Cache: 2 / 5
2022-01-30 08:39:51   Epoch[08](2/5): current batch triplet loss = 0.0071, average epoch triplet loss = 0.0175
2022-01-30 08:39:51   Cache: 3 / 5
2022-01-30 08:52:51   Epoch[08](3/5): current batch triplet loss = 0.0301, average epoch triplet loss = 0.0175
2022-01-30 08:52:51   Cache: 4 / 5
2022-01-30 09:05:45   Epoch[08](4/5): current batch triplet loss = 0.0251, average epoch triplet loss = 0.0175
2022-01-30 09:05:45   Finished epoch 08 in 1:04:36, average epoch triplet loss = 0.0175
2022-01-30 09:05:45   Extracting database features for evaluation/testing
2022-01-30 09:09:19   Extracting queries features for evaluation/testing
2022-01-30 09:12:03   Calculating recalls
2022-01-30 09:12:46   Recalls on val set < BaseDataset, pitts30k - #database: 10000; #queries: 7608 >: R@1: 88.3, R@5: 95.7, R@10: 97.5, R@20: 98.3
2022-01-30 09:12:46   Not improved: 1 / 3: best R@5 = 96.1, current R@5 = 95.7
2022-01-30 09:12:47   Start training epoch: 09
2022-01-30 09:12:47   Cache: 0 / 5
2022-01-30 09:26:25   Epoch[09](0/5): current batch triplet loss = 0.0381, average epoch triplet loss = 0.0177
2022-01-30 09:26:25   Cache: 1 / 5
2022-01-30 09:39:20   Epoch[09](1/5): current batch triplet loss = 0.0259, average epoch triplet loss = 0.0185
2022-01-30 09:39:20   Cache: 2 / 5
2022-01-30 09:52:27   Epoch[09](2/5): current batch triplet loss = 0.0265, average epoch triplet loss = 0.0183
2022-01-30 09:52:27   Cache: 3 / 5
2022-01-30 10:05:32   Epoch[09](3/5): current batch triplet loss = 0.0473, average epoch triplet loss = 0.0186
2022-01-30 10:05:32   Cache: 4 / 5
2022-01-30 10:18:27   Epoch[09](4/5): current batch triplet loss = 0.0220, average epoch triplet loss = 0.0187
2022-01-30 10:18:27   Finished epoch 09 in 1:05:40, average epoch triplet loss = 0.0187
2022-01-30 10:18:27   Extracting database features for evaluation/testing
2022-01-30 10:22:02   Extracting queries features for evaluation/testing
2022-01-30 10:24:47   Calculating recalls
2022-01-30 10:25:29   Recalls on val set < BaseDataset, pitts30k - #database: 10000; #queries: 7608 >: R@1: 88.4, R@5: 95.9, R@10: 97.5, R@20: 98.4
2022-01-30 10:25:29   Not improved: 2 / 3: best R@5 = 96.1, current R@5 = 95.9
2022-01-30 10:25:29   Start training epoch: 10
2022-01-30 10:25:29   Cache: 0 / 5
2022-01-30 10:39:09   Epoch[10](0/5): current batch triplet loss = 0.0211, average epoch triplet loss = 0.0179
2022-01-30 10:39:09   Cache: 1 / 5
2022-01-30 10:52:05   Epoch[10](1/5): current batch triplet loss = 0.0094, average epoch triplet loss = 0.0182
2022-01-30 10:52:05   Cache: 2 / 5
2022-01-30 11:05:04   Epoch[10](2/5): current batch triplet loss = 0.0062, average epoch triplet loss = 0.0185
2022-01-30 11:05:04   Cache: 3 / 5
2022-01-30 11:18:03   Epoch[10](3/5): current batch triplet loss = 0.0080, average epoch triplet loss = 0.0184
2022-01-30 11:18:03   Cache: 4 / 5
2022-01-30 11:31:01   Epoch[10](4/5): current batch triplet loss = 0.0140, average epoch triplet loss = 0.0184
2022-01-30 11:31:01   Finished epoch 10 in 1:05:31, average epoch triplet loss = 0.0184
2022-01-30 11:31:01   Extracting database features for evaluation/testing
2022-01-30 11:34:34   Extracting queries features for evaluation/testing
2022-01-30 11:37:16   Calculating recalls
2022-01-30 11:37:57   Recalls on val set < BaseDataset, pitts30k - #database: 10000; #queries: 7608 >: R@1: 88.6, R@5: 96.0, R@10: 97.6, R@20: 98.3
2022-01-30 11:37:57   Not improved: 3 / 3: best R@5 = 96.1, current R@5 = 96.0
2022-01-30 11:37:57   Performance did not improve for 3 epochs. Stop training.
2022-01-30 11:37:57   Best R@5: 96.1
2022-01-30 11:37:57   Trained for 11 epochs, in total in 3:36:53
2022-01-30 11:37:58   Test set: < BaseDataset, pitts30k - #database: 10000; #queries: 6816 >
2022-01-30 11:37:58   Extracting database features for evaluation/testing
2022-01-30 11:42:38   Extracting queries features for evaluation/testing
2022-01-30 11:45:50   Calculating recalls
2022-01-30 11:46:28   Recalls on < BaseDataset, pitts30k - #database: 10000; #queries: 6816 >: R@1: 86.0, R@5: 92.8, R@10: 94.5, R@20: 96.0
2022-01-30 11:46:28   Test set: < BaseDataset, st_lucia - #database: 1549; #queries: 1464 >
2022-01-30 11:46:28   Extracting database features for evaluation/testing
2022-01-30 11:47:08   Extracting queries features for evaluation/testing
2022-01-30 11:47:45   Calculating recalls
2022-01-30 11:47:46   Recalls on < BaseDataset, st_lucia - #database: 1549; #queries: 1464 >: R@1: 57.4, R@5: 72.2, R@10: 78.1, R@20: 84.6
