2022-01-29 08:13:16   Arguments: Namespace(aug_prob=0.5, cache_refresh_rate=1000, colab_folder='Netvlad_CS-HF', data_aug='CS-HF', dataset_name='pitts30k', datasets_folder='/content/', device='cuda', epochs_num=50, exp_name='default', infer_batch_size=16, lr=1e-05, margin=0.1, neg_samples_num=1000, negs_num_per_query=10, num_clusters=64, num_workers=8, optimizer='adam', output_folder='drive/MyDrive/Netvlad_CS-HF', patience=3, queries_per_epoch=5000, recall_values=[1, 5, 10, 20], seed=0, train_batch_size=4, train_positives_dist_threshold=10, type='NETVLAD', val_positive_dist_threshold=25)
2022-01-29 08:13:16   The outputs are being saved in drive/MyDrive/Netvlad_CS-HF
2022-01-29 08:13:16   Using 1 GPUs and 2 CPUs
2022-01-29 08:13:16   Loading dataset Pitts30k from folder /content/
2022-01-29 08:13:17   There are 96 queries without any positives within the training set. They won't be considered as they're useless for training.
2022-01-29 08:13:17   Train query set: < TripletsDataset, pitts30k - #database: 10000; #queries: 7320 >
2022-01-29 08:13:17   Val set: < BaseDataset, pitts30k - #database: 10000; #queries: 7608 >
2022-01-29 08:13:17   Train only conv4 of the ResNet-18 (remove conv5), freeze the previous ones
2022-01-29 08:13:17   Using NetVlad network
2022-01-29 08:13:19   using Adam optimizer
2022-01-29 08:13:19   Output dimension of the model is 16384
2022-01-29 08:13:20   Patience: 3
2022-01-29 08:13:20   not improved num: 0
2022-01-29 08:13:20   Start training epoch: 00
2022-01-29 08:13:20   Cache: 0 / 5
2022-01-29 08:25:56   Epoch[00](0/5): current batch triplet loss = 0.0243, average epoch triplet loss = 0.0651
2022-01-29 08:25:56   Cache: 1 / 5
2022-01-29 08:38:39   Epoch[00](1/5): current batch triplet loss = 0.0638, average epoch triplet loss = 0.0638
2022-01-29 08:38:39   Cache: 2 / 5
2022-01-29 08:51:31   Epoch[00](2/5): current batch triplet loss = 0.0594, average epoch triplet loss = 0.0611
2022-01-29 08:51:31   Cache: 3 / 5
2022-01-29 09:04:17   Epoch[00](3/5): current batch triplet loss = 0.0912, average epoch triplet loss = 0.0587
2022-01-29 09:04:17   Cache: 4 / 5
2022-01-29 09:17:07   Epoch[00](4/5): current batch triplet loss = 0.0875, average epoch triplet loss = 0.0569
2022-01-29 09:17:07   Finished epoch 00 in 1:03:47, average epoch triplet loss = 0.0569
2022-01-29 09:17:07   Extracting database features for evaluation/testing
2022-01-29 09:20:39   Extracting queries features for evaluation/testing
2022-01-29 09:23:22   Calculating recalls
2022-01-29 09:24:05   Recalls on val set < BaseDataset, pitts30k - #database: 10000; #queries: 7608 >: R@1: 84.1, R@5: 94.0, R@10: 96.1, R@20: 97.5
2022-01-29 09:24:05   Improved: previous best R@5 = 0.0, current R@5 = 94.0
2022-01-29 09:24:06   Start training epoch: 01
2022-01-29 09:24:06   Cache: 0 / 5
2022-01-29 09:37:54   Epoch[01](0/5): current batch triplet loss = 0.0576, average epoch triplet loss = 0.0478
2022-01-29 09:37:54   Cache: 1 / 5
2022-01-29 09:51:04   Epoch[01](1/5): current batch triplet loss = 0.0215, average epoch triplet loss = 0.0458
2022-01-29 09:51:04   Cache: 2 / 5
2022-01-29 10:04:13   Epoch[01](2/5): current batch triplet loss = 0.0712, average epoch triplet loss = 0.0460
2022-01-29 10:04:13   Cache: 3 / 5
2022-01-29 10:16:49   Epoch[01](3/5): current batch triplet loss = 0.0629, average epoch triplet loss = 0.0456
2022-01-29 10:16:49   Cache: 4 / 5
2022-01-29 10:29:40   Epoch[01](4/5): current batch triplet loss = 0.0512, average epoch triplet loss = 0.0454
2022-01-29 10:29:40   Finished epoch 01 in 1:05:34, average epoch triplet loss = 0.0454
2022-01-29 10:29:40   Extracting database features for evaluation/testing
2022-01-29 10:33:12   Extracting queries features for evaluation/testing
2022-01-29 10:35:54   Calculating recalls
2022-01-29 10:36:37   Recalls on val set < BaseDataset, pitts30k - #database: 10000; #queries: 7608 >: R@1: 86.4, R@5: 94.7, R@10: 96.6, R@20: 98.1
2022-01-29 10:36:37   Improved: previous best R@5 = 94.0, current R@5 = 94.7
2022-01-29 10:36:38   Start training epoch: 02
2022-01-29 10:36:38   Cache: 0 / 5
2022-01-29 10:49:59   Epoch[02](0/5): current batch triplet loss = 0.0561, average epoch triplet loss = 0.0431
2022-01-29 10:49:59   Cache: 1 / 5
2022-01-29 11:02:53   Epoch[02](1/5): current batch triplet loss = 0.0340, average epoch triplet loss = 0.0431
2022-01-29 11:02:53   Cache: 2 / 5
2022-01-29 11:15:44   Epoch[02](2/5): current batch triplet loss = 0.0023, average epoch triplet loss = 0.0427
2022-01-29 11:15:44   Cache: 3 / 5
2022-01-29 11:28:31   Epoch[02](3/5): current batch triplet loss = 0.0249, average epoch triplet loss = 0.0421
2022-01-29 11:28:31   Cache: 4 / 5
2022-01-29 11:41:05   Epoch[02](4/5): current batch triplet loss = 0.0222, average epoch triplet loss = 0.0419
2022-01-29 11:41:05   Finished epoch 02 in 1:04:27, average epoch triplet loss = 0.0419
2022-01-29 11:41:05   Extracting database features for evaluation/testing
2022-01-29 11:44:34   Extracting queries features for evaluation/testing
2022-01-30 08:01:48   Arguments: Namespace(aug_prob=0.5, cache_refresh_rate=1000, colab_folder='Netvlad_CS-HF', data_aug='CS-HF', dataset_name='pitts30k', datasets_folder='/content/', device='cuda', epochs_num=50, exp_name='default', infer_batch_size=16, lr=1e-05, margin=0.1, neg_samples_num=1000, negs_num_per_query=10, num_clusters=64, num_workers=8, optimizer='adam', output_folder='drive/MyDrive/Netvlad_CS-HF', patience=3, queries_per_epoch=5000, recall_values=[1, 5, 10, 20], seed=0, train_batch_size=4, train_positives_dist_threshold=10, type='NETVLAD', val_positive_dist_threshold=25)
2022-01-30 08:01:48   The outputs are being saved in drive/MyDrive/Netvlad_CS-HF
2022-01-30 08:01:48   Using 1 GPUs and 2 CPUs
2022-01-30 08:01:48   Loading dataset Pitts30k from folder /content/
2022-01-30 08:01:49   There are 96 queries without any positives within the training set. They won't be considered as they're useless for training.
2022-01-30 08:01:49   Train query set: < TripletsDataset, pitts30k - #database: 10000; #queries: 7320 >
2022-01-30 08:01:49   Val set: < BaseDataset, pitts30k - #database: 10000; #queries: 7608 >
2022-01-30 08:01:50   Train only conv4 of the ResNet-18 (remove conv5), freeze the previous ones
2022-01-30 08:01:50   Using NetVlad network
2022-01-30 08:01:52   using Adam optimizer
2022-01-30 08:01:52   Output dimension of the model is 16384
2022-01-30 08:01:56   Patience: 3
2022-01-30 08:01:56   not improved num: 0
2022-01-30 08:01:56   Start training epoch: 02
2022-01-30 08:01:56   Cache: 0 / 5
2022-01-30 08:14:41   Epoch[02](0/5): current batch triplet loss = 0.0144, average epoch triplet loss = 0.0350
2022-01-30 08:14:41   Cache: 1 / 5
2022-01-30 08:27:25   Epoch[02](1/5): current batch triplet loss = 0.0472, average epoch triplet loss = 0.0353
2022-01-30 08:27:25   Cache: 2 / 5
2022-01-30 08:40:08   Epoch[02](2/5): current batch triplet loss = 0.0309, average epoch triplet loss = 0.0349
2022-01-30 08:40:08   Cache: 3 / 5
2022-01-30 08:52:52   Epoch[02](3/5): current batch triplet loss = 0.0634, average epoch triplet loss = 0.0348
2022-01-30 08:52:52   Cache: 4 / 5
2022-01-30 09:05:40   Epoch[02](4/5): current batch triplet loss = 0.0516, average epoch triplet loss = 0.0345
2022-01-30 09:05:40   Finished epoch 02 in 1:03:43, average epoch triplet loss = 0.0345
2022-01-30 09:05:40   Extracting database features for evaluation/testing
2022-01-30 09:09:12   Extracting queries features for evaluation/testing
2022-01-30 09:11:54   Calculating recalls
2022-01-30 09:12:38   Recalls on val set < BaseDataset, pitts30k - #database: 10000; #queries: 7608 >: R@1: 86.4, R@5: 94.9, R@10: 96.8, R@20: 98.1
2022-01-30 09:12:38   Improved: previous best R@5 = 94.7, current R@5 = 94.9
2022-01-30 09:12:40   Start training epoch: 03
2022-01-30 09:12:40   Cache: 0 / 5
2022-01-30 09:26:21   Epoch[03](0/5): current batch triplet loss = 0.0537, average epoch triplet loss = 0.0325
2022-01-30 09:26:21   Cache: 1 / 5
2022-01-30 09:39:24   Epoch[03](1/5): current batch triplet loss = 0.0153, average epoch triplet loss = 0.0317
2022-01-30 09:39:24   Cache: 2 / 5
2022-01-30 09:52:15   Epoch[03](2/5): current batch triplet loss = 0.0571, average epoch triplet loss = 0.0323
2022-01-30 09:52:15   Cache: 3 / 5
2022-01-30 10:05:05   Epoch[03](3/5): current batch triplet loss = 0.0567, average epoch triplet loss = 0.0325
2022-01-30 10:05:05   Cache: 4 / 5
2022-01-30 10:17:57   Epoch[03](4/5): current batch triplet loss = 0.0365, average epoch triplet loss = 0.0326
2022-01-30 10:17:57   Finished epoch 03 in 1:05:17, average epoch triplet loss = 0.0326
2022-01-30 10:17:57   Extracting database features for evaluation/testing
2022-01-30 10:21:29   Extracting queries features for evaluation/testing
2022-01-30 10:24:11   Calculating recalls
2022-01-30 10:24:55   Recalls on val set < BaseDataset, pitts30k - #database: 10000; #queries: 7608 >: R@1: 87.1, R@5: 95.3, R@10: 97.1, R@20: 98.2
2022-01-30 10:24:55   Improved: previous best R@5 = 94.9, current R@5 = 95.3
2022-01-30 10:24:56   Start training epoch: 04
2022-01-30 10:24:56   Cache: 0 / 5
2022-01-30 10:39:27   Epoch[04](0/5): current batch triplet loss = 0.0476, average epoch triplet loss = 0.0348
2022-01-30 10:39:27   Cache: 1 / 5
2022-01-30 10:52:15   Epoch[04](1/5): current batch triplet loss = 0.0313, average epoch triplet loss = 0.0347
2022-01-30 10:52:15   Cache: 2 / 5
2022-01-30 11:05:08   Epoch[04](2/5): current batch triplet loss = 0.0026, average epoch triplet loss = 0.0345
2022-01-30 11:05:08   Cache: 3 / 5
2022-01-30 11:17:54   Epoch[04](3/5): current batch triplet loss = 0.0208, average epoch triplet loss = 0.0340
2022-01-30 11:17:54   Cache: 4 / 5
2022-01-30 11:30:43   Epoch[04](4/5): current batch triplet loss = 0.0177, average epoch triplet loss = 0.0339
2022-01-30 11:30:43   Finished epoch 04 in 1:05:46, average epoch triplet loss = 0.0339
2022-01-30 11:30:43   Extracting database features for evaluation/testing
2022-01-30 11:34:15   Extracting queries features for evaluation/testing
2022-01-30 11:36:57   Calculating recalls
2022-01-30 11:37:41   Recalls on val set < BaseDataset, pitts30k - #database: 10000; #queries: 7608 >: R@1: 87.1, R@5: 95.2, R@10: 97.1, R@20: 98.2
2022-01-30 11:37:41   Not improved: 1 / 3: best R@5 = 95.3, current R@5 = 95.2
2022-01-30 11:37:42   Start training epoch: 05
2022-01-30 11:37:42   Cache: 0 / 5
2022-01-30 11:52:14   Epoch[05](0/5): current batch triplet loss = 0.0331, average epoch triplet loss = 0.0316
2022-01-30 11:52:14   Cache: 1 / 5
2022-01-30 12:05:07   Epoch[05](1/5): current batch triplet loss = 0.0367, average epoch triplet loss = 0.0326
2022-01-30 12:05:07   Cache: 2 / 5
2022-01-30 12:17:53   Epoch[05](2/5): current batch triplet loss = 0.0283, average epoch triplet loss = 0.0328
2022-01-30 12:17:53   Cache: 3 / 5
2022-01-30 12:30:46   Epoch[05](3/5): current batch triplet loss = 0.0789, average epoch triplet loss = 0.0327
2022-01-30 12:30:46   Cache: 4 / 5
2022-01-30 12:43:38   Epoch[05](4/5): current batch triplet loss = 0.0273, average epoch triplet loss = 0.0327
2022-01-30 12:43:38   Finished epoch 05 in 1:05:55, average epoch triplet loss = 0.0327
2022-01-30 12:43:38   Extracting database features for evaluation/testing
2022-01-30 12:47:10   Extracting queries features for evaluation/testing
2022-01-30 12:49:53   Calculating recalls
2022-01-30 12:50:35   Recalls on val set < BaseDataset, pitts30k - #database: 10000; #queries: 7608 >: R@1: 87.1, R@5: 95.2, R@10: 97.2, R@20: 98.3
2022-01-30 12:50:35   Not improved: 2 / 3: best R@5 = 95.3, current R@5 = 95.2
2022-01-30 12:50:35   Start training epoch: 06
2022-01-30 12:50:35   Cache: 0 / 5
2022-01-30 13:04:09   Epoch[06](0/5): current batch triplet loss = 0.0013, average epoch triplet loss = 0.0323
2022-01-30 13:04:09   Cache: 1 / 5
2022-01-30 13:27:12   Arguments: Namespace(aug_prob=0.5, cache_refresh_rate=1000, colab_folder='Netvlad_CS-HF', data_aug='CS-HF', dataset_name='pitts30k', datasets_folder='/content/', device='cuda', epochs_num=50, exp_name='default', infer_batch_size=16, lr=1e-05, margin=0.1, neg_samples_num=1000, negs_num_per_query=10, num_clusters=64, num_workers=8, optimizer='adam', output_folder='drive/MyDrive/Netvlad_CS-HF', patience=3, queries_per_epoch=5000, recall_values=[1, 5, 10, 20], seed=0, train_batch_size=4, train_positives_dist_threshold=10, type='NETVLAD', val_positive_dist_threshold=25)
2022-01-30 13:27:13   The outputs are being saved in drive/MyDrive/Netvlad_CS-HF
2022-01-30 13:27:13   Using 1 GPUs and 2 CPUs
2022-01-30 13:27:13   Loading dataset Pitts30k from folder /content/
2022-01-30 13:27:13   There are 96 queries without any positives within the training set. They won't be considered as they're useless for training.
2022-01-30 13:27:13   Train query set: < TripletsDataset, pitts30k - #database: 10000; #queries: 7320 >
2022-01-30 13:27:13   Val set: < BaseDataset, pitts30k - #database: 10000; #queries: 7608 >
2022-01-30 13:27:14   Train only conv4 of the ResNet-18 (remove conv5), freeze the previous ones
2022-01-30 13:27:14   Using NetVlad network
2022-01-30 13:27:16   using Adam optimizer
2022-01-30 13:27:16   Output dimension of the model is 16384
2022-01-30 13:27:19   Patience: 3
2022-01-30 13:27:19   not improved num: 2
2022-01-30 13:27:19   Start training epoch: 06
2022-01-30 13:27:19   Cache: 0 / 5
2022-01-30 13:39:56   Epoch[06](0/5): current batch triplet loss = 0.0092, average epoch triplet loss = 0.0206
2022-01-30 13:39:56   Cache: 1 / 5
2022-01-30 13:52:29   Epoch[06](1/5): current batch triplet loss = 0.0377, average epoch triplet loss = 0.0209
2022-01-30 13:52:29   Cache: 2 / 5
2022-01-30 14:05:01   Epoch[06](2/5): current batch triplet loss = 0.0081, average epoch triplet loss = 0.0207
2022-01-30 14:05:01   Cache: 3 / 5
2022-01-30 14:17:32   Epoch[06](3/5): current batch triplet loss = 0.0547, average epoch triplet loss = 0.0211
2022-01-30 14:17:32   Cache: 4 / 5
2022-01-30 14:30:03   Epoch[06](4/5): current batch triplet loss = 0.0391, average epoch triplet loss = 0.0211
2022-01-30 14:30:03   Finished epoch 06 in 1:02:43, average epoch triplet loss = 0.0211
2022-01-30 14:30:03   Extracting database features for evaluation/testing
2022-01-30 14:33:31   Extracting queries features for evaluation/testing
2022-01-30 14:36:12   Calculating recalls
2022-01-30 14:36:54   Recalls on val set < BaseDataset, pitts30k - #database: 10000; #queries: 7608 >: R@1: 86.9, R@5: 95.2, R@10: 97.0, R@20: 98.2
2022-01-30 14:36:54   Not improved: 3 / 3: best R@5 = 95.3, current R@5 = 95.2
2022-01-30 14:36:54   Performance did not improve for 3 epochs. Stop training.
2022-01-30 14:36:54   Best R@5: 95.3
2022-01-30 14:36:54   Trained for 07 epochs, in total in 1:09:42
2022-01-30 14:36:56   Test set: < BaseDataset, pitts30k - #database: 10000; #queries: 6816 >
2022-01-30 14:36:56   Extracting database features for evaluation/testing
2022-01-30 14:41:20   Extracting queries features for evaluation/testing
2022-01-30 14:44:26   Calculating recalls
2022-01-30 14:45:04   Recalls on < BaseDataset, pitts30k - #database: 10000; #queries: 6816 >: R@1: 84.8, R@5: 92.4, R@10: 94.6, R@20: 96.4
2022-01-30 14:45:04   Test set: < BaseDataset, st_lucia - #database: 1549; #queries: 1464 >
2022-01-30 14:45:04   Extracting database features for evaluation/testing
2022-01-30 14:45:44   Extracting queries features for evaluation/testing
2022-01-31 12:09:38   Arguments: Namespace(aug_prob=0.5, cache_refresh_rate=1000, colab_folder='Netvlad_CS-HF', data_aug='CS-HF', dataset_name='pitts30k', datasets_folder='/content/', device='cuda', epochs_num=50, exp_name='default', infer_batch_size=16, lr=1e-05, margin=0.1, neg_samples_num=1000, negs_num_per_query=10, num_clusters=64, num_workers=8, optimizer='adam', output_folder='drive/MyDrive/Netvlad_CS-HF', patience=3, queries_per_epoch=5000, recall_values=[1, 5, 10, 20], seed=0, train_batch_size=4, train_positives_dist_threshold=10, type='NETVLAD', val_positive_dist_threshold=25)
2022-01-31 12:09:39   The outputs are being saved in drive/MyDrive/Netvlad_CS-HF
2022-01-31 12:09:39   Using 1 GPUs and 2 CPUs
2022-01-31 12:09:39   Loading dataset Pitts30k from folder /content/
2022-01-31 12:09:39   There are 96 queries without any positives within the training set. They won't be considered as they're useless for training.
2022-01-31 12:09:39   Train query set: < TripletsDataset, pitts30k - #database: 10000; #queries: 7320 >
2022-01-31 12:09:40   Val set: < BaseDataset, pitts30k - #database: 10000; #queries: 7608 >
2022-01-31 12:09:40   Train only conv4 of the ResNet-18 (remove conv5), freeze the previous ones
2022-01-31 12:09:40   Using NetVlad network
2022-01-31 12:09:42   using Adam optimizer
2022-01-31 12:09:42   Output dimension of the model is 16384
2022-01-31 12:09:46   Patience: 3
2022-01-31 12:09:46   not improved num: 3
2022-01-31 12:09:46   Best R@5: 95.3
2022-01-31 12:09:46   Trained for 07 epochs, in total in 0:00:07
2022-01-31 12:09:48   Test set: < BaseDataset, pitts30k - #database: 10000; #queries: 6816 >
2022-01-31 12:09:48   Extracting database features for evaluation/testing
2022-01-31 12:13:22   Extracting queries features for evaluation/testing
2022-01-31 12:15:50   Calculating recalls
2022-01-31 12:16:28   Recalls on < BaseDataset, pitts30k - #database: 10000; #queries: 6816 >: R@1: 84.8, R@5: 92.4, R@10: 94.6, R@20: 96.4
2022-01-31 12:16:28   Test set: < BaseDataset, st_lucia - #database: 1549; #queries: 1464 >
2022-01-31 12:16:28   Extracting database features for evaluation/testing
2022-01-31 12:17:22   Extracting queries features for evaluation/testing
2022-01-31 12:18:01   Calculating recalls
2022-01-31 12:18:03   Recalls on < BaseDataset, st_lucia - #database: 1549; #queries: 1464 >: R@1: 64.1, R@5: 77.5, R@10: 83.0, R@20: 88.7
