2022-01-29 08:13:16   Arguments: Namespace(aug_prob=0.5, cache_refresh_rate=1000, colab_folder='Netvlad_CS-HF', data_aug='CS-HF', dataset_name='pitts30k', datasets_folder='/content/', device='cuda', epochs_num=50, exp_name='default', infer_batch_size=16, lr=1e-05, margin=0.1, neg_samples_num=1000, negs_num_per_query=10, num_clusters=64, num_workers=8, optimizer='adam', output_folder='drive/MyDrive/Netvlad_CS-HF', patience=3, queries_per_epoch=5000, recall_values=[1, 5, 10, 20], seed=0, train_batch_size=4, train_positives_dist_threshold=10, type='NETVLAD', val_positive_dist_threshold=25)
2022-01-29 08:13:16   The outputs are being saved in drive/MyDrive/Netvlad_CS-HF
2022-01-29 08:13:16   Using 1 GPUs and 2 CPUs
2022-01-29 08:13:17   There are 96 queries without any positives within the training set. They won't be considered as they're useless for training.
2022-01-29 08:13:17   Train query set: < TripletsDataset, pitts30k - #database: 10000; #queries: 7320 >
2022-01-29 08:13:17   Val set: < BaseDataset, pitts30k - #database: 10000; #queries: 7608 >
2022-01-29 08:13:19   Output dimension of the model is 16384
2022-01-29 08:13:20   Start training epoch: 00
2022-01-29 09:17:07   Finished epoch 00 in 1:03:47, average epoch triplet loss = 0.0569
2022-01-29 09:24:05   Recalls on val set < BaseDataset, pitts30k - #database: 10000; #queries: 7608 >: R@1: 84.1, R@5: 94.0, R@10: 96.1, R@20: 97.5
2022-01-29 09:24:05   Improved: previous best R@5 = 0.0, current R@5 = 94.0
2022-01-29 09:24:06   Start training epoch: 01
2022-01-29 10:29:40   Finished epoch 01 in 1:05:34, average epoch triplet loss = 0.0454
2022-01-29 10:36:37   Recalls on val set < BaseDataset, pitts30k - #database: 10000; #queries: 7608 >: R@1: 86.4, R@5: 94.7, R@10: 96.6, R@20: 98.1
2022-01-29 10:36:37   Improved: previous best R@5 = 94.0, current R@5 = 94.7
2022-01-29 10:36:38   Start training epoch: 02
2022-01-29 11:41:05   Finished epoch 02 in 1:04:27, average epoch triplet loss = 0.0419
2022-01-30 08:01:48   Arguments: Namespace(aug_prob=0.5, cache_refresh_rate=1000, colab_folder='Netvlad_CS-HF', data_aug='CS-HF', dataset_name='pitts30k', datasets_folder='/content/', device='cuda', epochs_num=50, exp_name='default', infer_batch_size=16, lr=1e-05, margin=0.1, neg_samples_num=1000, negs_num_per_query=10, num_clusters=64, num_workers=8, optimizer='adam', output_folder='drive/MyDrive/Netvlad_CS-HF', patience=3, queries_per_epoch=5000, recall_values=[1, 5, 10, 20], seed=0, train_batch_size=4, train_positives_dist_threshold=10, type='NETVLAD', val_positive_dist_threshold=25)
2022-01-30 08:01:48   The outputs are being saved in drive/MyDrive/Netvlad_CS-HF
2022-01-30 08:01:48   Using 1 GPUs and 2 CPUs
2022-01-30 08:01:49   There are 96 queries without any positives within the training set. They won't be considered as they're useless for training.
2022-01-30 08:01:49   Train query set: < TripletsDataset, pitts30k - #database: 10000; #queries: 7320 >
2022-01-30 08:01:49   Val set: < BaseDataset, pitts30k - #database: 10000; #queries: 7608 >
2022-01-30 08:01:52   Output dimension of the model is 16384
2022-01-30 08:01:56   Start training epoch: 02
2022-01-30 09:05:40   Finished epoch 02 in 1:03:43, average epoch triplet loss = 0.0345
2022-01-30 09:12:38   Recalls on val set < BaseDataset, pitts30k - #database: 10000; #queries: 7608 >: R@1: 86.4, R@5: 94.9, R@10: 96.8, R@20: 98.1
2022-01-30 09:12:38   Improved: previous best R@5 = 94.7, current R@5 = 94.9
2022-01-30 09:12:40   Start training epoch: 03
2022-01-30 10:17:57   Finished epoch 03 in 1:05:17, average epoch triplet loss = 0.0326
2022-01-30 10:24:55   Recalls on val set < BaseDataset, pitts30k - #database: 10000; #queries: 7608 >: R@1: 87.1, R@5: 95.3, R@10: 97.1, R@20: 98.2
2022-01-30 10:24:55   Improved: previous best R@5 = 94.9, current R@5 = 95.3
2022-01-30 10:24:56   Start training epoch: 04
2022-01-30 11:30:43   Finished epoch 04 in 1:05:46, average epoch triplet loss = 0.0339
2022-01-30 11:37:41   Recalls on val set < BaseDataset, pitts30k - #database: 10000; #queries: 7608 >: R@1: 87.1, R@5: 95.2, R@10: 97.1, R@20: 98.2
2022-01-30 11:37:41   Not improved: 1 / 3: best R@5 = 95.3, current R@5 = 95.2
2022-01-30 11:37:42   Start training epoch: 05
2022-01-30 12:43:38   Finished epoch 05 in 1:05:55, average epoch triplet loss = 0.0327
2022-01-30 12:50:35   Recalls on val set < BaseDataset, pitts30k - #database: 10000; #queries: 7608 >: R@1: 87.1, R@5: 95.2, R@10: 97.2, R@20: 98.3
2022-01-30 12:50:35   Not improved: 2 / 3: best R@5 = 95.3, current R@5 = 95.2
2022-01-30 12:50:35   Start training epoch: 06
2022-01-30 13:27:12   Arguments: Namespace(aug_prob=0.5, cache_refresh_rate=1000, colab_folder='Netvlad_CS-HF', data_aug='CS-HF', dataset_name='pitts30k', datasets_folder='/content/', device='cuda', epochs_num=50, exp_name='default', infer_batch_size=16, lr=1e-05, margin=0.1, neg_samples_num=1000, negs_num_per_query=10, num_clusters=64, num_workers=8, optimizer='adam', output_folder='drive/MyDrive/Netvlad_CS-HF', patience=3, queries_per_epoch=5000, recall_values=[1, 5, 10, 20], seed=0, train_batch_size=4, train_positives_dist_threshold=10, type='NETVLAD', val_positive_dist_threshold=25)
2022-01-30 13:27:13   The outputs are being saved in drive/MyDrive/Netvlad_CS-HF
2022-01-30 13:27:13   Using 1 GPUs and 2 CPUs
2022-01-30 13:27:13   There are 96 queries without any positives within the training set. They won't be considered as they're useless for training.
2022-01-30 13:27:13   Train query set: < TripletsDataset, pitts30k - #database: 10000; #queries: 7320 >
2022-01-30 13:27:13   Val set: < BaseDataset, pitts30k - #database: 10000; #queries: 7608 >
2022-01-30 13:27:16   Output dimension of the model is 16384
2022-01-30 13:27:19   Start training epoch: 06
2022-01-30 14:30:03   Finished epoch 06 in 1:02:43, average epoch triplet loss = 0.0211
2022-01-30 14:36:54   Recalls on val set < BaseDataset, pitts30k - #database: 10000; #queries: 7608 >: R@1: 86.9, R@5: 95.2, R@10: 97.0, R@20: 98.2
2022-01-30 14:36:54   Not improved: 3 / 3: best R@5 = 95.3, current R@5 = 95.2
2022-01-30 14:36:54   Performance did not improve for 3 epochs. Stop training.
2022-01-30 14:36:54   Best R@5: 95.3
2022-01-30 14:36:54   Trained for 07 epochs, in total in 1:09:42
2022-01-30 14:36:56   Test set: < BaseDataset, pitts30k - #database: 10000; #queries: 6816 >
2022-01-30 14:45:04   Recalls on < BaseDataset, pitts30k - #database: 10000; #queries: 6816 >: R@1: 84.8, R@5: 92.4, R@10: 94.6, R@20: 96.4
2022-01-30 14:45:04   Test set: < BaseDataset, st_lucia - #database: 1549; #queries: 1464 >
2022-01-31 12:09:38   Arguments: Namespace(aug_prob=0.5, cache_refresh_rate=1000, colab_folder='Netvlad_CS-HF', data_aug='CS-HF', dataset_name='pitts30k', datasets_folder='/content/', device='cuda', epochs_num=50, exp_name='default', infer_batch_size=16, lr=1e-05, margin=0.1, neg_samples_num=1000, negs_num_per_query=10, num_clusters=64, num_workers=8, optimizer='adam', output_folder='drive/MyDrive/Netvlad_CS-HF', patience=3, queries_per_epoch=5000, recall_values=[1, 5, 10, 20], seed=0, train_batch_size=4, train_positives_dist_threshold=10, type='NETVLAD', val_positive_dist_threshold=25)
2022-01-31 12:09:39   The outputs are being saved in drive/MyDrive/Netvlad_CS-HF
2022-01-31 12:09:39   Using 1 GPUs and 2 CPUs
2022-01-31 12:09:39   There are 96 queries without any positives within the training set. They won't be considered as they're useless for training.
2022-01-31 12:09:39   Train query set: < TripletsDataset, pitts30k - #database: 10000; #queries: 7320 >
2022-01-31 12:09:40   Val set: < BaseDataset, pitts30k - #database: 10000; #queries: 7608 >
2022-01-31 12:09:42   Output dimension of the model is 16384
2022-01-31 12:09:46   Best R@5: 95.3
2022-01-31 12:09:46   Trained for 07 epochs, in total in 0:00:07
2022-01-31 12:09:48   Test set: < BaseDataset, pitts30k - #database: 10000; #queries: 6816 >
2022-01-31 12:16:28   Recalls on < BaseDataset, pitts30k - #database: 10000; #queries: 6816 >: R@1: 84.8, R@5: 92.4, R@10: 94.6, R@20: 96.4
2022-01-31 12:16:28   Test set: < BaseDataset, st_lucia - #database: 1549; #queries: 1464 >
2022-01-31 12:18:03   Recalls on < BaseDataset, st_lucia - #database: 1549; #queries: 1464 >: R@1: 64.1, R@5: 77.5, R@10: 83.0, R@20: 88.7
