2022-01-22 10:53:13   Arguments: Namespace(cache_refresh_rate=1000, colab_folder='geo-localization-notype', dataset_name='pitts30k', datasets_folder='/content/', device='cuda', epochs_num=5, exp_name='default', infer_batch_size=16, lr=1e-05, margin=0.1, neg_samples_num=1000, negs_num_per_query=10, num_clusters=64, num_workers=8, output_folder='drive/MyDrive/geo-localization-notype', patience=3, queries_per_epoch=5000, recall_values=[1, 5, 10, 20], seed=0, train_batch_size=4, train_positives_dist_threshold=10, type='default', val_positive_dist_threshold=25)
2022-01-22 10:53:13   The outputs are being saved in drive/MyDrive/geo-localization-notype
2022-01-22 10:53:13   Using 1 GPUs and 2 CPUs
2022-01-22 10:53:14   There are 96 queries without any positives within the training set. They won't be considered as they're useless for training.
2022-01-22 10:53:14   Train query set: < TripletsDataset, pitts30k - #database: 10000; #queries: 7320 >
2022-01-22 10:53:14   Val set: < BaseDataset, pitts30k - #database: 10000; #queries: 7608 >
2022-01-22 10:53:14   Test set: < BaseDataset, pitts30k - #database: 10000; #queries: 6816 >
2022-01-22 10:53:17   Output dimension of the model is 256
2022-01-22 10:53:17   Start training epoch: 00
2022-01-22 11:31:44   Finished epoch 00 in 0:38:26, average epoch triplet loss = 0.0712
2022-01-22 11:36:31   Recalls on val set < BaseDataset, pitts30k - #database: 10000; #queries: 7608 >: R@1: 57.0, R@5: 77.4, R@10: 84.6, R@20: 89.9
2022-01-22 11:36:31   Improved: previous best R@5 = 0.0, current R@5 = 77.4
2022-01-22 11:36:31   Start training epoch: 01
2022-01-22 12:14:57   Finished epoch 01 in 0:38:26, average epoch triplet loss = 0.0609
2022-01-22 12:19:45   Recalls on val set < BaseDataset, pitts30k - #database: 10000; #queries: 7608 >: R@1: 59.5, R@5: 78.8, R@10: 85.0, R@20: 90.4
2022-01-22 12:19:46   Improved: previous best R@5 = 77.4, current R@5 = 78.8
2022-01-22 12:19:46   Start training epoch: 02
2022-01-22 12:58:17   Finished epoch 02 in 0:38:31, average epoch triplet loss = 0.0549
2022-01-22 13:03:06   Recalls on val set < BaseDataset, pitts30k - #database: 10000; #queries: 7608 >: R@1: 60.4, R@5: 80.0, R@10: 86.1, R@20: 91.0
2022-01-22 13:03:06   Improved: previous best R@5 = 78.8, current R@5 = 80.0
2022-01-22 13:03:06   Start training epoch: 03
2022-01-22 13:41:45   Finished epoch 03 in 0:38:38, average epoch triplet loss = 0.0513
2022-01-22 13:46:32   Recalls on val set < BaseDataset, pitts30k - #database: 10000; #queries: 7608 >: R@1: 61.6, R@5: 80.9, R@10: 86.6, R@20: 91.7
2022-01-22 13:46:33   Improved: previous best R@5 = 80.0, current R@5 = 80.9
2022-01-22 13:46:33   Start training epoch: 04
2022-01-22 14:25:07   Finished epoch 04 in 0:38:34, average epoch triplet loss = 0.0487
2022-01-22 14:50:37   Arguments: Namespace(cache_refresh_rate=1000, colab_folder='geo-localization-notype', dataset_name='pitts30k', datasets_folder='/content/', device='cuda', epochs_num=50, exp_name='default', infer_batch_size=16, lr=1e-05, margin=0.1, neg_samples_num=1000, negs_num_per_query=10, num_clusters=64, num_workers=8, output_folder='drive/MyDrive/geo-localization-notype', patience=3, queries_per_epoch=5000, recall_values=[1, 5, 10, 20], seed=0, train_batch_size=4, train_positives_dist_threshold=10, type='default', val_positive_dist_threshold=25)
2022-01-22 14:50:37   The outputs are being saved in drive/MyDrive/geo-localization-notype
2022-01-22 14:50:37   Using 1 GPUs and 2 CPUs
2022-01-22 14:50:38   There are 96 queries without any positives within the training set. They won't be considered as they're useless for training.
2022-01-22 14:50:38   Train query set: < TripletsDataset, pitts30k - #database: 10000; #queries: 7320 >
2022-01-22 14:50:38   Val set: < BaseDataset, pitts30k - #database: 10000; #queries: 7608 >
2022-01-22 14:50:38   Test set: < BaseDataset, pitts30k - #database: 10000; #queries: 6816 >
2022-01-22 14:50:42   Output dimension of the model is 256
2022-01-22 14:50:44   Start training epoch: 04
2022-01-22 15:13:49   Finished epoch 04 in 0:23:05, average epoch triplet loss = 0.0363
2022-01-22 15:17:00   Recalls on val set < BaseDataset, pitts30k - #database: 10000; #queries: 7608 >: R@1: 61.0, R@5: 80.4, R@10: 86.3, R@20: 91.4
2022-01-22 15:17:01   Improved: previous best R@5 = 80.0, current R@5 = 80.4
2022-01-22 15:17:01   Start training epoch: 05
2022-01-22 15:40:24   Finished epoch 05 in 0:23:22, average epoch triplet loss = 0.0369
2022-01-22 15:43:36   Recalls on val set < BaseDataset, pitts30k - #database: 10000; #queries: 7608 >: R@1: 60.1, R@5: 79.5, R@10: 85.9, R@20: 91.0
2022-01-22 15:43:36   Not improved: 1 / 3: best R@5 = 80.4, current R@5 = 79.5
2022-01-22 15:43:36   Start training epoch: 06
2022-01-22 16:06:54   Finished epoch 06 in 0:23:18, average epoch triplet loss = 0.0356
2022-01-22 16:10:08   Recalls on val set < BaseDataset, pitts30k - #database: 10000; #queries: 7608 >: R@1: 60.6, R@5: 80.4, R@10: 86.4, R@20: 91.5
2022-01-22 16:10:08   Not improved: 2 / 3: best R@5 = 80.4, current R@5 = 80.4
2022-01-22 16:10:08   Start training epoch: 07
2022-01-22 16:33:35   Finished epoch 07 in 0:23:26, average epoch triplet loss = 0.0356
2022-01-22 16:36:48   Recalls on val set < BaseDataset, pitts30k - #database: 10000; #queries: 7608 >: R@1: 61.2, R@5: 80.8, R@10: 87.0, R@20: 91.9
2022-01-22 16:36:48   Improved: previous best R@5 = 80.4, current R@5 = 80.8
2022-01-22 16:36:48   Start training epoch: 08
2022-01-22 17:00:16   Finished epoch 08 in 0:23:27, average epoch triplet loss = 0.0363
2022-01-22 17:03:29   Recalls on val set < BaseDataset, pitts30k - #database: 10000; #queries: 7608 >: R@1: 61.2, R@5: 81.2, R@10: 87.0, R@20: 91.9
2022-01-22 17:03:30   Improved: previous best R@5 = 80.8, current R@5 = 81.2
2022-01-22 17:03:30   Start training epoch: 09
2022-01-22 17:26:39   Finished epoch 09 in 0:23:09, average epoch triplet loss = 0.0350
2022-01-22 17:29:54   Recalls on val set < BaseDataset, pitts30k - #database: 10000; #queries: 7608 >: R@1: 60.6, R@5: 80.4, R@10: 86.4, R@20: 91.7
2022-01-22 17:29:54   Not improved: 1 / 3: best R@5 = 81.2, current R@5 = 80.4
2022-01-22 17:29:54   Start training epoch: 10
2022-01-22 17:53:23   Finished epoch 10 in 0:23:29, average epoch triplet loss = 0.0345
2022-01-22 17:56:38   Recalls on val set < BaseDataset, pitts30k - #database: 10000; #queries: 7608 >: R@1: 61.4, R@5: 81.2, R@10: 87.7, R@20: 92.4
2022-01-22 17:56:39   Improved: previous best R@5 = 81.2, current R@5 = 81.2
2022-01-22 17:56:39   Start training epoch: 11
2022-01-22 18:20:04   Finished epoch 11 in 0:23:25, average epoch triplet loss = 0.0333
2022-01-22 18:23:18   Recalls on val set < BaseDataset, pitts30k - #database: 10000; #queries: 7608 >: R@1: 61.2, R@5: 81.6, R@10: 87.7, R@20: 92.4
2022-01-22 18:23:18   Improved: previous best R@5 = 81.2, current R@5 = 81.6
2022-01-22 18:23:18   Start training epoch: 12
2022-01-22 18:46:45   Finished epoch 12 in 0:23:26, average epoch triplet loss = 0.0331
2022-01-22 18:50:00   Recalls on val set < BaseDataset, pitts30k - #database: 10000; #queries: 7608 >: R@1: 62.0, R@5: 81.7, R@10: 87.8, R@20: 92.6
2022-01-22 18:50:00   Improved: previous best R@5 = 81.6, current R@5 = 81.7
2022-01-22 18:50:00   Start training epoch: 13
2022-01-22 19:13:37   Finished epoch 13 in 0:23:36, average epoch triplet loss = 0.0318
2022-01-22 19:16:51   Recalls on val set < BaseDataset, pitts30k - #database: 10000; #queries: 7608 >: R@1: 61.0, R@5: 81.7, R@10: 87.8, R@20: 92.5
2022-01-22 19:16:51   Not improved: 1 / 3: best R@5 = 81.7, current R@5 = 81.7
2022-01-22 19:16:51   Start training epoch: 14
2022-01-22 19:40:24   Finished epoch 14 in 0:23:33, average epoch triplet loss = 0.0306
2022-01-22 19:43:39   Recalls on val set < BaseDataset, pitts30k - #database: 10000; #queries: 7608 >: R@1: 61.1, R@5: 81.6, R@10: 87.7, R@20: 92.3
2022-01-22 19:43:39   Not improved: 2 / 3: best R@5 = 81.7, current R@5 = 81.6
2022-01-22 19:43:39   Start training epoch: 15
2022-01-22 20:07:12   Finished epoch 15 in 0:23:32, average epoch triplet loss = 0.0300
2022-01-22 20:10:28   Recalls on val set < BaseDataset, pitts30k - #database: 10000; #queries: 7608 >: R@1: 60.9, R@5: 81.5, R@10: 87.9, R@20: 92.7
2022-01-22 20:10:28   Not improved: 3 / 3: best R@5 = 81.7, current R@5 = 81.5
2022-01-22 20:10:28   Performance did not improve for 3 epochs. Stop training.
2022-01-22 20:10:28   Best R@5: 81.7
2022-01-22 20:10:28   Trained for 17 epochs, in total in 5:19:51
2022-01-22 20:13:37   Recalls on < BaseDataset, pitts30k - #database: 10000; #queries: 6816 >: R@1: 61.2, R@5: 81.5, R@10: 87.8, R@20: 92.1
