2022-02-09 17:19:52   Arguments: Namespace(att='default', aug_prob=0.5, cache_refresh_rate=1000, colab_folder='Run_11_Netvlad_sos_lam1', data_aug=None, dataset_name='pitts30k', datasets_folder='/content/', device='cuda', epochs_num=50, exp_name='default', infer_batch_size=16, loss_function='sos', lr=1e-05, margin=0.1, neg_samples_num=1000, negs_num_per_query=10, num_clusters=64, num_workers=8, optimizer='adam', output_folder='drive/MyDrive/Run_11_Netvlad_sos_lam1', patience=3, queries_per_epoch=5000, recall_values=[1, 5, 10, 20], seed=0, sos_lambda=1, train_batch_size=4, train_positives_dist_threshold=10, type='NETVLAD', val_positive_dist_threshold=25)
2022-02-09 17:19:52   The outputs are being saved in drive/MyDrive/Run_11_Netvlad_sos_lam1
2022-02-09 17:19:52   Using 1 GPUs and 2 CPUs
2022-02-09 17:19:52   Loading dataset Pitts30k from folder /content/
2022-02-09 17:19:53   There are 96 queries without any positives within the training set. They won't be considered as they're useless for training.
2022-02-09 17:19:53   Train query set: < TripletsDataset, pitts30k - #database: 10000; #queries: 7320 >
2022-02-09 17:19:53   Val set: < BaseDataset, pitts30k - #database: 10000; #queries: 7608 >
2022-02-09 17:19:53   Train only conv4 of the ResNet-18 (remove conv5), freeze the previous ones
2022-02-09 17:19:53   Using NetVlad network
2022-02-09 17:19:56   using Adam optimizer
2022-02-09 17:19:56   Using sos loss with lambda= {args.sos_lambda} 
2022-02-09 17:19:56   Output dimension of the model is 16384
2022-02-09 17:19:57   Patience: 3
2022-02-09 17:19:57   not improved num: 0
2022-02-09 17:19:57   Start training epoch: 00
2022-02-09 17:19:57   Cache: 0 / 5
2022-02-09 17:26:26   Epoch[00](0/5): current batch triplet loss = 0.0641, average epoch triplet loss = 0.0630
2022-02-09 17:26:26   Cache: 1 / 5
2022-02-09 17:33:01   Epoch[00](1/5): current batch triplet loss = 0.0736, average epoch triplet loss = 0.0601
2022-02-09 17:33:01   Cache: 2 / 5
2022-02-09 17:39:35   Epoch[00](2/5): current batch triplet loss = 0.0360, average epoch triplet loss = 0.0580
2022-02-09 17:39:35   Cache: 3 / 5
2022-02-09 17:46:18   Epoch[00](3/5): current batch triplet loss = 0.0611, average epoch triplet loss = 0.0567
2022-02-09 17:46:18   Cache: 4 / 5
2022-02-09 17:53:06   Epoch[00](4/5): current batch triplet loss = 0.0690, average epoch triplet loss = 0.0558
2022-02-09 17:53:06   Finished epoch 00 in 0:33:09, average epoch triplet loss = 0.0558
2022-02-09 17:53:06   Extracting database features for evaluation/testing
2022-02-09 17:55:07   Extracting queries features for evaluation/testing
2022-02-09 17:56:39   Calculating recalls
2022-02-09 17:57:11   Recalls on val set < BaseDataset, pitts30k - #database: 10000; #queries: 7608 >: R@1: 85.6, R@5: 94.5, R@10: 96.6, R@20: 97.9
2022-02-09 17:57:11   Improved: previous best R@5 = 0.0, current R@5 = 94.5
2022-02-09 17:57:12   Start training epoch: 01
2022-02-09 17:57:12   Cache: 0 / 5
2022-02-09 18:06:10   Epoch[01](0/5): current batch triplet loss = 0.0680, average epoch triplet loss = 0.0503
2022-02-09 18:06:10   Cache: 1 / 5
2022-02-09 18:12:51   Epoch[01](1/5): current batch triplet loss = 0.0486, average epoch triplet loss = 0.0501
2022-02-09 18:12:51   Cache: 2 / 5
2022-02-09 18:19:38   Epoch[01](2/5): current batch triplet loss = 0.0582, average epoch triplet loss = 0.0497
2022-02-09 18:19:38   Cache: 3 / 5
2022-02-09 18:26:31   Epoch[01](3/5): current batch triplet loss = 0.0521, average epoch triplet loss = 0.0496
2022-02-09 18:26:31   Cache: 4 / 5
2022-02-09 18:33:20   Epoch[01](4/5): current batch triplet loss = 0.0769, average epoch triplet loss = 0.0496
2022-02-09 18:33:20   Finished epoch 01 in 0:36:07, average epoch triplet loss = 0.0496
2022-02-09 18:33:20   Extracting database features for evaluation/testing
2022-02-09 18:35:20   Extracting queries features for evaluation/testing
2022-02-09 18:36:52   Calculating recalls
2022-02-09 18:37:26   Recalls on val set < BaseDataset, pitts30k - #database: 10000; #queries: 7608 >: R@1: 87.4, R@5: 95.5, R@10: 97.3, R@20: 98.3
2022-02-09 18:37:26   Improved: previous best R@5 = 94.5, current R@5 = 95.5
2022-02-09 18:37:27   Start training epoch: 02
2022-02-09 18:37:27   Cache: 0 / 5
2022-02-09 18:47:25   Epoch[02](0/5): current batch triplet loss = 0.0387, average epoch triplet loss = 0.0468
2022-02-09 18:47:25   Cache: 1 / 5
2022-02-09 18:54:14   Epoch[02](1/5): current batch triplet loss = 0.0355, average epoch triplet loss = 0.0472
2022-02-09 18:54:14   Cache: 2 / 5
2022-02-09 19:01:03   Epoch[02](2/5): current batch triplet loss = 0.0356, average epoch triplet loss = 0.0469
2022-02-09 19:01:03   Cache: 3 / 5
2022-02-09 19:07:54   Epoch[02](3/5): current batch triplet loss = 0.0384, average epoch triplet loss = 0.0465
2022-02-09 19:07:54   Cache: 4 / 5
2022-02-09 19:14:46   Epoch[02](4/5): current batch triplet loss = 0.0360, average epoch triplet loss = 0.0464
2022-02-09 19:14:46   Finished epoch 02 in 0:37:19, average epoch triplet loss = 0.0464
2022-02-09 19:14:46   Extracting database features for evaluation/testing
2022-02-10 16:13:00   Arguments: Namespace(att='default', aug_prob=0.5, cache_refresh_rate=1000, colab_folder='Run_11_Netvlad_sos_lam1', data_aug=None, dataset_name='pitts30k', datasets_folder='/content/', device='cuda', epochs_num=50, exp_name='default', infer_batch_size=16, loss_function='sos', lr=1e-05, margin=0.1, neg_samples_num=1000, negs_num_per_query=10, num_clusters=64, num_workers=8, optimizer='adam', output_folder='drive/MyDrive/Run_11_Netvlad_sos_lam1', patience=3, queries_per_epoch=5000, recall_values=[1, 5, 10, 20], seed=0, sos_lambda=1, train_batch_size=4, train_positives_dist_threshold=10, type='NETVLAD', val_positive_dist_threshold=25)
2022-02-10 16:13:01   The outputs are being saved in drive/MyDrive/Run_11_Netvlad_sos_lam1
2022-02-10 16:13:01   Using 1 GPUs and 2 CPUs
2022-02-10 16:13:01   Loading dataset Pitts30k from folder /content/
2022-02-10 16:13:01   There are 96 queries without any positives within the training set. They won't be considered as they're useless for training.
2022-02-10 16:13:01   Train query set: < TripletsDataset, pitts30k - #database: 10000; #queries: 7320 >
2022-02-10 16:13:02   Val set: < BaseDataset, pitts30k - #database: 10000; #queries: 7608 >
2022-02-10 16:13:02   Train only conv4 of the ResNet-18 (remove conv5), freeze the previous ones
2022-02-10 16:13:02   Using NetVlad network
2022-02-10 16:13:05   using Adam optimizer
2022-02-10 16:13:05   Using sos loss with lambda= 1 
2022-02-10 16:13:05   Output dimension of the model is 16384
2022-02-10 16:13:07   Patience: 3
2022-02-10 16:13:07   not improved num: 0
2022-02-10 16:13:07   Start training epoch: 02
2022-02-10 16:13:07   Cache: 0 / 5
2022-02-10 16:19:34   Epoch[02](0/5): current batch triplet loss = 0.0328, average epoch triplet loss = 0.0422
2022-02-10 16:19:34   Cache: 1 / 5
2022-02-10 16:26:08   Epoch[02](1/5): current batch triplet loss = 0.0469, average epoch triplet loss = 0.0416
2022-02-10 16:26:08   Cache: 2 / 5
2022-02-10 16:32:43   Epoch[02](2/5): current batch triplet loss = 0.0278, average epoch triplet loss = 0.0413
2022-02-10 16:32:43   Cache: 3 / 5
2022-02-10 16:39:27   Epoch[02](3/5): current batch triplet loss = 0.0546, average epoch triplet loss = 0.0411
2022-02-10 16:39:27   Cache: 4 / 5
2022-02-10 16:46:11   Epoch[02](4/5): current batch triplet loss = 0.0530, average epoch triplet loss = 0.0411
2022-02-10 16:46:11   Finished epoch 02 in 0:33:03, average epoch triplet loss = 0.0411
2022-02-10 16:46:11   Extracting database features for evaluation/testing
2022-02-10 16:48:03   Extracting queries features for evaluation/testing
2022-02-10 16:49:29   Calculating recalls
2022-02-10 16:50:02   Recalls on val set < BaseDataset, pitts30k - #database: 10000; #queries: 7608 >: R@1: 87.5, R@5: 95.5, R@10: 97.2, R@20: 98.2
2022-02-10 16:50:02   Not improved: 1 / 3: best R@5 = 95.5, current R@5 = 95.5
2022-02-10 16:50:02   Start training epoch: 03
2022-02-10 16:50:02   Cache: 0 / 5
2022-02-10 16:58:11   Epoch[03](0/5): current batch triplet loss = 0.0520, average epoch triplet loss = 0.0402
2022-02-10 16:58:11   Cache: 1 / 5
2022-02-10 17:05:12   Epoch[03](1/5): current batch triplet loss = 0.0392, average epoch triplet loss = 0.0402
2022-02-10 17:05:12   Cache: 2 / 5
2022-02-10 17:11:46   Epoch[03](2/5): current batch triplet loss = 0.0402, average epoch triplet loss = 0.0399
2022-02-10 17:11:46   Cache: 3 / 5
2022-02-10 17:18:24   Epoch[03](3/5): current batch triplet loss = 0.0455, average epoch triplet loss = 0.0402
2022-02-10 17:18:24   Cache: 4 / 5
2022-02-10 17:24:58   Epoch[03](4/5): current batch triplet loss = 0.0530, average epoch triplet loss = 0.0402
2022-02-10 17:24:58   Finished epoch 03 in 0:34:56, average epoch triplet loss = 0.0402
2022-02-10 17:24:58   Extracting database features for evaluation/testing
2022-02-10 17:26:52   Extracting queries features for evaluation/testing
2022-02-10 17:28:20   Calculating recalls
2022-02-10 17:28:54   Recalls on val set < BaseDataset, pitts30k - #database: 10000; #queries: 7608 >: R@1: 88.0, R@5: 95.9, R@10: 97.4, R@20: 98.4
2022-02-10 17:28:54   Improved: previous best R@5 = 95.5, current R@5 = 95.9
2022-02-10 17:28:55   Start training epoch: 04
2022-02-10 17:28:55   Cache: 0 / 5
2022-02-10 17:37:41   Epoch[04](0/5): current batch triplet loss = 0.0370, average epoch triplet loss = 0.0404
2022-02-10 17:37:41   Cache: 1 / 5
2022-02-10 17:44:18   Epoch[04](1/5): current batch triplet loss = 0.0330, average epoch triplet loss = 0.0409
2022-02-10 17:44:18   Cache: 2 / 5
2022-02-10 17:50:56   Epoch[04](2/5): current batch triplet loss = 0.0289, average epoch triplet loss = 0.0409
2022-02-10 17:50:56   Cache: 3 / 5
2022-02-10 17:57:34   Epoch[04](3/5): current batch triplet loss = 0.0309, average epoch triplet loss = 0.0407
2022-02-10 17:57:34   Cache: 4 / 5
2022-02-10 18:04:19   Epoch[04](4/5): current batch triplet loss = 0.0291, average epoch triplet loss = 0.0405
2022-02-10 18:04:19   Finished epoch 04 in 0:35:24, average epoch triplet loss = 0.0405
2022-02-10 18:04:19   Extracting database features for evaluation/testing
2022-02-10 18:06:16   Extracting queries features for evaluation/testing
2022-02-10 18:07:43   Calculating recalls
2022-02-10 18:08:16   Recalls on val set < BaseDataset, pitts30k - #database: 10000; #queries: 7608 >: R@1: 87.9, R@5: 95.9, R@10: 97.2, R@20: 98.3
2022-02-10 18:08:16   Not improved: 1 / 3: best R@5 = 95.9, current R@5 = 95.9
2022-02-10 18:08:16   Start training epoch: 05
2022-02-10 18:08:16   Cache: 0 / 5
2022-02-10 18:17:06   Epoch[05](0/5): current batch triplet loss = 0.0299, average epoch triplet loss = 0.0382
2022-02-10 18:17:06   Cache: 1 / 5
2022-02-10 18:23:42   Epoch[05](1/5): current batch triplet loss = 0.0392, average epoch triplet loss = 0.0390
2022-02-10 18:23:42   Cache: 2 / 5
2022-02-10 18:30:23   Epoch[05](2/5): current batch triplet loss = 0.0319, average epoch triplet loss = 0.0397
2022-02-10 18:30:23   Cache: 3 / 5
2022-02-10 18:37:10   Epoch[05](3/5): current batch triplet loss = 0.0906, average epoch triplet loss = 0.0396
2022-02-10 18:37:10   Cache: 4 / 5
2022-02-10 18:43:57   Epoch[05](4/5): current batch triplet loss = 0.0442, average epoch triplet loss = 0.0397
2022-02-10 18:43:57   Finished epoch 05 in 0:35:40, average epoch triplet loss = 0.0397
2022-02-10 18:43:57   Extracting database features for evaluation/testing
2022-02-10 18:45:53   Extracting queries features for evaluation/testing
2022-02-10 18:47:20   Calculating recalls
2022-02-10 18:47:53   Recalls on val set < BaseDataset, pitts30k - #database: 10000; #queries: 7608 >: R@1: 88.0, R@5: 95.9, R@10: 97.4, R@20: 98.3
2022-02-10 18:47:53   Improved: previous best R@5 = 95.9, current R@5 = 95.9
2022-02-10 18:47:54   Start training epoch: 06
2022-02-10 18:47:54   Cache: 0 / 5
2022-02-10 18:56:47   Epoch[06](0/5): current batch triplet loss = 0.0256, average epoch triplet loss = 0.0389
2022-02-10 18:56:47   Cache: 1 / 5
2022-02-10 19:03:28   Epoch[06](1/5): current batch triplet loss = 0.0306, average epoch triplet loss = 0.0385
2022-02-10 19:03:28   Cache: 2 / 5
2022-02-10 19:10:08   Epoch[06](2/5): current batch triplet loss = 0.0491, average epoch triplet loss = 0.0383
2022-02-10 19:10:08   Cache: 3 / 5
2022-02-10 19:16:51   Epoch[06](3/5): current batch triplet loss = 0.0470, average epoch triplet loss = 0.0387
2022-02-10 19:16:51   Cache: 4 / 5
2022-02-10 19:23:35   Epoch[06](4/5): current batch triplet loss = 0.0299, average epoch triplet loss = 0.0390
2022-02-10 19:23:35   Finished epoch 06 in 0:35:41, average epoch triplet loss = 0.0390
2022-02-10 19:23:35   Extracting database features for evaluation/testing
2022-02-10 19:25:33   Extracting queries features for evaluation/testing
2022-02-10 19:27:01   Calculating recalls
2022-02-10 19:27:34   Recalls on val set < BaseDataset, pitts30k - #database: 10000; #queries: 7608 >: R@1: 88.4, R@5: 95.6, R@10: 97.3, R@20: 98.3
2022-02-10 19:27:34   Not improved: 1 / 3: best R@5 = 95.9, current R@5 = 95.6
2022-02-10 19:27:34   Start training epoch: 07
2022-02-10 19:27:34   Cache: 0 / 5
2022-02-10 19:36:27   Epoch[07](0/5): current batch triplet loss = 0.0255, average epoch triplet loss = 0.0387
2022-02-10 19:36:27   Cache: 1 / 5
2022-02-10 19:43:10   Epoch[07](1/5): current batch triplet loss = 0.0386, average epoch triplet loss = 0.0377
2022-02-10 19:43:10   Cache: 2 / 5
2022-02-10 19:49:50   Epoch[07](2/5): current batch triplet loss = 0.0233, average epoch triplet loss = 0.0379
2022-02-10 19:49:50   Cache: 3 / 5
2022-02-10 19:56:34   Epoch[07](3/5): current batch triplet loss = 0.0235, average epoch triplet loss = 0.0377
2022-02-10 19:56:34   Cache: 4 / 5
2022-02-11 16:10:51   Arguments: Namespace(att='default', aug_prob=0.5, cache_refresh_rate=1000, colab_folder='Run_11_Netvlad_sos_lam1', data_aug=None, dataset_name='pitts30k', datasets_folder='/content/', device='cuda', epochs_num=50, exp_name='default', infer_batch_size=16, loss_function='sos', lr=1e-05, margin=0.1, neg_samples_num=1000, negs_num_per_query=10, num_clusters=64, num_workers=8, optimizer='adam', output_folder='drive/MyDrive/Run_11_Netvlad_sos_lam1', patience=3, queries_per_epoch=5000, recall_values=[1, 5, 10, 20], seed=0, sos_lambda=1, train_batch_size=4, train_positives_dist_threshold=10, type='NETVLAD', val_positive_dist_threshold=25)
2022-02-11 16:10:51   The outputs are being saved in drive/MyDrive/Run_11_Netvlad_sos_lam1
2022-02-11 16:10:51   Using 1 GPUs and 2 CPUs
2022-02-11 16:10:51   Loading dataset Pitts30k from folder /content/
2022-02-11 16:10:52   There are 96 queries without any positives within the training set. They won't be considered as they're useless for training.
2022-02-11 16:10:52   Train query set: < TripletsDataset, pitts30k - #database: 10000; #queries: 7320 >
2022-02-11 16:10:52   Val set: < BaseDataset, pitts30k - #database: 10000; #queries: 7608 >
2022-02-11 16:10:52   Train only conv4 of the ResNet-18 (remove conv5), freeze the previous ones
2022-02-11 16:10:52   Using NetVlad network
2022-02-11 16:10:55   using Adam optimizer
2022-02-11 16:10:55   Using sos loss with lambda= 1 
2022-02-11 16:10:55   Output dimension of the model is 16384
2022-02-11 16:10:57   Patience: 3
2022-02-11 16:10:57   not improved num: 1
2022-02-11 16:10:57   Start training epoch: 07
2022-02-11 16:10:57   Cache: 0 / 5
2022-02-11 16:17:35   Epoch[07](0/5): current batch triplet loss = 0.0219, average epoch triplet loss = 0.0300
2022-02-11 16:17:35   Cache: 1 / 5
2022-02-11 16:24:20   Epoch[07](1/5): current batch triplet loss = 0.0332, average epoch triplet loss = 0.0301
2022-02-11 16:24:20   Cache: 2 / 5
2022-02-11 16:31:04   Epoch[07](2/5): current batch triplet loss = 0.0239, average epoch triplet loss = 0.0298
2022-02-11 16:31:04   Cache: 3 / 5
2022-02-11 16:37:52   Epoch[07](3/5): current batch triplet loss = 0.0411, average epoch triplet loss = 0.0299
2022-02-11 16:37:52   Cache: 4 / 5
2022-02-11 16:44:38   Epoch[07](4/5): current batch triplet loss = 0.0354, average epoch triplet loss = 0.0299
2022-02-11 16:44:38   Finished epoch 07 in 0:33:40, average epoch triplet loss = 0.0299
2022-02-11 16:44:38   Extracting database features for evaluation/testing
2022-02-11 16:46:36   Extracting queries features for evaluation/testing
2022-02-11 16:48:05   Calculating recalls
2022-02-11 16:48:40   Recalls on val set < BaseDataset, pitts30k - #database: 10000; #queries: 7608 >: R@1: 88.1, R@5: 95.6, R@10: 97.1, R@20: 98.1
2022-02-11 16:48:40   Not improved: 2 / 3: best R@5 = 95.9, current R@5 = 95.6
2022-02-11 16:48:41   Start training epoch: 08
2022-02-11 16:48:41   Cache: 0 / 5
2022-02-11 16:57:34   Epoch[08](0/5): current batch triplet loss = 0.0308, average epoch triplet loss = 0.0302
2022-02-11 16:57:34   Cache: 1 / 5
2022-02-11 17:04:37   Epoch[08](1/5): current batch triplet loss = 0.0284, average epoch triplet loss = 0.0303
2022-02-11 17:04:37   Cache: 2 / 5
2022-02-11 17:11:52   Epoch[08](2/5): current batch triplet loss = 0.0234, average epoch triplet loss = 0.0300
2022-02-11 17:11:52   Cache: 3 / 5
2022-02-11 17:18:54   Epoch[08](3/5): current batch triplet loss = 0.0378, average epoch triplet loss = 0.0303
2022-02-11 17:18:54   Cache: 4 / 5
2022-02-11 17:25:55   Epoch[08](4/5): current batch triplet loss = 0.0403, average epoch triplet loss = 0.0304
2022-02-11 17:25:55   Finished epoch 08 in 0:37:14, average epoch triplet loss = 0.0304
2022-02-11 17:25:55   Extracting database features for evaluation/testing
2022-02-11 17:27:58   Extracting queries features for evaluation/testing
2022-02-11 17:29:32   Calculating recalls
2022-02-11 17:30:08   Recalls on val set < BaseDataset, pitts30k - #database: 10000; #queries: 7608 >: R@1: 88.1, R@5: 95.7, R@10: 97.2, R@20: 98.4
2022-02-11 17:30:08   Not improved: 3 / 3: best R@5 = 95.9, current R@5 = 95.7
2022-02-11 17:30:09   Performance did not improve for 3 epochs. Stop training.
2022-02-11 17:30:09   Best R@5: 95.9
2022-02-11 17:30:09   Trained for 09 epochs, in total in 1:19:17
2022-02-11 17:30:10   Test set: < BaseDataset, pitts30k - #database: 10000; #queries: 6816 >
2022-02-11 17:30:10   Extracting database features for evaluation/testing
2022-02-11 17:35:05   Extracting queries features for evaluation/testing
2022-02-11 17:38:20   Calculating recalls
2022-02-11 17:38:53   Recalls on < BaseDataset, pitts30k - #database: 10000; #queries: 6816 >: R@1: 86.4, R@5: 93.3, R@10: 95.0, R@20: 96.6
2022-02-11 17:38:53   Test set: < BaseDataset, st_lucia - #database: 1549; #queries: 1464 >
2022-02-11 17:38:53   Extracting database features for evaluation/testing
2022-02-11 17:39:29   Extracting queries features for evaluation/testing
2022-02-11 17:39:59   Calculating recalls
2022-02-11 17:40:00   Recalls on < BaseDataset, st_lucia - #database: 1549; #queries: 1464 >: R@1: 55.1, R@5: 71.7, R@10: 77.9, R@20: 83.1
