2022-02-09 17:19:52   Arguments: Namespace(att='default', aug_prob=0.5, cache_refresh_rate=1000, colab_folder='Run_11_Netvlad_sos_lam1', data_aug=None, dataset_name='pitts30k', datasets_folder='/content/', device='cuda', epochs_num=50, exp_name='default', infer_batch_size=16, loss_function='sos', lr=1e-05, margin=0.1, neg_samples_num=1000, negs_num_per_query=10, num_clusters=64, num_workers=8, optimizer='adam', output_folder='drive/MyDrive/Run_11_Netvlad_sos_lam1', patience=3, queries_per_epoch=5000, recall_values=[1, 5, 10, 20], seed=0, sos_lambda=1, train_batch_size=4, train_positives_dist_threshold=10, type='NETVLAD', val_positive_dist_threshold=25)
2022-02-09 17:19:52   The outputs are being saved in drive/MyDrive/Run_11_Netvlad_sos_lam1
2022-02-09 17:19:52   Using 1 GPUs and 2 CPUs
2022-02-09 17:19:53   There are 96 queries without any positives within the training set. They won't be considered as they're useless for training.
2022-02-09 17:19:53   Train query set: < TripletsDataset, pitts30k - #database: 10000; #queries: 7320 >
2022-02-09 17:19:53   Val set: < BaseDataset, pitts30k - #database: 10000; #queries: 7608 >
2022-02-09 17:19:56   Output dimension of the model is 16384
2022-02-09 17:19:57   Start training epoch: 00
2022-02-09 17:53:06   Finished epoch 00 in 0:33:09, average epoch triplet loss = 0.0558
2022-02-09 17:57:11   Recalls on val set < BaseDataset, pitts30k - #database: 10000; #queries: 7608 >: R@1: 85.6, R@5: 94.5, R@10: 96.6, R@20: 97.9
2022-02-09 17:57:11   Improved: previous best R@5 = 0.0, current R@5 = 94.5
2022-02-09 17:57:12   Start training epoch: 01
2022-02-09 18:33:20   Finished epoch 01 in 0:36:07, average epoch triplet loss = 0.0496
2022-02-09 18:37:26   Recalls on val set < BaseDataset, pitts30k - #database: 10000; #queries: 7608 >: R@1: 87.4, R@5: 95.5, R@10: 97.3, R@20: 98.3
2022-02-09 18:37:26   Improved: previous best R@5 = 94.5, current R@5 = 95.5
2022-02-09 18:37:27   Start training epoch: 02
2022-02-09 19:14:46   Finished epoch 02 in 0:37:19, average epoch triplet loss = 0.0464
2022-02-10 16:13:00   Arguments: Namespace(att='default', aug_prob=0.5, cache_refresh_rate=1000, colab_folder='Run_11_Netvlad_sos_lam1', data_aug=None, dataset_name='pitts30k', datasets_folder='/content/', device='cuda', epochs_num=50, exp_name='default', infer_batch_size=16, loss_function='sos', lr=1e-05, margin=0.1, neg_samples_num=1000, negs_num_per_query=10, num_clusters=64, num_workers=8, optimizer='adam', output_folder='drive/MyDrive/Run_11_Netvlad_sos_lam1', patience=3, queries_per_epoch=5000, recall_values=[1, 5, 10, 20], seed=0, sos_lambda=1, train_batch_size=4, train_positives_dist_threshold=10, type='NETVLAD', val_positive_dist_threshold=25)
2022-02-10 16:13:01   The outputs are being saved in drive/MyDrive/Run_11_Netvlad_sos_lam1
2022-02-10 16:13:01   Using 1 GPUs and 2 CPUs
2022-02-10 16:13:01   There are 96 queries without any positives within the training set. They won't be considered as they're useless for training.
2022-02-10 16:13:01   Train query set: < TripletsDataset, pitts30k - #database: 10000; #queries: 7320 >
2022-02-10 16:13:02   Val set: < BaseDataset, pitts30k - #database: 10000; #queries: 7608 >
2022-02-10 16:13:05   Output dimension of the model is 16384
2022-02-10 16:13:07   Start training epoch: 02
2022-02-10 16:46:11   Finished epoch 02 in 0:33:03, average epoch triplet loss = 0.0411
2022-02-10 16:50:02   Recalls on val set < BaseDataset, pitts30k - #database: 10000; #queries: 7608 >: R@1: 87.5, R@5: 95.5, R@10: 97.2, R@20: 98.2
2022-02-10 16:50:02   Not improved: 1 / 3: best R@5 = 95.5, current R@5 = 95.5
2022-02-10 16:50:02   Start training epoch: 03
2022-02-10 17:24:58   Finished epoch 03 in 0:34:56, average epoch triplet loss = 0.0402
2022-02-10 17:28:54   Recalls on val set < BaseDataset, pitts30k - #database: 10000; #queries: 7608 >: R@1: 88.0, R@5: 95.9, R@10: 97.4, R@20: 98.4
2022-02-10 17:28:54   Improved: previous best R@5 = 95.5, current R@5 = 95.9
2022-02-10 17:28:55   Start training epoch: 04
2022-02-10 18:04:19   Finished epoch 04 in 0:35:24, average epoch triplet loss = 0.0405
2022-02-10 18:08:16   Recalls on val set < BaseDataset, pitts30k - #database: 10000; #queries: 7608 >: R@1: 87.9, R@5: 95.9, R@10: 97.2, R@20: 98.3
2022-02-10 18:08:16   Not improved: 1 / 3: best R@5 = 95.9, current R@5 = 95.9
2022-02-10 18:08:16   Start training epoch: 05
2022-02-10 18:43:57   Finished epoch 05 in 0:35:40, average epoch triplet loss = 0.0397
2022-02-10 18:47:53   Recalls on val set < BaseDataset, pitts30k - #database: 10000; #queries: 7608 >: R@1: 88.0, R@5: 95.9, R@10: 97.4, R@20: 98.3
2022-02-10 18:47:53   Improved: previous best R@5 = 95.9, current R@5 = 95.9
2022-02-10 18:47:54   Start training epoch: 06
2022-02-10 19:23:35   Finished epoch 06 in 0:35:41, average epoch triplet loss = 0.0390
2022-02-10 19:27:34   Recalls on val set < BaseDataset, pitts30k - #database: 10000; #queries: 7608 >: R@1: 88.4, R@5: 95.6, R@10: 97.3, R@20: 98.3
2022-02-10 19:27:34   Not improved: 1 / 3: best R@5 = 95.9, current R@5 = 95.6
2022-02-10 19:27:34   Start training epoch: 07
2022-02-11 16:10:51   Arguments: Namespace(att='default', aug_prob=0.5, cache_refresh_rate=1000, colab_folder='Run_11_Netvlad_sos_lam1', data_aug=None, dataset_name='pitts30k', datasets_folder='/content/', device='cuda', epochs_num=50, exp_name='default', infer_batch_size=16, loss_function='sos', lr=1e-05, margin=0.1, neg_samples_num=1000, negs_num_per_query=10, num_clusters=64, num_workers=8, optimizer='adam', output_folder='drive/MyDrive/Run_11_Netvlad_sos_lam1', patience=3, queries_per_epoch=5000, recall_values=[1, 5, 10, 20], seed=0, sos_lambda=1, train_batch_size=4, train_positives_dist_threshold=10, type='NETVLAD', val_positive_dist_threshold=25)
2022-02-11 16:10:51   The outputs are being saved in drive/MyDrive/Run_11_Netvlad_sos_lam1
2022-02-11 16:10:51   Using 1 GPUs and 2 CPUs
2022-02-11 16:10:52   There are 96 queries without any positives within the training set. They won't be considered as they're useless for training.
2022-02-11 16:10:52   Train query set: < TripletsDataset, pitts30k - #database: 10000; #queries: 7320 >
2022-02-11 16:10:52   Val set: < BaseDataset, pitts30k - #database: 10000; #queries: 7608 >
2022-02-11 16:10:55   Output dimension of the model is 16384
2022-02-11 16:10:57   Start training epoch: 07
2022-02-11 16:44:38   Finished epoch 07 in 0:33:40, average epoch triplet loss = 0.0299
2022-02-11 16:48:40   Recalls on val set < BaseDataset, pitts30k - #database: 10000; #queries: 7608 >: R@1: 88.1, R@5: 95.6, R@10: 97.1, R@20: 98.1
2022-02-11 16:48:40   Not improved: 2 / 3: best R@5 = 95.9, current R@5 = 95.6
2022-02-11 16:48:41   Start training epoch: 08
2022-02-11 17:25:55   Finished epoch 08 in 0:37:14, average epoch triplet loss = 0.0304
2022-02-11 17:30:08   Recalls on val set < BaseDataset, pitts30k - #database: 10000; #queries: 7608 >: R@1: 88.1, R@5: 95.7, R@10: 97.2, R@20: 98.4
2022-02-11 17:30:08   Not improved: 3 / 3: best R@5 = 95.9, current R@5 = 95.7
2022-02-11 17:30:09   Performance did not improve for 3 epochs. Stop training.
2022-02-11 17:30:09   Best R@5: 95.9
2022-02-11 17:30:09   Trained for 09 epochs, in total in 1:19:17
2022-02-11 17:30:10   Test set: < BaseDataset, pitts30k - #database: 10000; #queries: 6816 >
2022-02-11 17:38:53   Recalls on < BaseDataset, pitts30k - #database: 10000; #queries: 6816 >: R@1: 86.4, R@5: 93.3, R@10: 95.0, R@20: 96.6
2022-02-11 17:38:53   Test set: < BaseDataset, st_lucia - #database: 1549; #queries: 1464 >
2022-02-11 17:40:00   Recalls on < BaseDataset, st_lucia - #database: 1549; #queries: 1464 >: R@1: 55.1, R@5: 71.7, R@10: 77.9, R@20: 83.1
