2022-01-31 08:07:09   Arguments: Namespace(aug_prob=0.5, cache_refresh_rate=1000, colab_folder='Netvlad_GS', data_aug='GS', dataset_name='pitts30k', datasets_folder='/content/', device='cuda', epochs_num=50, exp_name='default', infer_batch_size=16, lr=1e-05, margin=0.1, neg_samples_num=1000, negs_num_per_query=10, num_clusters=64, num_workers=8, optimizer='adam', output_folder='drive/MyDrive/Netvlad_GS', patience=3, queries_per_epoch=5000, recall_values=[1, 5, 10, 20], seed=0, train_batch_size=4, train_positives_dist_threshold=10, type='NETVLAD', val_positive_dist_threshold=25)
2022-01-31 08:07:09   The outputs are being saved in drive/MyDrive/Netvlad_GS
2022-01-31 08:07:09   Using 1 GPUs and 2 CPUs
2022-01-31 08:07:09   Loading dataset Pitts30k from folder /content/
2022-01-31 08:07:09   There are 96 queries without any positives within the training set. They won't be considered as they're useless for training.
2022-01-31 08:07:09   Train query set: < TripletsDataset, pitts30k - #database: 10000; #queries: 7320 >
2022-01-31 08:07:09   Val set: < BaseDataset, pitts30k - #database: 10000; #queries: 7608 >
2022-01-31 08:07:10   Train only conv4 of the ResNet-18 (remove conv5), freeze the previous ones
2022-01-31 08:07:10   Using NetVlad network
2022-01-31 08:07:12   using Adam optimizer
2022-01-31 08:07:12   Output dimension of the model is 16384
2022-01-31 08:07:12   Patience: 3
2022-01-31 08:07:12   not improved num: 0
2022-01-31 08:07:12   Start training epoch: 00
2022-01-31 08:07:12   Cache: 0 / 5
2022-01-31 08:19:14   Epoch[00](0/5): current batch triplet loss = 0.0444, average epoch triplet loss = 0.0512
2022-01-31 08:19:14   Cache: 1 / 5
2022-01-31 08:31:29   Epoch[00](1/5): current batch triplet loss = 0.0431, average epoch triplet loss = 0.0454
2022-01-31 08:31:29   Cache: 2 / 5
2022-01-31 08:43:39   Epoch[00](2/5): current batch triplet loss = 0.0240, average epoch triplet loss = 0.0412
2022-01-31 08:43:39   Cache: 3 / 5
2022-01-31 08:55:55   Epoch[00](3/5): current batch triplet loss = 0.0441, average epoch triplet loss = 0.0388
2022-01-31 08:55:55   Cache: 4 / 5
2022-01-31 09:08:07   Epoch[00](4/5): current batch triplet loss = 0.0430, average epoch triplet loss = 0.0372
2022-01-31 09:08:07   Finished epoch 00 in 1:00:55, average epoch triplet loss = 0.0372
2022-01-31 09:08:07   Extracting database features for evaluation/testing
2022-01-31 09:11:27   Extracting queries features for evaluation/testing
2022-01-31 09:14:01   Calculating recalls
2022-01-31 09:14:42   Recalls on val set < BaseDataset, pitts30k - #database: 10000; #queries: 7608 >: R@1: 84.6, R@5: 93.7, R@10: 96.2, R@20: 97.6
2022-01-31 09:14:42   Improved: previous best R@5 = 0.0, current R@5 = 93.7
2022-01-31 09:14:43   Start training epoch: 01
2022-01-31 09:14:43   Cache: 0 / 5
2022-01-31 09:27:18   Epoch[01](0/5): current batch triplet loss = 0.0466, average epoch triplet loss = 0.0287
2022-01-31 09:27:18   Cache: 1 / 5
2022-01-31 09:39:24   Epoch[01](1/5): current batch triplet loss = 0.0282, average epoch triplet loss = 0.0287
2022-01-31 09:39:24   Cache: 2 / 5
2022-01-31 09:51:30   Epoch[01](2/5): current batch triplet loss = 0.0456, average epoch triplet loss = 0.0283
2022-01-31 09:51:30   Cache: 3 / 5
2022-01-31 10:03:33   Epoch[01](3/5): current batch triplet loss = 0.0359, average epoch triplet loss = 0.0282
2022-01-31 10:03:33   Cache: 4 / 5
2022-01-31 10:15:35   Epoch[01](4/5): current batch triplet loss = 0.0601, average epoch triplet loss = 0.0280
2022-01-31 10:15:35   Finished epoch 01 in 1:00:52, average epoch triplet loss = 0.0280
2022-01-31 10:15:35   Extracting database features for evaluation/testing
2022-01-31 10:18:54   Extracting queries features for evaluation/testing
2022-01-31 10:21:27   Calculating recalls
2022-01-31 10:22:08   Recalls on val set < BaseDataset, pitts30k - #database: 10000; #queries: 7608 >: R@1: 86.5, R@5: 94.8, R@10: 96.8, R@20: 98.1
2022-01-31 10:22:08   Improved: previous best R@5 = 93.7, current R@5 = 94.8
2022-01-31 10:22:09   Start training epoch: 02
2022-01-31 10:22:09   Cache: 0 / 5
2022-01-31 10:34:45   Epoch[02](0/5): current batch triplet loss = 0.0241, average epoch triplet loss = 0.0254
2022-01-31 10:34:45   Cache: 1 / 5
2022-01-31 10:47:01   Epoch[02](1/5): current batch triplet loss = 0.0139, average epoch triplet loss = 0.0258
2022-01-31 10:47:01   Cache: 2 / 5
2022-01-31 10:59:18   Epoch[02](2/5): current batch triplet loss = 0.0075, average epoch triplet loss = 0.0255
2022-01-31 10:59:18   Cache: 3 / 5
2022-01-31 11:11:39   Epoch[02](3/5): current batch triplet loss = 0.0171, average epoch triplet loss = 0.0251
2022-01-31 11:11:39   Cache: 4 / 5
2022-01-31 11:23:54   Epoch[02](4/5): current batch triplet loss = 0.0121, average epoch triplet loss = 0.0251
2022-01-31 11:23:54   Finished epoch 02 in 1:01:45, average epoch triplet loss = 0.0251
2022-01-31 11:23:54   Extracting database features for evaluation/testing
2022-01-31 11:27:15   Extracting queries features for evaluation/testing
2022-01-31 11:29:49   Calculating recalls
2022-01-31 11:30:31   Recalls on val set < BaseDataset, pitts30k - #database: 10000; #queries: 7608 >: R@1: 87.3, R@5: 95.2, R@10: 96.8, R@20: 98.3
2022-01-31 11:30:31   Improved: previous best R@5 = 94.8, current R@5 = 95.2
2022-01-31 11:30:31   Start training epoch: 03
2022-01-31 11:30:31   Cache: 0 / 5
2022-02-01 08:07:36   Arguments: Namespace(aug_prob=0.5, cache_refresh_rate=1000, colab_folder='Netvlad_GS', data_aug='GS', dataset_name='pitts30k', datasets_folder='/content/', device='cuda', epochs_num=50, exp_name='default', infer_batch_size=16, lr=1e-05, margin=0.1, neg_samples_num=1000, negs_num_per_query=10, num_clusters=64, num_workers=8, optimizer='adam', output_folder='drive/MyDrive/Netvlad_GS', patience=3, queries_per_epoch=5000, recall_values=[1, 5, 10, 20], seed=0, train_batch_size=4, train_positives_dist_threshold=10, type='NETVLAD', val_positive_dist_threshold=25)
2022-02-01 08:07:37   The outputs are being saved in drive/MyDrive/Netvlad_GS
2022-02-01 08:07:37   Using 1 GPUs and 2 CPUs
2022-02-01 08:07:37   Loading dataset Pitts30k from folder /content/
2022-02-01 08:07:37   There are 96 queries without any positives within the training set. They won't be considered as they're useless for training.
2022-02-01 08:07:37   Train query set: < TripletsDataset, pitts30k - #database: 10000; #queries: 7320 >
2022-02-01 08:07:38   Val set: < BaseDataset, pitts30k - #database: 10000; #queries: 7608 >
2022-02-01 08:07:38   Train only conv4 of the ResNet-18 (remove conv5), freeze the previous ones
2022-02-01 08:07:38   Using NetVlad network
2022-02-01 08:07:40   using Adam optimizer
2022-02-01 08:07:40   Output dimension of the model is 16384
2022-02-01 08:07:45   Patience: 3
2022-02-01 08:07:45   not improved num: 0
2022-02-01 08:07:45   Start training epoch: 03
2022-02-01 08:07:45   Cache: 0 / 5
2022-02-01 08:20:20   Epoch[03](0/5): current batch triplet loss = 0.0044, average epoch triplet loss = 0.0174
2022-02-01 08:20:20   Cache: 1 / 5
2022-02-01 08:32:52   Epoch[03](1/5): current batch triplet loss = 0.0220, average epoch triplet loss = 0.0172
2022-02-01 08:32:52   Cache: 2 / 5
2022-02-01 08:45:26   Epoch[03](2/5): current batch triplet loss = 0.0101, average epoch triplet loss = 0.0166
2022-02-01 08:45:26   Cache: 3 / 5
2022-02-01 08:58:06   Epoch[03](3/5): current batch triplet loss = 0.0264, average epoch triplet loss = 0.0167
2022-02-01 08:58:06   Cache: 4 / 5
2022-02-01 09:10:46   Epoch[03](4/5): current batch triplet loss = 0.0164, average epoch triplet loss = 0.0168
2022-02-01 09:10:46   Finished epoch 03 in 1:03:00, average epoch triplet loss = 0.0168
2022-02-01 09:10:46   Extracting database features for evaluation/testing
2022-02-01 09:14:18   Extracting queries features for evaluation/testing
2022-02-01 09:17:00   Calculating recalls
2022-02-01 09:17:42   Recalls on val set < BaseDataset, pitts30k - #database: 10000; #queries: 7608 >: R@1: 87.1, R@5: 95.0, R@10: 96.8, R@20: 98.2
2022-02-01 09:17:42   Not improved: 1 / 3: best R@5 = 95.2, current R@5 = 95.0
2022-02-01 09:17:43   Start training epoch: 04
2022-02-01 09:17:43   Cache: 0 / 5
2022-02-01 09:31:32   Epoch[04](0/5): current batch triplet loss = 0.0432, average epoch triplet loss = 0.0170
2022-02-01 09:31:32   Cache: 1 / 5
2022-02-01 09:44:30   Epoch[04](1/5): current batch triplet loss = 0.0252, average epoch triplet loss = 0.0172
2022-02-01 09:44:30   Cache: 2 / 5
2022-02-01 09:57:09   Epoch[04](2/5): current batch triplet loss = 0.0136, average epoch triplet loss = 0.0169
2022-02-01 09:57:09   Cache: 3 / 5
2022-02-01 10:10:01   Epoch[04](3/5): current batch triplet loss = 0.0263, average epoch triplet loss = 0.0172
2022-02-01 10:10:01   Cache: 4 / 5
2022-02-01 10:22:44   Epoch[04](4/5): current batch triplet loss = 0.0367, average epoch triplet loss = 0.0172
2022-02-01 10:22:44   Finished epoch 04 in 1:05:01, average epoch triplet loss = 0.0172
2022-02-01 10:22:44   Extracting database features for evaluation/testing
2022-02-01 10:26:23   Extracting queries features for evaluation/testing
2022-02-01 10:29:12   Calculating recalls
2022-02-01 10:29:55   Recalls on val set < BaseDataset, pitts30k - #database: 10000; #queries: 7608 >: R@1: 87.6, R@5: 95.4, R@10: 97.1, R@20: 98.2
2022-02-01 10:29:55   Improved: previous best R@5 = 95.2, current R@5 = 95.4
2022-02-01 10:29:57   Start training epoch: 05
2022-02-01 10:29:57   Cache: 0 / 5
2022-02-01 10:43:52   Epoch[05](0/5): current batch triplet loss = 0.0136, average epoch triplet loss = 0.0160
2022-02-01 10:43:52   Cache: 1 / 5
2022-02-01 10:56:36   Epoch[05](1/5): current batch triplet loss = 0.0092, average epoch triplet loss = 0.0166
2022-02-01 10:56:36   Cache: 2 / 5
2022-02-01 11:09:18   Epoch[05](2/5): current batch triplet loss = 0.0028, average epoch triplet loss = 0.0165
2022-02-01 11:09:18   Cache: 3 / 5
2022-02-01 11:22:10   Epoch[05](3/5): current batch triplet loss = 0.0064, average epoch triplet loss = 0.0163
2022-02-01 11:22:10   Cache: 4 / 5
2022-02-01 11:34:44   Epoch[05](4/5): current batch triplet loss = 0.0043, average epoch triplet loss = 0.0163
2022-02-01 11:34:44   Finished epoch 05 in 1:04:47, average epoch triplet loss = 0.0163
2022-02-01 11:34:44   Extracting database features for evaluation/testing
2022-02-01 11:38:15   Extracting queries features for evaluation/testing
2022-02-01 11:40:56   Calculating recalls
2022-02-01 11:41:37   Recalls on val set < BaseDataset, pitts30k - #database: 10000; #queries: 7608 >: R@1: 87.7, R@5: 95.4, R@10: 97.1, R@20: 98.3
2022-02-01 11:41:37   Not improved: 1 / 3: best R@5 = 95.4, current R@5 = 95.4
2022-02-01 11:41:37   Start training epoch: 06
2022-02-01 11:41:37   Cache: 0 / 5
2022-02-01 16:03:57   Arguments: Namespace(aug_prob=0.5, cache_refresh_rate=1000, colab_folder='Netvlad_GS', data_aug='GS', dataset_name='pitts30k', datasets_folder='/content/', device='cuda', epochs_num=50, exp_name='default', infer_batch_size=16, lr=1e-05, margin=0.1, neg_samples_num=1000, negs_num_per_query=10, num_clusters=64, num_workers=8, optimizer='adam', output_folder='drive/MyDrive/Netvlad_GS', patience=3, queries_per_epoch=5000, recall_values=[1, 5, 10, 20], seed=0, train_batch_size=4, train_positives_dist_threshold=10, type='NETVLAD', val_positive_dist_threshold=25)
2022-02-01 16:03:58   The outputs are being saved in drive/MyDrive/Netvlad_GS
2022-02-01 16:03:58   Using 1 GPUs and 2 CPUs
2022-02-01 16:03:58   Loading dataset Pitts30k from folder /content/
2022-02-01 16:03:59   There are 96 queries without any positives within the training set. They won't be considered as they're useless for training.
2022-02-01 16:03:59   Train query set: < TripletsDataset, pitts30k - #database: 10000; #queries: 7320 >
2022-02-01 16:03:59   Val set: < BaseDataset, pitts30k - #database: 10000; #queries: 7608 >
2022-02-01 16:03:59   Train only conv4 of the ResNet-18 (remove conv5), freeze the previous ones
2022-02-01 16:03:59   Using NetVlad network
2022-02-01 16:04:01   using Adam optimizer
2022-02-01 16:04:01   Output dimension of the model is 16384
2022-02-01 16:04:04   Patience: 3
2022-02-01 16:04:04   not improved num: 1
2022-02-01 16:04:04   Start training epoch: 06
2022-02-01 16:04:04   Cache: 0 / 5
2022-02-01 16:16:48   Epoch[06](0/5): current batch triplet loss = 0.0002, average epoch triplet loss = 0.0106
2022-02-01 16:16:48   Cache: 1 / 5
2022-02-01 16:29:32   Epoch[06](1/5): current batch triplet loss = 0.0146, average epoch triplet loss = 0.0107
2022-02-01 16:29:32   Cache: 2 / 5
2022-02-01 16:42:25   Epoch[06](2/5): current batch triplet loss = 0.0053, average epoch triplet loss = 0.0104
2022-02-01 16:42:25   Cache: 3 / 5
2022-02-01 16:55:16   Epoch[06](3/5): current batch triplet loss = 0.0192, average epoch triplet loss = 0.0105
2022-02-01 16:55:16   Cache: 4 / 5
2022-02-01 17:08:08   Epoch[06](4/5): current batch triplet loss = 0.0080, average epoch triplet loss = 0.0106
2022-02-01 17:08:08   Finished epoch 06 in 1:04:04, average epoch triplet loss = 0.0106
2022-02-01 17:08:08   Extracting database features for evaluation/testing
2022-02-01 17:11:44   Extracting queries features for evaluation/testing
2022-02-01 17:14:29   Calculating recalls
2022-02-01 17:15:11   Recalls on val set < BaseDataset, pitts30k - #database: 10000; #queries: 7608 >: R@1: 87.4, R@5: 95.2, R@10: 97.0, R@20: 98.3
2022-02-01 17:15:11   Not improved: 2 / 3: best R@5 = 95.4, current R@5 = 95.2
2022-02-01 17:15:12   Start training epoch: 07
2022-02-01 17:15:12   Cache: 0 / 5
2022-02-01 17:28:46   Epoch[07](0/5): current batch triplet loss = 0.0315, average epoch triplet loss = 0.0118
2022-02-01 17:28:46   Cache: 1 / 5
2022-02-01 17:41:45   Epoch[07](1/5): current batch triplet loss = 0.0157, average epoch triplet loss = 0.0117
2022-02-01 17:41:45   Cache: 2 / 5
2022-02-01 17:54:47   Epoch[07](2/5): current batch triplet loss = 0.0063, average epoch triplet loss = 0.0115
2022-02-01 17:54:47   Cache: 3 / 5
2022-02-01 18:07:39   Epoch[07](3/5): current batch triplet loss = 0.0229, average epoch triplet loss = 0.0116
2022-02-01 18:07:39   Cache: 4 / 5
2022-02-01 18:20:25   Epoch[07](4/5): current batch triplet loss = 0.0253, average epoch triplet loss = 0.0116
2022-02-01 18:20:25   Finished epoch 07 in 1:05:13, average epoch triplet loss = 0.0116
2022-02-01 18:20:25   Extracting database features for evaluation/testing
2022-02-01 18:23:57   Extracting queries features for evaluation/testing
2022-02-01 18:26:39   Calculating recalls
2022-02-01 18:27:20   Recalls on val set < BaseDataset, pitts30k - #database: 10000; #queries: 7608 >: R@1: 87.9, R@5: 95.5, R@10: 97.2, R@20: 98.3
2022-02-01 18:27:20   Improved: previous best R@5 = 95.4, current R@5 = 95.5
2022-02-01 18:27:22   Start training epoch: 08
2022-02-01 18:27:22   Cache: 0 / 5
2022-02-01 18:40:41   Epoch[08](0/5): current batch triplet loss = 0.0093, average epoch triplet loss = 0.0106
2022-02-01 18:40:41   Cache: 1 / 5
2022-02-01 18:53:33   Epoch[08](1/5): current batch triplet loss = 0.0067, average epoch triplet loss = 0.0113
2022-02-01 18:53:33   Cache: 2 / 5
2022-02-01 19:06:33   Epoch[08](2/5): current batch triplet loss = 0.0011, average epoch triplet loss = 0.0114
2022-02-01 19:06:33   Cache: 3 / 5
2022-02-01 19:19:10   Epoch[08](3/5): current batch triplet loss = 0.0034, average epoch triplet loss = 0.0113
2022-02-01 19:19:10   Cache: 4 / 5
2022-02-01 19:31:51   Epoch[08](4/5): current batch triplet loss = 0.0033, average epoch triplet loss = 0.0113
2022-02-01 19:31:51   Finished epoch 08 in 1:04:28, average epoch triplet loss = 0.0113
2022-02-01 19:31:51   Extracting database features for evaluation/testing
2022-02-01 19:35:22   Extracting queries features for evaluation/testing
2022-02-01 19:38:10   Calculating recalls
2022-02-02 10:15:25   Arguments: Namespace(aug_prob=0.5, cache_refresh_rate=1000, colab_folder='Netvlad_GS', data_aug='GS', dataset_name='pitts30k', datasets_folder='/content/', device='cuda', epochs_num=50, exp_name='default', infer_batch_size=16, lr=1e-05, margin=0.1, neg_samples_num=1000, negs_num_per_query=10, num_clusters=64, num_workers=8, optimizer='adam', output_folder='drive/MyDrive/Netvlad_GS', patience=3, queries_per_epoch=5000, recall_values=[1, 5, 10, 20], seed=0, train_batch_size=4, train_positives_dist_threshold=10, type='NETVLAD', val_positive_dist_threshold=25)
2022-02-02 10:15:25   The outputs are being saved in drive/MyDrive/Netvlad_GS
2022-02-02 10:15:25   Using 1 GPUs and 2 CPUs
2022-02-02 10:15:25   Loading dataset Pitts30k from folder /content/
2022-02-02 10:15:25   There are 96 queries without any positives within the training set. They won't be considered as they're useless for training.
2022-02-02 10:15:25   Train query set: < TripletsDataset, pitts30k - #database: 10000; #queries: 7320 >
2022-02-02 10:15:26   Val set: < BaseDataset, pitts30k - #database: 10000; #queries: 7608 >
2022-02-02 10:15:26   Train only conv4 of the ResNet-18 (remove conv5), freeze the previous ones
2022-02-02 10:15:26   Using NetVlad network
2022-02-02 10:15:30   using Adam optimizer
2022-02-02 10:15:30   Output dimension of the model is 16384
2022-02-02 10:15:32   Patience: 3
2022-02-02 10:15:32   not improved num: 0
2022-02-02 10:15:32   Start training epoch: 08
2022-02-02 10:15:32   Cache: 0 / 5
2022-02-02 10:27:35   Epoch[08](0/5): current batch triplet loss = 0.0000, average epoch triplet loss = 0.0076
2022-02-02 10:27:35   Cache: 1 / 5
2022-02-02 10:39:50   Epoch[08](1/5): current batch triplet loss = 0.0106, average epoch triplet loss = 0.0077
2022-02-02 10:39:50   Cache: 2 / 5
2022-02-02 10:52:03   Epoch[08](2/5): current batch triplet loss = 0.0041, average epoch triplet loss = 0.0074
2022-02-02 10:52:03   Cache: 3 / 5
2022-02-02 11:04:12   Epoch[08](3/5): current batch triplet loss = 0.0140, average epoch triplet loss = 0.0075
2022-02-02 11:04:12   Cache: 4 / 5
2022-02-02 11:16:30   Epoch[08](4/5): current batch triplet loss = 0.0065, average epoch triplet loss = 0.0076
2022-02-02 11:16:30   Finished epoch 08 in 1:00:57, average epoch triplet loss = 0.0076
2022-02-02 11:16:30   Extracting database features for evaluation/testing
2022-02-02 11:20:33   Extracting queries features for evaluation/testing
2022-02-02 11:23:53   Calculating recalls
2022-02-02 11:24:36   Recalls on val set < BaseDataset, pitts30k - #database: 10000; #queries: 7608 >: R@1: 87.3, R@5: 95.2, R@10: 97.0, R@20: 98.2
2022-02-02 11:24:36   Not improved: 1 / 3: best R@5 = 95.5, current R@5 = 95.2
2022-02-02 11:24:37   Start training epoch: 09
2022-02-02 11:24:37   Cache: 0 / 5
2022-02-02 11:38:24   Epoch[09](0/5): current batch triplet loss = 0.0214, average epoch triplet loss = 0.0086
2022-02-02 11:38:24   Cache: 1 / 5
2022-02-02 11:50:35   Epoch[09](1/5): current batch triplet loss = 0.0100, average epoch triplet loss = 0.0085
2022-02-02 11:50:35   Cache: 2 / 5
2022-02-02 12:02:50   Epoch[09](2/5): current batch triplet loss = 0.0026, average epoch triplet loss = 0.0083
2022-02-02 12:02:50   Cache: 3 / 5
2022-02-02 12:15:03   Epoch[09](3/5): current batch triplet loss = 0.0182, average epoch triplet loss = 0.0085
2022-02-02 12:15:03   Cache: 4 / 5
2022-02-02 12:27:15   Epoch[09](4/5): current batch triplet loss = 0.0199, average epoch triplet loss = 0.0085
2022-02-02 12:27:15   Finished epoch 09 in 1:02:38, average epoch triplet loss = 0.0085
2022-02-02 12:27:15   Extracting database features for evaluation/testing
2022-02-02 12:30:36   Extracting queries features for evaluation/testing
2022-02-02 12:33:10   Calculating recalls
2022-02-02 12:33:53   Recalls on val set < BaseDataset, pitts30k - #database: 10000; #queries: 7608 >: R@1: 88.0, R@5: 95.4, R@10: 97.2, R@20: 98.4
2022-02-02 12:33:53   Not improved: 2 / 3: best R@5 = 95.5, current R@5 = 95.4
2022-02-02 12:33:53   Start training epoch: 10
2022-02-02 12:33:53   Cache: 0 / 5
2022-02-02 12:48:26   Epoch[10](0/5): current batch triplet loss = 0.0098, average epoch triplet loss = 0.0096
2022-02-02 12:48:26   Cache: 1 / 5
2022-02-02 15:03:14   Arguments: Namespace(aug_prob=0.5, cache_refresh_rate=1000, colab_folder='Netvlad_GS', data_aug='GS', dataset_name='pitts30k', datasets_folder='/content/', device='cuda', epochs_num=50, exp_name='default', infer_batch_size=16, lr=1e-05, margin=0.1, neg_samples_num=1000, negs_num_per_query=10, num_clusters=64, num_workers=8, optimizer='adam', output_folder='drive/MyDrive/Netvlad_GS', patience=3, queries_per_epoch=5000, recall_values=[1, 5, 10, 20], seed=0, train_batch_size=4, train_positives_dist_threshold=10, type='NETVLAD', val_positive_dist_threshold=25)
2022-02-02 15:03:15   The outputs are being saved in drive/MyDrive/Netvlad_GS
2022-02-02 15:03:15   Using 1 GPUs and 2 CPUs
2022-02-02 15:03:15   Loading dataset Pitts30k from folder /content/
2022-02-02 15:03:15   There are 96 queries without any positives within the training set. They won't be considered as they're useless for training.
2022-02-02 15:03:15   Train query set: < TripletsDataset, pitts30k - #database: 10000; #queries: 7320 >
2022-02-02 15:03:16   Val set: < BaseDataset, pitts30k - #database: 10000; #queries: 7608 >
2022-02-02 15:03:16   Train only conv4 of the ResNet-18 (remove conv5), freeze the previous ones
2022-02-02 15:03:16   Using NetVlad network
2022-02-02 15:03:18   using Adam optimizer
2022-02-02 15:03:18   Output dimension of the model is 16384
2022-02-02 15:03:21   Patience: 3
2022-02-02 15:03:21   not improved num: 2
2022-02-02 15:03:21   Start training epoch: 10
2022-02-02 15:03:21   Cache: 0 / 5
2022-02-02 15:15:32   Epoch[10](0/5): current batch triplet loss = 0.0000, average epoch triplet loss = 0.0056
2022-02-02 15:15:32   Cache: 1 / 5
2022-02-02 15:28:00   Epoch[10](1/5): current batch triplet loss = 0.0084, average epoch triplet loss = 0.0057
2022-02-02 15:28:00   Cache: 2 / 5
2022-02-02 15:40:16   Epoch[10](2/5): current batch triplet loss = 0.0030, average epoch triplet loss = 0.0055
2022-02-02 15:40:16   Cache: 3 / 5
2022-02-02 15:52:31   Epoch[10](3/5): current batch triplet loss = 0.0101, average epoch triplet loss = 0.0055
2022-02-02 15:52:31   Cache: 4 / 5
2022-02-02 16:04:52   Epoch[10](4/5): current batch triplet loss = 0.0141, average epoch triplet loss = 0.0056
2022-02-02 16:04:52   Finished epoch 10 in 1:01:30, average epoch triplet loss = 0.0056
2022-02-02 16:04:52   Extracting database features for evaluation/testing
2022-02-02 16:08:15   Extracting queries features for evaluation/testing
2022-02-02 16:10:50   Calculating recalls
2022-02-02 16:11:35   Recalls on val set < BaseDataset, pitts30k - #database: 10000; #queries: 7608 >: R@1: 87.4, R@5: 95.2, R@10: 96.9, R@20: 98.2
2022-02-02 16:11:35   Not improved: 3 / 3: best R@5 = 95.5, current R@5 = 95.2
2022-02-02 16:11:35   Performance did not improve for 3 epochs. Stop training.
2022-02-02 16:11:35   Best R@5: 95.5
2022-02-02 16:11:35   Trained for 11 epochs, in total in 1:08:21
2022-02-02 16:11:37   Test set: < BaseDataset, pitts30k - #database: 10000; #queries: 6816 >
2022-02-02 16:11:37   Extracting database features for evaluation/testing
2022-02-02 16:17:13   Extracting queries features for evaluation/testing
2022-02-02 16:20:56   Calculating recalls
2022-02-02 16:21:36   Recalls on < BaseDataset, pitts30k - #database: 10000; #queries: 6816 >: R@1: 86.1, R@5: 92.7, R@10: 94.8, R@20: 96.1
2022-02-02 16:21:36   Test set: < BaseDataset, st_lucia - #database: 1549; #queries: 1464 >
2022-02-02 16:21:36   Extracting database features for evaluation/testing
2022-02-02 16:22:14   Extracting queries features for evaluation/testing
2022-02-02 16:22:50   Calculating recalls
2022-02-02 16:22:52   Recalls on < BaseDataset, st_lucia - #database: 1549; #queries: 1464 >: R@1: 56.0, R@5: 71.0, R@10: 77.8, R@20: 83.8
