2022-01-31 08:07:09   Arguments: Namespace(aug_prob=0.5, cache_refresh_rate=1000, colab_folder='Netvlad_GS', data_aug='GS', dataset_name='pitts30k', datasets_folder='/content/', device='cuda', epochs_num=50, exp_name='default', infer_batch_size=16, lr=1e-05, margin=0.1, neg_samples_num=1000, negs_num_per_query=10, num_clusters=64, num_workers=8, optimizer='adam', output_folder='drive/MyDrive/Netvlad_GS', patience=3, queries_per_epoch=5000, recall_values=[1, 5, 10, 20], seed=0, train_batch_size=4, train_positives_dist_threshold=10, type='NETVLAD', val_positive_dist_threshold=25)
2022-01-31 08:07:09   The outputs are being saved in drive/MyDrive/Netvlad_GS
2022-01-31 08:07:09   Using 1 GPUs and 2 CPUs
2022-01-31 08:07:09   There are 96 queries without any positives within the training set. They won't be considered as they're useless for training.
2022-01-31 08:07:09   Train query set: < TripletsDataset, pitts30k - #database: 10000; #queries: 7320 >
2022-01-31 08:07:09   Val set: < BaseDataset, pitts30k - #database: 10000; #queries: 7608 >
2022-01-31 08:07:12   Output dimension of the model is 16384
2022-01-31 08:07:12   Start training epoch: 00
2022-01-31 09:08:07   Finished epoch 00 in 1:00:55, average epoch triplet loss = 0.0372
2022-01-31 09:14:42   Recalls on val set < BaseDataset, pitts30k - #database: 10000; #queries: 7608 >: R@1: 84.6, R@5: 93.7, R@10: 96.2, R@20: 97.6
2022-01-31 09:14:42   Improved: previous best R@5 = 0.0, current R@5 = 93.7
2022-01-31 09:14:43   Start training epoch: 01
2022-01-31 10:15:35   Finished epoch 01 in 1:00:52, average epoch triplet loss = 0.0280
2022-01-31 10:22:08   Recalls on val set < BaseDataset, pitts30k - #database: 10000; #queries: 7608 >: R@1: 86.5, R@5: 94.8, R@10: 96.8, R@20: 98.1
2022-01-31 10:22:08   Improved: previous best R@5 = 93.7, current R@5 = 94.8
2022-01-31 10:22:09   Start training epoch: 02
2022-01-31 11:23:54   Finished epoch 02 in 1:01:45, average epoch triplet loss = 0.0251
2022-01-31 11:30:31   Recalls on val set < BaseDataset, pitts30k - #database: 10000; #queries: 7608 >: R@1: 87.3, R@5: 95.2, R@10: 96.8, R@20: 98.3
2022-01-31 11:30:31   Improved: previous best R@5 = 94.8, current R@5 = 95.2
2022-01-31 11:30:31   Start training epoch: 03
2022-02-01 08:07:36   Arguments: Namespace(aug_prob=0.5, cache_refresh_rate=1000, colab_folder='Netvlad_GS', data_aug='GS', dataset_name='pitts30k', datasets_folder='/content/', device='cuda', epochs_num=50, exp_name='default', infer_batch_size=16, lr=1e-05, margin=0.1, neg_samples_num=1000, negs_num_per_query=10, num_clusters=64, num_workers=8, optimizer='adam', output_folder='drive/MyDrive/Netvlad_GS', patience=3, queries_per_epoch=5000, recall_values=[1, 5, 10, 20], seed=0, train_batch_size=4, train_positives_dist_threshold=10, type='NETVLAD', val_positive_dist_threshold=25)
2022-02-01 08:07:37   The outputs are being saved in drive/MyDrive/Netvlad_GS
2022-02-01 08:07:37   Using 1 GPUs and 2 CPUs
2022-02-01 08:07:37   There are 96 queries without any positives within the training set. They won't be considered as they're useless for training.
2022-02-01 08:07:37   Train query set: < TripletsDataset, pitts30k - #database: 10000; #queries: 7320 >
2022-02-01 08:07:38   Val set: < BaseDataset, pitts30k - #database: 10000; #queries: 7608 >
2022-02-01 08:07:40   Output dimension of the model is 16384
2022-02-01 08:07:45   Start training epoch: 03
2022-02-01 09:10:46   Finished epoch 03 in 1:03:00, average epoch triplet loss = 0.0168
2022-02-01 09:17:42   Recalls on val set < BaseDataset, pitts30k - #database: 10000; #queries: 7608 >: R@1: 87.1, R@5: 95.0, R@10: 96.8, R@20: 98.2
2022-02-01 09:17:42   Not improved: 1 / 3: best R@5 = 95.2, current R@5 = 95.0
2022-02-01 09:17:43   Start training epoch: 04
2022-02-01 10:22:44   Finished epoch 04 in 1:05:01, average epoch triplet loss = 0.0172
2022-02-01 10:29:55   Recalls on val set < BaseDataset, pitts30k - #database: 10000; #queries: 7608 >: R@1: 87.6, R@5: 95.4, R@10: 97.1, R@20: 98.2
2022-02-01 10:29:55   Improved: previous best R@5 = 95.2, current R@5 = 95.4
2022-02-01 10:29:57   Start training epoch: 05
2022-02-01 11:34:44   Finished epoch 05 in 1:04:47, average epoch triplet loss = 0.0163
2022-02-01 11:41:37   Recalls on val set < BaseDataset, pitts30k - #database: 10000; #queries: 7608 >: R@1: 87.7, R@5: 95.4, R@10: 97.1, R@20: 98.3
2022-02-01 11:41:37   Not improved: 1 / 3: best R@5 = 95.4, current R@5 = 95.4
2022-02-01 11:41:37   Start training epoch: 06
2022-02-01 16:03:57   Arguments: Namespace(aug_prob=0.5, cache_refresh_rate=1000, colab_folder='Netvlad_GS', data_aug='GS', dataset_name='pitts30k', datasets_folder='/content/', device='cuda', epochs_num=50, exp_name='default', infer_batch_size=16, lr=1e-05, margin=0.1, neg_samples_num=1000, negs_num_per_query=10, num_clusters=64, num_workers=8, optimizer='adam', output_folder='drive/MyDrive/Netvlad_GS', patience=3, queries_per_epoch=5000, recall_values=[1, 5, 10, 20], seed=0, train_batch_size=4, train_positives_dist_threshold=10, type='NETVLAD', val_positive_dist_threshold=25)
2022-02-01 16:03:58   The outputs are being saved in drive/MyDrive/Netvlad_GS
2022-02-01 16:03:58   Using 1 GPUs and 2 CPUs
2022-02-01 16:03:59   There are 96 queries without any positives within the training set. They won't be considered as they're useless for training.
2022-02-01 16:03:59   Train query set: < TripletsDataset, pitts30k - #database: 10000; #queries: 7320 >
2022-02-01 16:03:59   Val set: < BaseDataset, pitts30k - #database: 10000; #queries: 7608 >
2022-02-01 16:04:01   Output dimension of the model is 16384
2022-02-01 16:04:04   Start training epoch: 06
2022-02-01 17:08:08   Finished epoch 06 in 1:04:04, average epoch triplet loss = 0.0106
2022-02-01 17:15:11   Recalls on val set < BaseDataset, pitts30k - #database: 10000; #queries: 7608 >: R@1: 87.4, R@5: 95.2, R@10: 97.0, R@20: 98.3
2022-02-01 17:15:11   Not improved: 2 / 3: best R@5 = 95.4, current R@5 = 95.2
2022-02-01 17:15:12   Start training epoch: 07
2022-02-01 18:20:25   Finished epoch 07 in 1:05:13, average epoch triplet loss = 0.0116
2022-02-01 18:27:20   Recalls on val set < BaseDataset, pitts30k - #database: 10000; #queries: 7608 >: R@1: 87.9, R@5: 95.5, R@10: 97.2, R@20: 98.3
2022-02-01 18:27:20   Improved: previous best R@5 = 95.4, current R@5 = 95.5
2022-02-01 18:27:22   Start training epoch: 08
2022-02-01 19:31:51   Finished epoch 08 in 1:04:28, average epoch triplet loss = 0.0113
2022-02-02 10:15:25   Arguments: Namespace(aug_prob=0.5, cache_refresh_rate=1000, colab_folder='Netvlad_GS', data_aug='GS', dataset_name='pitts30k', datasets_folder='/content/', device='cuda', epochs_num=50, exp_name='default', infer_batch_size=16, lr=1e-05, margin=0.1, neg_samples_num=1000, negs_num_per_query=10, num_clusters=64, num_workers=8, optimizer='adam', output_folder='drive/MyDrive/Netvlad_GS', patience=3, queries_per_epoch=5000, recall_values=[1, 5, 10, 20], seed=0, train_batch_size=4, train_positives_dist_threshold=10, type='NETVLAD', val_positive_dist_threshold=25)
2022-02-02 10:15:25   The outputs are being saved in drive/MyDrive/Netvlad_GS
2022-02-02 10:15:25   Using 1 GPUs and 2 CPUs
2022-02-02 10:15:25   There are 96 queries without any positives within the training set. They won't be considered as they're useless for training.
2022-02-02 10:15:25   Train query set: < TripletsDataset, pitts30k - #database: 10000; #queries: 7320 >
2022-02-02 10:15:26   Val set: < BaseDataset, pitts30k - #database: 10000; #queries: 7608 >
2022-02-02 10:15:30   Output dimension of the model is 16384
2022-02-02 10:15:32   Start training epoch: 08
2022-02-02 11:16:30   Finished epoch 08 in 1:00:57, average epoch triplet loss = 0.0076
2022-02-02 11:24:36   Recalls on val set < BaseDataset, pitts30k - #database: 10000; #queries: 7608 >: R@1: 87.3, R@5: 95.2, R@10: 97.0, R@20: 98.2
2022-02-02 11:24:36   Not improved: 1 / 3: best R@5 = 95.5, current R@5 = 95.2
2022-02-02 11:24:37   Start training epoch: 09
2022-02-02 12:27:15   Finished epoch 09 in 1:02:38, average epoch triplet loss = 0.0085
2022-02-02 12:33:53   Recalls on val set < BaseDataset, pitts30k - #database: 10000; #queries: 7608 >: R@1: 88.0, R@5: 95.4, R@10: 97.2, R@20: 98.4
2022-02-02 12:33:53   Not improved: 2 / 3: best R@5 = 95.5, current R@5 = 95.4
2022-02-02 12:33:53   Start training epoch: 10
2022-02-02 15:03:14   Arguments: Namespace(aug_prob=0.5, cache_refresh_rate=1000, colab_folder='Netvlad_GS', data_aug='GS', dataset_name='pitts30k', datasets_folder='/content/', device='cuda', epochs_num=50, exp_name='default', infer_batch_size=16, lr=1e-05, margin=0.1, neg_samples_num=1000, negs_num_per_query=10, num_clusters=64, num_workers=8, optimizer='adam', output_folder='drive/MyDrive/Netvlad_GS', patience=3, queries_per_epoch=5000, recall_values=[1, 5, 10, 20], seed=0, train_batch_size=4, train_positives_dist_threshold=10, type='NETVLAD', val_positive_dist_threshold=25)
2022-02-02 15:03:15   The outputs are being saved in drive/MyDrive/Netvlad_GS
2022-02-02 15:03:15   Using 1 GPUs and 2 CPUs
2022-02-02 15:03:15   There are 96 queries without any positives within the training set. They won't be considered as they're useless for training.
2022-02-02 15:03:15   Train query set: < TripletsDataset, pitts30k - #database: 10000; #queries: 7320 >
2022-02-02 15:03:16   Val set: < BaseDataset, pitts30k - #database: 10000; #queries: 7608 >
2022-02-02 15:03:18   Output dimension of the model is 16384
2022-02-02 15:03:21   Start training epoch: 10
2022-02-02 16:04:52   Finished epoch 10 in 1:01:30, average epoch triplet loss = 0.0056
2022-02-02 16:11:35   Recalls on val set < BaseDataset, pitts30k - #database: 10000; #queries: 7608 >: R@1: 87.4, R@5: 95.2, R@10: 96.9, R@20: 98.2
2022-02-02 16:11:35   Not improved: 3 / 3: best R@5 = 95.5, current R@5 = 95.2
2022-02-02 16:11:35   Performance did not improve for 3 epochs. Stop training.
2022-02-02 16:11:35   Best R@5: 95.5
2022-02-02 16:11:35   Trained for 11 epochs, in total in 1:08:21
2022-02-02 16:11:37   Test set: < BaseDataset, pitts30k - #database: 10000; #queries: 6816 >
2022-02-02 16:21:36   Recalls on < BaseDataset, pitts30k - #database: 10000; #queries: 6816 >: R@1: 86.1, R@5: 92.7, R@10: 94.8, R@20: 96.1
2022-02-02 16:21:36   Test set: < BaseDataset, st_lucia - #database: 1549; #queries: 1464 >
2022-02-02 16:22:52   Recalls on < BaseDataset, st_lucia - #database: 1549; #queries: 1464 >: R@1: 56.0, R@5: 71.0, R@10: 77.8, R@20: 83.8
