2022-01-25 11:23:30   Arguments: Namespace(aug_prob=0.5, cache_refresh_rate=1000, colab_folder='Netvlad_H-RP', data_aug='H-RP', dataset_name='pitts30k', datasets_folder='/content/', device='cuda', epochs_num=50, exp_name='default', infer_batch_size=16, lr=1e-05, margin=0.1, neg_samples_num=1000, negs_num_per_query=10, num_clusters=64, num_workers=8, output_folder='drive/MyDrive/Netvlad_H-RP', patience=3, queries_per_epoch=5000, recall_values=[1, 5, 10, 20], seed=0, train_batch_size=4, train_positives_dist_threshold=10, type='NETVLAD', val_positive_dist_threshold=25)
2022-01-25 11:23:30   The outputs are being saved in drive/MyDrive/Netvlad_H-RP
2022-01-25 11:23:30   Using 1 GPUs and 2 CPUs
2022-01-25 11:23:30   Loading dataset Pitts30k from folder /content/
2022-01-25 11:23:30   There are 96 queries without any positives within the training set. They won't be considered as they're useless for training.
2022-01-25 11:23:30   Train query set: < TripletsDataset, pitts30k - #database: 10000; #queries: 7320 >
2022-01-25 11:23:31   Val set: < BaseDataset, pitts30k - #database: 10000; #queries: 7608 >
2022-01-25 11:23:31   Train only conv4 of the ResNet-18 (remove conv5), freeze the previous ones
2022-01-25 11:23:31   Using NetVlad network
2022-01-25 11:23:34   Output dimension of the model is 16384
2022-01-25 11:23:34   Patience: 3
2022-01-25 11:23:34   not improved num: 0
2022-01-25 11:23:34   Start training epoch: 00
2022-01-25 11:23:34   Cache: 0 / 5
2022-01-25 11:31:18   Epoch[00](0/5): current batch triplet loss = 0.0680, average epoch triplet loss = 0.0914
2022-01-25 11:31:18   Cache: 1 / 5
2022-01-25 11:39:12   Epoch[00](1/5): current batch triplet loss = 0.1013, average epoch triplet loss = 0.0912
2022-01-25 11:39:12   Cache: 2 / 5
2022-01-25 11:47:15   Epoch[00](2/5): current batch triplet loss = 0.0879, average epoch triplet loss = 0.0903
2022-01-25 11:47:15   Cache: 3 / 5
2022-01-25 11:55:17   Epoch[00](3/5): current batch triplet loss = 0.1093, average epoch triplet loss = 0.0890
2022-01-25 11:55:17   Cache: 4 / 5
2022-01-25 12:03:24   Epoch[00](4/5): current batch triplet loss = 0.0861, average epoch triplet loss = 0.0878
2022-01-25 12:03:24   Finished epoch 00 in 0:39:49, average epoch triplet loss = 0.0878
2022-01-25 12:03:24   Extracting database features for evaluation/testing
2022-01-25 12:05:15   Extracting queries features for evaluation/testing
2022-01-25 12:06:40   Calculating recalls
2022-01-25 12:07:13   Recalls on val set < BaseDataset, pitts30k - #database: 10000; #queries: 7608 >: R@1: 76.2, R@5: 89.4, R@10: 93.0, R@20: 95.8
2022-01-25 12:07:13   Improved: previous best R@5 = 0.0, current R@5 = 89.4
2022-01-25 12:07:13   Start training epoch: 01
2022-01-25 12:07:13   Cache: 0 / 5
2022-01-25 12:17:32   Epoch[01](0/5): current batch triplet loss = 0.0950, average epoch triplet loss = 0.0822
2022-01-25 12:17:32   Cache: 1 / 5
2022-01-25 12:25:45   Epoch[01](1/5): current batch triplet loss = 0.0716, average epoch triplet loss = 0.0820
2022-01-25 12:25:45   Cache: 2 / 5
2022-01-25 12:34:10   Epoch[01](2/5): current batch triplet loss = 0.1002, average epoch triplet loss = 0.0815
2022-01-25 12:34:10   Cache: 3 / 5
2022-01-25 12:42:22   Epoch[01](3/5): current batch triplet loss = 0.1073, average epoch triplet loss = 0.0810
2022-01-25 12:42:22   Cache: 4 / 5
2022-01-25 12:50:43   Epoch[01](4/5): current batch triplet loss = 0.0803, average epoch triplet loss = 0.0809
2022-01-25 12:50:43   Finished epoch 01 in 0:43:29, average epoch triplet loss = 0.0809
2022-01-25 12:50:43   Extracting database features for evaluation/testing
2022-01-25 12:52:37   Extracting queries features for evaluation/testing
2022-01-25 12:54:08   Calculating recalls
2022-01-25 12:54:41   Recalls on val set < BaseDataset, pitts30k - #database: 10000; #queries: 7608 >: R@1: 80.5, R@5: 91.7, R@10: 94.6, R@20: 96.5
2022-01-25 12:54:41   Improved: previous best R@5 = 89.4, current R@5 = 91.7
2022-01-25 12:54:41   Start training epoch: 02
2022-01-25 12:54:41   Cache: 0 / 5
2022-01-25 13:04:37   Epoch[02](0/5): current batch triplet loss = 0.0741, average epoch triplet loss = 0.0774
2022-01-25 13:04:37   Cache: 1 / 5
2022-01-25 13:12:45   Epoch[02](1/5): current batch triplet loss = 0.0634, average epoch triplet loss = 0.0771
2022-01-25 13:12:45   Cache: 2 / 5
2022-01-25 13:21:01   Epoch[02](2/5): current batch triplet loss = 0.0653, average epoch triplet loss = 0.0763
2022-01-25 13:21:01   Cache: 3 / 5
2022-01-25 13:29:15   Epoch[02](3/5): current batch triplet loss = 0.0664, average epoch triplet loss = 0.0755
2022-01-25 13:29:15   Cache: 4 / 5
2022-01-25 13:37:20   Epoch[02](4/5): current batch triplet loss = 0.0765, average epoch triplet loss = 0.0753
2022-01-25 13:37:20   Finished epoch 02 in 0:42:38, average epoch triplet loss = 0.0753
2022-01-25 13:37:20   Extracting database features for evaluation/testing
2022-01-25 13:39:13   Extracting queries features for evaluation/testing
2022-01-25 13:40:39   Calculating recalls
2022-01-25 13:41:12   Recalls on val set < BaseDataset, pitts30k - #database: 10000; #queries: 7608 >: R@1: 81.9, R@5: 92.6, R@10: 95.0, R@20: 96.7
2022-01-25 13:41:12   Improved: previous best R@5 = 91.7, current R@5 = 92.6
2022-01-25 13:41:12   Start training epoch: 03
2022-01-25 13:41:12   Cache: 0 / 5
2022-01-25 13:51:06   Epoch[03](0/5): current batch triplet loss = 0.0595, average epoch triplet loss = 0.0709
2022-01-25 13:51:06   Cache: 1 / 5
2022-01-25 13:59:27   Epoch[03](1/5): current batch triplet loss = 0.0868, average epoch triplet loss = 0.0712
2022-01-25 13:59:27   Cache: 2 / 5
2022-01-25 14:07:38   Epoch[03](2/5): current batch triplet loss = 0.0545, average epoch triplet loss = 0.0712
2022-01-25 14:07:38   Cache: 3 / 5
2022-01-25 14:16:13   Epoch[03](3/5): current batch triplet loss = 0.0823, average epoch triplet loss = 0.0711
2022-01-25 14:16:13   Cache: 4 / 5
2022-01-25 14:24:28   Epoch[03](4/5): current batch triplet loss = 0.0751, average epoch triplet loss = 0.0709
2022-01-25 14:24:28   Finished epoch 03 in 0:43:15, average epoch triplet loss = 0.0709
2022-01-25 14:24:28   Extracting database features for evaluation/testing
2022-01-25 14:26:23   Extracting queries features for evaluation/testing
2022-01-25 14:27:51   Calculating recalls
2022-01-25 14:28:24   Recalls on val set < BaseDataset, pitts30k - #database: 10000; #queries: 7608 >: R@1: 82.3, R@5: 92.9, R@10: 95.1, R@20: 96.6
2022-01-25 14:28:24   Improved: previous best R@5 = 92.6, current R@5 = 92.9
2022-01-25 14:28:24   Start training epoch: 04
2022-01-25 14:28:24   Cache: 0 / 5
2022-01-25 14:38:21   Epoch[04](0/5): current batch triplet loss = 0.0707, average epoch triplet loss = 0.0692
2022-01-25 14:38:21   Cache: 1 / 5
2022-01-25 14:46:44   Epoch[04](1/5): current batch triplet loss = 0.0732, average epoch triplet loss = 0.0684
2022-01-25 14:46:44   Cache: 2 / 5
2022-01-25 14:54:53   Epoch[04](2/5): current batch triplet loss = 0.0829, average epoch triplet loss = 0.0685
2022-01-25 14:54:53   Cache: 3 / 5
2022-01-25 15:03:06   Epoch[04](3/5): current batch triplet loss = 0.0615, average epoch triplet loss = 0.0681
2022-01-25 15:03:06   Cache: 4 / 5
2022-01-25 15:11:27   Epoch[04](4/5): current batch triplet loss = 0.0561, average epoch triplet loss = 0.0680
2022-01-25 15:11:27   Finished epoch 04 in 0:43:02, average epoch triplet loss = 0.0680
2022-01-25 15:11:27   Extracting database features for evaluation/testing
2022-01-25 15:13:22   Extracting queries features for evaluation/testing
2022-01-25 15:14:50   Calculating recalls
2022-01-25 15:15:23   Recalls on val set < BaseDataset, pitts30k - #database: 10000; #queries: 7608 >: R@1: 82.2, R@5: 92.5, R@10: 95.1, R@20: 96.6
2022-01-25 15:15:23   Not improved: 1 / 3: best R@5 = 92.9, current R@5 = 92.5
2022-01-25 15:15:23   Start training epoch: 05
2022-01-25 15:15:23   Cache: 0 / 5
2022-01-25 15:25:26   Epoch[05](0/5): current batch triplet loss = 0.0434, average epoch triplet loss = 0.0662
2022-01-25 15:25:26   Cache: 1 / 5
2022-01-25 15:33:43   Epoch[05](1/5): current batch triplet loss = 0.0652, average epoch triplet loss = 0.0656
2022-01-25 15:33:43   Cache: 2 / 5
2022-01-25 15:42:18   Epoch[05](2/5): current batch triplet loss = 0.0399, average epoch triplet loss = 0.0656
2022-01-25 15:42:18   Cache: 3 / 5
2022-01-25 15:50:37   Epoch[05](3/5): current batch triplet loss = 0.0282, average epoch triplet loss = 0.0653
2022-01-25 15:50:37   Cache: 4 / 5
2022-01-25 15:59:08   Epoch[05](4/5): current batch triplet loss = 0.0521, average epoch triplet loss = 0.0652
2022-01-25 15:59:08   Finished epoch 05 in 0:43:45, average epoch triplet loss = 0.0652
2022-01-25 15:59:08   Extracting database features for evaluation/testing
2022-01-25 16:01:04   Extracting queries features for evaluation/testing
2022-01-25 16:02:34   Calculating recalls
2022-01-25 16:03:08   Recalls on val set < BaseDataset, pitts30k - #database: 10000; #queries: 7608 >: R@1: 81.7, R@5: 92.5, R@10: 94.7, R@20: 96.5
2022-01-25 16:03:08   Not improved: 2 / 3: best R@5 = 92.9, current R@5 = 92.5
2022-01-25 16:03:08   Start training epoch: 06
2022-01-25 16:03:08   Cache: 0 / 5
2022-01-25 16:13:08   Epoch[06](0/5): current batch triplet loss = 0.0741, average epoch triplet loss = 0.0650
2022-01-25 16:13:08   Cache: 1 / 5
2022-01-25 16:21:23   Epoch[06](1/5): current batch triplet loss = 0.0475, average epoch triplet loss = 0.0644
2022-01-25 16:21:23   Cache: 2 / 5
2022-01-25 16:29:46   Epoch[06](2/5): current batch triplet loss = 0.0281, average epoch triplet loss = 0.0639
2022-01-25 16:29:46   Cache: 3 / 5
2022-01-25 16:37:56   Epoch[06](3/5): current batch triplet loss = 0.0597, average epoch triplet loss = 0.0636
2022-01-25 16:37:56   Cache: 4 / 5
2022-01-25 16:46:26   Epoch[06](4/5): current batch triplet loss = 0.0534, average epoch triplet loss = 0.0634
2022-01-25 16:46:26   Finished epoch 06 in 0:43:18, average epoch triplet loss = 0.0634
2022-01-25 16:46:26   Extracting database features for evaluation/testing
2022-01-25 16:48:21   Extracting queries features for evaluation/testing
2022-01-25 16:49:50   Calculating recalls
2022-01-25 16:50:23   Recalls on val set < BaseDataset, pitts30k - #database: 10000; #queries: 7608 >: R@1: 81.6, R@5: 92.3, R@10: 94.6, R@20: 96.5
2022-01-25 16:50:23   Not improved: 3 / 3: best R@5 = 92.9, current R@5 = 92.3
2022-01-25 16:50:23   Performance did not improve for 3 epochs. Stop training.
2022-01-25 16:50:23   Best R@5: 92.9
2022-01-25 16:50:23   Trained for 07 epochs, in total in 5:26:53
2022-01-25 16:50:24   Test set: < BaseDataset, pitts30k - #database: 10000; #queries: 6816 >
2022-01-25 16:50:24   Extracting database features for evaluation/testing
2022-01-25 16:54:25   Extracting queries features for evaluation/testing
2022-01-25 16:57:13   Calculating recalls
2022-01-25 16:57:43   Recalls on < BaseDataset, pitts30k - #database: 10000; #queries: 6816 >: R@1: 79.0, R@5: 90.6, R@10: 93.5, R@20: 95.2
2022-01-25 16:57:43   Test set: < BaseDataset, st_lucia - #database: 1549; #queries: 1464 >
2022-01-25 16:57:43   Extracting database features for evaluation/testing
2022-01-25 16:58:16   Extracting queries features for evaluation/testing
2022-01-25 16:58:46   Calculating recalls
2022-01-25 16:58:47   Recalls on < BaseDataset, st_lucia - #database: 1549; #queries: 1464 >: R@1: 48.0, R@5: 61.6, R@10: 70.0, R@20: 76.4
