2022-01-25 11:23:30   Arguments: Namespace(aug_prob=0.5, cache_refresh_rate=1000, colab_folder='Netvlad_H-RP', data_aug='H-RP', dataset_name='pitts30k', datasets_folder='/content/', device='cuda', epochs_num=50, exp_name='default', infer_batch_size=16, lr=1e-05, margin=0.1, neg_samples_num=1000, negs_num_per_query=10, num_clusters=64, num_workers=8, output_folder='drive/MyDrive/Netvlad_H-RP', patience=3, queries_per_epoch=5000, recall_values=[1, 5, 10, 20], seed=0, train_batch_size=4, train_positives_dist_threshold=10, type='NETVLAD', val_positive_dist_threshold=25)
2022-01-25 11:23:30   The outputs are being saved in drive/MyDrive/Netvlad_H-RP
2022-01-25 11:23:30   Using 1 GPUs and 2 CPUs
2022-01-25 11:23:30   There are 96 queries without any positives within the training set. They won't be considered as they're useless for training.
2022-01-25 11:23:30   Train query set: < TripletsDataset, pitts30k - #database: 10000; #queries: 7320 >
2022-01-25 11:23:31   Val set: < BaseDataset, pitts30k - #database: 10000; #queries: 7608 >
2022-01-25 11:23:34   Output dimension of the model is 16384
2022-01-25 11:23:34   Start training epoch: 00
2022-01-25 12:03:24   Finished epoch 00 in 0:39:49, average epoch triplet loss = 0.0878
2022-01-25 12:07:13   Recalls on val set < BaseDataset, pitts30k - #database: 10000; #queries: 7608 >: R@1: 76.2, R@5: 89.4, R@10: 93.0, R@20: 95.8
2022-01-25 12:07:13   Improved: previous best R@5 = 0.0, current R@5 = 89.4
2022-01-25 12:07:13   Start training epoch: 01
2022-01-25 12:50:43   Finished epoch 01 in 0:43:29, average epoch triplet loss = 0.0809
2022-01-25 12:54:41   Recalls on val set < BaseDataset, pitts30k - #database: 10000; #queries: 7608 >: R@1: 80.5, R@5: 91.7, R@10: 94.6, R@20: 96.5
2022-01-25 12:54:41   Improved: previous best R@5 = 89.4, current R@5 = 91.7
2022-01-25 12:54:41   Start training epoch: 02
2022-01-25 13:37:20   Finished epoch 02 in 0:42:38, average epoch triplet loss = 0.0753
2022-01-25 13:41:12   Recalls on val set < BaseDataset, pitts30k - #database: 10000; #queries: 7608 >: R@1: 81.9, R@5: 92.6, R@10: 95.0, R@20: 96.7
2022-01-25 13:41:12   Improved: previous best R@5 = 91.7, current R@5 = 92.6
2022-01-25 13:41:12   Start training epoch: 03
2022-01-25 14:24:28   Finished epoch 03 in 0:43:15, average epoch triplet loss = 0.0709
2022-01-25 14:28:24   Recalls on val set < BaseDataset, pitts30k - #database: 10000; #queries: 7608 >: R@1: 82.3, R@5: 92.9, R@10: 95.1, R@20: 96.6
2022-01-25 14:28:24   Improved: previous best R@5 = 92.6, current R@5 = 92.9
2022-01-25 14:28:24   Start training epoch: 04
2022-01-25 15:11:27   Finished epoch 04 in 0:43:02, average epoch triplet loss = 0.0680
2022-01-25 15:15:23   Recalls on val set < BaseDataset, pitts30k - #database: 10000; #queries: 7608 >: R@1: 82.2, R@5: 92.5, R@10: 95.1, R@20: 96.6
2022-01-25 15:15:23   Not improved: 1 / 3: best R@5 = 92.9, current R@5 = 92.5
2022-01-25 15:15:23   Start training epoch: 05
2022-01-25 15:59:08   Finished epoch 05 in 0:43:45, average epoch triplet loss = 0.0652
2022-01-25 16:03:08   Recalls on val set < BaseDataset, pitts30k - #database: 10000; #queries: 7608 >: R@1: 81.7, R@5: 92.5, R@10: 94.7, R@20: 96.5
2022-01-25 16:03:08   Not improved: 2 / 3: best R@5 = 92.9, current R@5 = 92.5
2022-01-25 16:03:08   Start training epoch: 06
2022-01-25 16:46:26   Finished epoch 06 in 0:43:18, average epoch triplet loss = 0.0634
2022-01-25 16:50:23   Recalls on val set < BaseDataset, pitts30k - #database: 10000; #queries: 7608 >: R@1: 81.6, R@5: 92.3, R@10: 94.6, R@20: 96.5
2022-01-25 16:50:23   Not improved: 3 / 3: best R@5 = 92.9, current R@5 = 92.3
2022-01-25 16:50:23   Performance did not improve for 3 epochs. Stop training.
2022-01-25 16:50:23   Best R@5: 92.9
2022-01-25 16:50:23   Trained for 07 epochs, in total in 5:26:53
2022-01-25 16:50:24   Test set: < BaseDataset, pitts30k - #database: 10000; #queries: 6816 >
2022-01-25 16:57:43   Recalls on < BaseDataset, pitts30k - #database: 10000; #queries: 6816 >: R@1: 79.0, R@5: 90.6, R@10: 93.5, R@20: 95.2
2022-01-25 16:57:43   Test set: < BaseDataset, st_lucia - #database: 1549; #queries: 1464 >
2022-01-25 16:58:47   Recalls on < BaseDataset, st_lucia - #database: 1549; #queries: 1464 >: R@1: 48.0, R@5: 61.6, R@10: 70.0, R@20: 76.4
