2022-01-27 16:05:16   Arguments: Namespace(cache_refresh_rate=1000, colab_folder='Run_3_Netvlad_default_L2', dataset_name='pitts30k', datasets_folder='/content/', device='cuda', epochs_num=50, exp_name='default', infer_batch_size=16, lr=1e-05, margin=0.1, neg_samples_num=1000, negs_num_per_query=10, num_clusters=64, num_workers=8, output_folder='drive/MyDrive/Run_3_Netvlad_default_L2', patience=3, queries_per_epoch=5000, recall_values=[1, 5, 10, 20], seed=0, train_batch_size=4, train_positives_dist_threshold=10, type='NETVLAD', val_positive_dist_threshold=25)
2022-01-27 16:05:16   The outputs are being saved in drive/MyDrive/Run_3_Netvlad_default_L2
2022-01-27 16:05:16   Using 1 GPUs and 2 CPUs
2022-01-27 16:05:16   Loading dataset Pitts30k from folder /content/
2022-01-27 16:05:16   There are 96 queries without any positives within the training set. They won't be considered as they're useless for training.
2022-01-27 16:05:16   Train query set: < TripletsDataset, pitts30k - #database: 10000; #queries: 7320 >
2022-01-27 16:05:16   Val set: < BaseDataset, pitts30k - #database: 10000; #queries: 7608 >
2022-01-27 16:05:17   Train only conv4 of the ResNet-18 (remove conv5), freeze the previous ones
2022-01-27 16:05:17   Using NetVlad network
2022-01-27 16:05:19   Output dimension of the model is 16384
2022-01-27 16:05:19   Patience: 3
2022-01-27 16:05:19   not improved num: 0
2022-01-27 16:05:19   Start training epoch: 00
2022-01-27 16:05:19   Cache: 0 / 5
2022-01-27 16:17:50   Epoch[00](0/5): current batch triplet loss = 0.0365, average epoch triplet loss = 0.0370
2022-01-27 16:17:50   Cache: 1 / 5
2022-01-27 16:30:27   Epoch[00](1/5): current batch triplet loss = 0.0398, average epoch triplet loss = 0.0339
2022-01-27 16:30:27   Cache: 2 / 5
2022-01-27 16:43:11   Epoch[00](2/5): current batch triplet loss = 0.0118, average epoch triplet loss = 0.0318
2022-01-27 16:43:11   Cache: 3 / 5
2022-01-27 16:55:57   Epoch[00](3/5): current batch triplet loss = 0.0419, average epoch triplet loss = 0.0304
2022-01-27 16:55:57   Cache: 4 / 5
2022-01-27 17:08:38   Epoch[00](4/5): current batch triplet loss = 0.0492, average epoch triplet loss = 0.0296
2022-01-27 17:08:38   Finished epoch 00 in 1:03:19, average epoch triplet loss = 0.0296
2022-01-27 17:08:38   Extracting database features for evaluation/testing
2022-01-27 17:12:08   Extracting queries features for evaluation/testing
2022-01-27 17:14:49   Calculating recalls
2022-01-27 17:15:29   Recalls on val set < BaseDataset, pitts30k - #database: 10000; #queries: 7608 >: R@1: 85.9, R@5: 94.7, R@10: 96.8, R@20: 98.1
2022-01-27 17:15:29   Improved: previous best R@5 = 0.0, current R@5 = 94.7
2022-01-27 17:15:30   Start training epoch: 01
2022-01-27 17:15:30   Cache: 0 / 5
2022-01-28 07:25:38   Arguments: Namespace(cache_refresh_rate=1000, colab_folder='Run_3_Netvlad_default_L2', dataset_name='pitts30k', datasets_folder='/content/', device='cuda', epochs_num=50, exp_name='default', infer_batch_size=16, lr=1e-05, margin=0.1, neg_samples_num=1000, negs_num_per_query=10, num_clusters=64, num_workers=8, output_folder='drive/MyDrive/Run_3_Netvlad_default_L2', patience=3, queries_per_epoch=5000, recall_values=[1, 5, 10, 20], seed=0, train_batch_size=4, train_positives_dist_threshold=10, type='NETVLAD', val_positive_dist_threshold=25)
2022-01-28 07:25:39   The outputs are being saved in drive/MyDrive/Run_3_Netvlad_default_L2
2022-01-28 07:25:39   Using 1 GPUs and 2 CPUs
2022-01-28 07:25:39   Loading dataset Pitts30k from folder /content/
2022-01-28 07:25:39   There are 96 queries without any positives within the training set. They won't be considered as they're useless for training.
2022-01-28 07:25:39   Train query set: < TripletsDataset, pitts30k - #database: 10000; #queries: 7320 >
2022-01-28 07:25:40   Val set: < BaseDataset, pitts30k - #database: 10000; #queries: 7608 >
2022-01-28 07:25:40   Train only conv4 of the ResNet-18 (remove conv5), freeze the previous ones
2022-01-28 07:25:40   Using NetVlad network
2022-01-28 07:25:42   Output dimension of the model is 16384
2022-01-28 07:25:46   Patience: 3
2022-01-28 07:25:46   not improved num: 0
2022-01-28 07:25:46   Start training epoch: 01
2022-01-28 07:25:46   Cache: 0 / 5
2022-01-28 07:37:49   Epoch[01](0/5): current batch triplet loss = 0.0248, average epoch triplet loss = 0.0204
2022-01-28 07:37:49   Cache: 1 / 5
2022-01-28 07:49:54   Epoch[01](1/5): current batch triplet loss = 0.0330, average epoch triplet loss = 0.0199
2022-01-28 07:49:54   Cache: 2 / 5
2022-01-28 08:01:58   Epoch[01](2/5): current batch triplet loss = 0.0054, average epoch triplet loss = 0.0193
2022-01-28 08:01:58   Cache: 3 / 5
2022-01-28 08:14:06   Epoch[01](3/5): current batch triplet loss = 0.0319, average epoch triplet loss = 0.0190
2022-01-28 08:14:06   Cache: 4 / 5
2022-01-28 08:26:11   Epoch[01](4/5): current batch triplet loss = 0.0369, average epoch triplet loss = 0.0189
2022-01-28 08:26:11   Finished epoch 01 in 1:00:25, average epoch triplet loss = 0.0189
2022-01-28 08:26:11   Extracting database features for evaluation/testing
2022-01-28 08:29:32   Extracting queries features for evaluation/testing
2022-01-28 08:32:06   Calculating recalls
2022-01-28 08:32:47   Recalls on val set < BaseDataset, pitts30k - #database: 10000; #queries: 7608 >: R@1: 87.5, R@5: 95.3, R@10: 97.1, R@20: 98.3
2022-01-28 08:32:47   Improved: previous best R@5 = 94.7, current R@5 = 95.3
2022-01-28 08:32:49   Start training epoch: 02
2022-01-28 08:32:49   Cache: 0 / 5
2022-01-28 08:46:27   Epoch[02](0/5): current batch triplet loss = 0.0440, average epoch triplet loss = 0.0202
2022-01-28 08:46:27   Cache: 1 / 5
2022-01-28 08:58:56   Epoch[02](1/5): current batch triplet loss = 0.0224, average epoch triplet loss = 0.0202
2022-01-28 08:58:56   Cache: 2 / 5
2022-01-28 09:11:25   Epoch[02](2/5): current batch triplet loss = 0.0332, average epoch triplet loss = 0.0198
2022-01-28 09:11:25   Cache: 3 / 5
2022-01-28 09:23:52   Epoch[02](3/5): current batch triplet loss = 0.0303, average epoch triplet loss = 0.0198
2022-01-28 09:23:52   Cache: 4 / 5
2022-01-28 09:36:02   Epoch[02](4/5): current batch triplet loss = 0.0498, average epoch triplet loss = 0.0198
2022-01-28 09:36:02   Finished epoch 02 in 1:03:13, average epoch triplet loss = 0.0198
2022-01-28 09:36:02   Extracting database features for evaluation/testing
2022-01-28 09:39:22   Extracting queries features for evaluation/testing
2022-01-28 09:41:55   Calculating recalls
2022-01-28 09:42:37   Recalls on val set < BaseDataset, pitts30k - #database: 10000; #queries: 7608 >: R@1: 88.2, R@5: 95.8, R@10: 97.4, R@20: 98.4
2022-01-28 09:42:37   Improved: previous best R@5 = 95.3, current R@5 = 95.8
2022-01-28 09:42:38   Start training epoch: 03
2022-01-28 09:42:38   Cache: 0 / 5
2022-01-28 10:58:18   Arguments: Namespace(cache_refresh_rate=1000, colab_folder='netvlad', dataset_name='pitts30k', datasets_folder='/content/', device='cuda', epochs_num=50, exp_name='default', infer_batch_size=16, lr=1e-05, margin=0.1, neg_samples_num=1000, negs_num_per_query=10, num_clusters=64, num_workers=8, output_folder='drive/MyDrive/netvlad', patience=3, queries_per_epoch=5000, recall_values=[1, 5, 10, 20], seed=0, train_batch_size=4, train_positives_dist_threshold=10, type='NETVLAD', val_positive_dist_threshold=25)
2022-01-28 10:58:20   The outputs are being saved in drive/MyDrive/netvlad
2022-01-28 10:58:20   Using 1 GPUs and 2 CPUs
2022-01-28 10:58:20   Loading dataset Pitts30k from folder /content/
2022-01-28 10:58:20   There are 96 queries without any positives within the training set. They won't be considered as they're useless for training.
2022-01-28 10:58:20   Train query set: < TripletsDataset, pitts30k - #database: 10000; #queries: 7320 >
2022-01-28 10:58:21   Val set: < BaseDataset, pitts30k - #database: 10000; #queries: 7608 >
2022-01-28 10:58:21   Train only conv4 of the ResNet-18 (remove conv5), freeze the previous ones
2022-01-28 10:58:21   Using NetVlad network
2022-01-28 10:58:23   Output dimension of the model is 16384
2022-01-28 10:58:27   Patience: 3
2022-01-28 10:58:27   not improved num: 0
2022-01-28 10:58:27   Start training epoch: 03
2022-01-28 10:58:27   Cache: 0 / 5
2022-01-28 11:10:27   Epoch[03](0/5): current batch triplet loss = 0.0099, average epoch triplet loss = 0.0117
2022-01-28 11:10:27   Cache: 1 / 5
2022-01-28 11:22:30   Epoch[03](1/5): current batch triplet loss = 0.0205, average epoch triplet loss = 0.0117
2022-01-28 11:22:30   Cache: 2 / 5
2022-01-28 11:34:40   Epoch[03](2/5): current batch triplet loss = 0.0028, average epoch triplet loss = 0.0117
2022-01-28 11:34:40   Cache: 3 / 5
2022-01-28 11:46:46   Epoch[03](3/5): current batch triplet loss = 0.0257, average epoch triplet loss = 0.0117
2022-01-28 11:46:46   Cache: 4 / 5
2022-01-28 11:58:52   Epoch[03](4/5): current batch triplet loss = 0.0211, average epoch triplet loss = 0.0118
2022-01-28 11:58:52   Finished epoch 03 in 1:00:24, average epoch triplet loss = 0.0118
2022-01-28 11:58:52   Extracting database features for evaluation/testing
2022-01-28 12:02:13   Extracting queries features for evaluation/testing
2022-01-28 12:04:46   Calculating recalls
2022-01-28 12:05:27   Recalls on val set < BaseDataset, pitts30k - #database: 10000; #queries: 7608 >: R@1: 88.3, R@5: 95.7, R@10: 97.4, R@20: 98.4
2022-01-28 12:05:27   Not improved: 1 / 3: best R@5 = 95.8, current R@5 = 95.7
2022-01-28 12:05:27   Start training epoch: 04
2022-01-28 12:05:27   Cache: 0 / 5
2022-01-28 12:18:13   Epoch[04](0/5): current batch triplet loss = 0.0296, average epoch triplet loss = 0.0131
2022-01-28 12:18:13   Cache: 1 / 5
2022-01-28 12:30:40   Epoch[04](1/5): current batch triplet loss = 0.0177, average epoch triplet loss = 0.0131
2022-01-28 12:30:40   Cache: 2 / 5
2022-01-28 12:42:56   Epoch[04](2/5): current batch triplet loss = 0.0197, average epoch triplet loss = 0.0128
2022-01-28 12:42:56   Cache: 3 / 5
2022-01-28 12:55:10   Epoch[04](3/5): current batch triplet loss = 0.0262, average epoch triplet loss = 0.0130
2022-01-28 12:55:10   Cache: 4 / 5
2022-01-28 13:07:23   Epoch[04](4/5): current batch triplet loss = 0.0361, average epoch triplet loss = 0.0131
2022-01-28 13:07:23   Finished epoch 04 in 1:01:55, average epoch triplet loss = 0.0131
2022-01-28 13:07:23   Extracting database features for evaluation/testing
2022-01-28 13:10:44   Extracting queries features for evaluation/testing
2022-01-28 13:13:18   Calculating recalls
2022-01-28 13:14:02   Recalls on val set < BaseDataset, pitts30k - #database: 10000; #queries: 7608 >: R@1: 88.3, R@5: 96.0, R@10: 97.4, R@20: 98.5
2022-01-28 13:14:02   Improved: previous best R@5 = 95.8, current R@5 = 96.0
2022-01-28 13:14:04   Start training epoch: 05
2022-01-28 13:14:04   Cache: 0 / 5
2022-01-28 13:28:06   Epoch[05](0/5): current batch triplet loss = 0.0055, average epoch triplet loss = 0.0145
2022-01-28 13:28:06   Cache: 1 / 5
2022-01-28 13:40:43   Epoch[05](1/5): current batch triplet loss = 0.0072, average epoch triplet loss = 0.0148
2022-01-28 13:40:43   Cache: 2 / 5
2022-01-28 13:53:19   Epoch[05](2/5): current batch triplet loss = 0.0020, average epoch triplet loss = 0.0147
2022-01-28 13:53:19   Cache: 3 / 5
2022-01-28 14:06:05   Epoch[05](3/5): current batch triplet loss = 0.0055, average epoch triplet loss = 0.0145
2022-01-28 14:06:05   Cache: 4 / 5
2022-01-28 14:18:43   Epoch[05](4/5): current batch triplet loss = 0.0065, average epoch triplet loss = 0.0144
2022-01-28 14:18:43   Finished epoch 05 in 1:04:39, average epoch triplet loss = 0.0144
2022-01-28 14:18:43   Extracting database features for evaluation/testing
2022-01-28 14:22:10   Extracting queries features for evaluation/testing
2022-01-28 14:24:45   Calculating recalls
2022-01-28 14:25:28   Recalls on val set < BaseDataset, pitts30k - #database: 10000; #queries: 7608 >: R@1: 88.5, R@5: 95.9, R@10: 97.5, R@20: 98.7
2022-01-28 14:25:28   Not improved: 1 / 3: best R@5 = 96.0, current R@5 = 95.9
2022-01-28 14:25:28   Start training epoch: 06
2022-01-28 14:25:28   Cache: 0 / 5
2022-01-28 14:39:34   Epoch[06](0/5): current batch triplet loss = 0.0079, average epoch triplet loss = 0.0130
2022-01-28 14:39:34   Cache: 1 / 5
2022-01-28 14:52:05   Epoch[06](1/5): current batch triplet loss = 0.0094, average epoch triplet loss = 0.0137
2022-01-28 14:52:05   Cache: 2 / 5
2022-01-28 15:04:34   Epoch[06](2/5): current batch triplet loss = 0.0087, average epoch triplet loss = 0.0144
2022-01-28 15:04:34   Cache: 3 / 5
2022-01-28 15:17:08   Epoch[06](3/5): current batch triplet loss = 0.0486, average epoch triplet loss = 0.0143
2022-01-28 15:17:08   Cache: 4 / 5
2022-01-28 15:29:38   Epoch[06](4/5): current batch triplet loss = 0.0175, average epoch triplet loss = 0.0144
2022-01-28 15:29:38   Finished epoch 06 in 1:04:10, average epoch triplet loss = 0.0144
2022-01-28 15:29:38   Extracting database features for evaluation/testing
2022-01-28 15:33:00   Extracting queries features for evaluation/testing
2022-01-28 15:35:35   Calculating recalls
2022-01-28 15:36:17   Recalls on val set < BaseDataset, pitts30k - #database: 10000; #queries: 7608 >: R@1: 88.6, R@5: 96.0, R@10: 97.5, R@20: 98.6
2022-01-28 15:36:17   Not improved: 2 / 3: best R@5 = 96.0, current R@5 = 96.0
2022-01-28 15:36:17   Start training epoch: 07
2022-01-28 15:36:17   Cache: 0 / 5
2022-01-28 17:13:33   Arguments: Namespace(cache_refresh_rate=1000, colab_folder='netvlad', dataset_name='pitts30k', datasets_folder='/content/', device='cuda', epochs_num=50, exp_name='default', infer_batch_size=16, lr=1e-05, margin=0.1, neg_samples_num=1000, negs_num_per_query=10, num_clusters=64, num_workers=8, optimizer='adam', output_folder='drive/MyDrive/netvlad', patience=3, queries_per_epoch=5000, recall_values=[1, 5, 10, 20], seed=0, train_batch_size=4, train_positives_dist_threshold=10, type='NETVLAD', val_positive_dist_threshold=25)
2022-01-28 17:13:34   The outputs are being saved in drive/MyDrive/netvlad
2022-01-28 17:13:34   Using 1 GPUs and 2 CPUs
2022-01-28 17:13:34   Loading dataset Pitts30k from folder /content/
2022-01-28 17:13:35   There are 96 queries without any positives within the training set. They won't be considered as they're useless for training.
2022-01-28 17:13:35   Train query set: < TripletsDataset, pitts30k - #database: 10000; #queries: 7320 >
2022-01-28 17:13:35   Val set: < BaseDataset, pitts30k - #database: 10000; #queries: 7608 >
2022-01-28 17:13:35   Train only conv4 of the ResNet-18 (remove conv5), freeze the previous ones
2022-01-28 17:13:35   Using NetVlad network
2022-01-28 17:13:37   using Adam optimizer
2022-01-28 17:13:37   Output dimension of the model is 16384
2022-01-28 17:13:42   Patience: 3
2022-01-28 17:13:42   not improved num: 0
2022-01-28 17:13:42   Start training epoch: 05
2022-01-28 17:13:42   Cache: 0 / 5
2022-01-28 17:25:42   Epoch[05](0/5): current batch triplet loss = 0.0027, average epoch triplet loss = 0.0077
2022-01-28 17:25:42   Cache: 1 / 5
2022-01-28 17:37:47   Epoch[05](1/5): current batch triplet loss = 0.0134, average epoch triplet loss = 0.0079
2022-01-28 17:37:47   Cache: 2 / 5
2022-01-28 17:49:51   Epoch[05](2/5): current batch triplet loss = 0.0024, average epoch triplet loss = 0.0079
2022-01-28 17:49:51   Cache: 3 / 5
2022-01-28 18:01:53   Epoch[05](3/5): current batch triplet loss = 0.0192, average epoch triplet loss = 0.0079
2022-01-28 18:01:53   Cache: 4 / 5
2022-01-28 18:13:55   Epoch[05](4/5): current batch triplet loss = 0.0112, average epoch triplet loss = 0.0080
2022-01-28 18:13:55   Finished epoch 05 in 1:00:13, average epoch triplet loss = 0.0080
2022-01-28 18:13:55   Extracting database features for evaluation/testing
2022-01-28 18:17:15   Extracting queries features for evaluation/testing
2022-01-28 18:19:48   Calculating recalls
2022-01-28 18:20:28   Recalls on val set < BaseDataset, pitts30k - #database: 10000; #queries: 7608 >: R@1: 88.5, R@5: 95.8, R@10: 97.4, R@20: 98.4
2022-01-28 18:20:28   Not improved: 1 / 3: best R@5 = 96.0, current R@5 = 95.8
2022-01-28 18:20:28   Start training epoch: 06
2022-01-28 18:20:28   Cache: 0 / 5
2022-01-28 18:33:08   Epoch[06](0/5): current batch triplet loss = 0.0204, average epoch triplet loss = 0.0090
2022-01-28 18:33:08   Cache: 1 / 5
2022-01-28 18:45:25   Epoch[06](1/5): current batch triplet loss = 0.0116, average epoch triplet loss = 0.0090
2022-01-28 18:45:25   Cache: 2 / 5
2022-01-28 18:57:32   Epoch[06](2/5): current batch triplet loss = 0.0098, average epoch triplet loss = 0.0088
2022-01-28 18:57:32   Cache: 3 / 5
2022-01-28 19:09:45   Epoch[06](3/5): current batch triplet loss = 0.0216, average epoch triplet loss = 0.0090
2022-01-28 19:09:45   Cache: 4 / 5
2022-01-28 19:21:52   Epoch[06](4/5): current batch triplet loss = 0.0287, average epoch triplet loss = 0.0090
2022-01-28 19:21:52   Finished epoch 06 in 1:01:24, average epoch triplet loss = 0.0090
2022-01-28 19:21:52   Extracting database features for evaluation/testing
2022-01-28 19:25:12   Extracting queries features for evaluation/testing
2022-01-28 19:27:44   Calculating recalls
2022-01-28 19:28:23   Recalls on val set < BaseDataset, pitts30k - #database: 10000; #queries: 7608 >: R@1: 88.3, R@5: 96.0, R@10: 97.5, R@20: 98.5
2022-01-28 19:28:23   Not improved: 2 / 3: best R@5 = 96.0, current R@5 = 96.0
2022-01-28 19:28:23   Start training epoch: 07
2022-01-28 19:28:23   Cache: 0 / 5
2022-01-28 19:41:04   Epoch[07](0/5): current batch triplet loss = 0.0036, average epoch triplet loss = 0.0119
2022-01-28 19:41:04   Cache: 1 / 5
2022-01-28 19:53:10   Epoch[07](1/5): current batch triplet loss = 0.0069, average epoch triplet loss = 0.0122
2022-01-28 19:53:10   Cache: 2 / 5
2022-01-28 20:05:26   Epoch[07](2/5): current batch triplet loss = 0.0014, average epoch triplet loss = 0.0121
2022-01-28 20:05:26   Cache: 3 / 5
2022-01-28 20:17:27   Epoch[07](3/5): current batch triplet loss = 0.0042, average epoch triplet loss = 0.0120
2022-01-28 20:17:27   Cache: 4 / 5
2022-01-28 20:29:39   Epoch[07](4/5): current batch triplet loss = 0.0044, average epoch triplet loss = 0.0119
2022-01-28 20:29:39   Finished epoch 07 in 1:01:16, average epoch triplet loss = 0.0119
2022-01-28 20:29:39   Extracting database features for evaluation/testing
2022-01-28 20:32:59   Extracting queries features for evaluation/testing
2022-01-28 20:35:33   Calculating recalls
2022-01-28 20:36:12   Recalls on val set < BaseDataset, pitts30k - #database: 10000; #queries: 7608 >: R@1: 88.4, R@5: 95.9, R@10: 97.4, R@20: 98.6
2022-01-28 20:36:12   Not improved: 3 / 3: best R@5 = 96.0, current R@5 = 95.9
2022-01-28 20:36:12   Performance did not improve for 3 epochs. Stop training.
2022-01-28 20:36:13   Best R@5: 96.0
2022-01-28 20:36:13   Trained for 08 epochs, in total in 3:22:40
2022-01-28 20:36:14   Test set: < BaseDataset, pitts30k - #database: 10000; #queries: 6816 >
2022-01-28 20:36:14   Extracting database features for evaluation/testing
2022-01-28 20:40:25   Extracting queries features for evaluation/testing
2022-01-28 20:43:17   Calculating recalls
2022-01-28 20:43:53   Recalls on < BaseDataset, pitts30k - #database: 10000; #queries: 6816 >: R@1: 86.4, R@5: 93.2, R@10: 95.1, R@20: 96.5
2022-01-28 20:54:05   Test set: < BaseDataset, st_lucia - #database: 1549; #queries: 1464 >
2022-01-28 20:54:05   Extracting database features for evaluation/testing
2022-01-28 20:54:44   Extracting queries features for evaluation/testing
2022-01-28 20:55:21   Calculating recalls
2022-01-28 20:55:23   Recalls on < BaseDataset, st_lucia - #database: 1549; #queries: 1464 >: R@1: 57.4, R@5: 71.3, R@10: 77.5, R@20: 84.1
