2022-01-27 16:05:16   Arguments: Namespace(cache_refresh_rate=1000, colab_folder='Run_3_Netvlad_default_L2', dataset_name='pitts30k', datasets_folder='/content/', device='cuda', epochs_num=50, exp_name='default', infer_batch_size=16, lr=1e-05, margin=0.1, neg_samples_num=1000, negs_num_per_query=10, num_clusters=64, num_workers=8, output_folder='drive/MyDrive/Run_3_Netvlad_default_L2', patience=3, queries_per_epoch=5000, recall_values=[1, 5, 10, 20], seed=0, train_batch_size=4, train_positives_dist_threshold=10, type='NETVLAD', val_positive_dist_threshold=25)
2022-01-27 16:05:16   The outputs are being saved in drive/MyDrive/Run_3_Netvlad_default_L2
2022-01-27 16:05:16   Using 1 GPUs and 2 CPUs
2022-01-27 16:05:16   There are 96 queries without any positives within the training set. They won't be considered as they're useless for training.
2022-01-27 16:05:16   Train query set: < TripletsDataset, pitts30k - #database: 10000; #queries: 7320 >
2022-01-27 16:05:16   Val set: < BaseDataset, pitts30k - #database: 10000; #queries: 7608 >
2022-01-27 16:05:19   Output dimension of the model is 16384
2022-01-27 16:05:19   Start training epoch: 00
2022-01-27 17:08:38   Finished epoch 00 in 1:03:19, average epoch triplet loss = 0.0296
2022-01-27 17:15:29   Recalls on val set < BaseDataset, pitts30k - #database: 10000; #queries: 7608 >: R@1: 85.9, R@5: 94.7, R@10: 96.8, R@20: 98.1
2022-01-27 17:15:29   Improved: previous best R@5 = 0.0, current R@5 = 94.7
2022-01-27 17:15:30   Start training epoch: 01
2022-01-28 07:25:38   Arguments: Namespace(cache_refresh_rate=1000, colab_folder='Run_3_Netvlad_default_L2', dataset_name='pitts30k', datasets_folder='/content/', device='cuda', epochs_num=50, exp_name='default', infer_batch_size=16, lr=1e-05, margin=0.1, neg_samples_num=1000, negs_num_per_query=10, num_clusters=64, num_workers=8, output_folder='drive/MyDrive/Run_3_Netvlad_default_L2', patience=3, queries_per_epoch=5000, recall_values=[1, 5, 10, 20], seed=0, train_batch_size=4, train_positives_dist_threshold=10, type='NETVLAD', val_positive_dist_threshold=25)
2022-01-28 07:25:39   The outputs are being saved in drive/MyDrive/Run_3_Netvlad_default_L2
2022-01-28 07:25:39   Using 1 GPUs and 2 CPUs
2022-01-28 07:25:39   There are 96 queries without any positives within the training set. They won't be considered as they're useless for training.
2022-01-28 07:25:39   Train query set: < TripletsDataset, pitts30k - #database: 10000; #queries: 7320 >
2022-01-28 07:25:40   Val set: < BaseDataset, pitts30k - #database: 10000; #queries: 7608 >
2022-01-28 07:25:42   Output dimension of the model is 16384
2022-01-28 07:25:46   Start training epoch: 01
2022-01-28 08:26:11   Finished epoch 01 in 1:00:25, average epoch triplet loss = 0.0189
2022-01-28 08:32:47   Recalls on val set < BaseDataset, pitts30k - #database: 10000; #queries: 7608 >: R@1: 87.5, R@5: 95.3, R@10: 97.1, R@20: 98.3
2022-01-28 08:32:47   Improved: previous best R@5 = 94.7, current R@5 = 95.3
2022-01-28 08:32:49   Start training epoch: 02
2022-01-28 09:36:02   Finished epoch 02 in 1:03:13, average epoch triplet loss = 0.0198
2022-01-28 09:42:37   Recalls on val set < BaseDataset, pitts30k - #database: 10000; #queries: 7608 >: R@1: 88.2, R@5: 95.8, R@10: 97.4, R@20: 98.4
2022-01-28 09:42:37   Improved: previous best R@5 = 95.3, current R@5 = 95.8
2022-01-28 09:42:38   Start training epoch: 03
