2022-01-28 15:14:08   Arguments: Namespace(cache_refresh_rate=1000, colab_folder='Run_4_Netvlad_SGD_001', dataset_name='pitts30k', datasets_folder='/content/', device='cuda', epochs_num=50, exp_name='default', infer_batch_size=16, lr=0.001, margin=0.1, neg_samples_num=1000, negs_num_per_query=10, num_clusters=64, num_workers=8, optim='adam', optimizer='SGD', output_folder='drive/MyDrive/Run_4_Netvlad_SGD_001', patience=3, queries_per_epoch=5000, recall_values=[1, 5, 10, 20], seed=0, train_batch_size=4, train_positives_dist_threshold=10, type='NETVLAD', val_positive_dist_threshold=25)
2022-01-28 15:14:08   The outputs are being saved in drive/MyDrive/Run_4_Netvlad_SGD_001
2022-01-28 15:14:08   Using 1 GPUs and 2 CPUs
2022-01-28 15:14:08   There are 96 queries without any positives within the training set. They won't be considered as they're useless for training.
2022-01-28 15:14:08   Train query set: < TripletsDataset, pitts30k - #database: 10000; #queries: 7320 >
2022-01-28 15:14:08   Val set: < BaseDataset, pitts30k - #database: 10000; #queries: 7608 >
2022-01-28 15:17:10   Arguments: Namespace(cache_refresh_rate=1000, colab_folder='Run_4_Netvlad_SGD_001', dataset_name='pitts30k', datasets_folder='/content/', device='cuda', epochs_num=50, exp_name='default', infer_batch_size=16, lr=0.001, margin=0.1, neg_samples_num=1000, negs_num_per_query=10, num_clusters=64, num_workers=8, optim='adam', optimizer='SGD', output_folder='drive/MyDrive/Run_4_Netvlad_SGD_001', patience=3, queries_per_epoch=5000, recall_values=[1, 5, 10, 20], seed=0, train_batch_size=4, train_positives_dist_threshold=10, type='NETVLAD', val_positive_dist_threshold=25)
2022-01-28 15:17:10   The outputs are being saved in drive/MyDrive/Run_4_Netvlad_SGD_001
2022-01-28 15:17:10   Using 1 GPUs and 2 CPUs
2022-01-28 15:17:10   There are 96 queries without any positives within the training set. They won't be considered as they're useless for training.
2022-01-28 15:17:10   Train query set: < TripletsDataset, pitts30k - #database: 10000; #queries: 7320 >
2022-01-28 15:17:11   Val set: < BaseDataset, pitts30k - #database: 10000; #queries: 7608 >
2022-01-28 15:17:14   Output dimension of the model is 16384
2022-01-28 15:17:15   Start training epoch: 00
2022-01-28 16:17:54   Finished epoch 00 in 1:00:39, average epoch triplet loss = 0.0342
2022-01-28 16:24:27   Recalls on val set < BaseDataset, pitts30k - #database: 10000; #queries: 7608 >: R@1: 84.4, R@5: 93.7, R@10: 96.0, R@20: 97.7
2022-01-28 16:24:27   Improved: previous best R@5 = 0.0, current R@5 = 93.7
2022-01-28 16:24:27   Start training epoch: 01
2022-01-28 17:25:19   Finished epoch 01 in 1:00:52, average epoch triplet loss = 0.0302
2022-01-28 17:31:50   Recalls on val set < BaseDataset, pitts30k - #database: 10000; #queries: 7608 >: R@1: 86.2, R@5: 94.8, R@10: 97.0, R@20: 98.3
2022-01-28 17:31:50   Improved: previous best R@5 = 93.7, current R@5 = 94.8
2022-01-28 17:31:51   Start training epoch: 02
2022-01-29 14:06:35   Arguments: Namespace(aug_prob=0.5, cache_refresh_rate=1000, colab_folder='Run_4_Netvlad_SGD_001', data_aug=None, dataset_name='pitts30k', datasets_folder='/content/', device='cuda', epochs_num=50, exp_name='default', infer_batch_size=16, lr=0.001, margin=0.1, neg_samples_num=1000, negs_num_per_query=10, num_clusters=64, num_workers=8, optimizer='SGD', output_folder='drive/MyDrive/Run_4_Netvlad_SGD_001', patience=3, queries_per_epoch=5000, recall_values=[1, 5, 10, 20], seed=0, train_batch_size=4, train_positives_dist_threshold=10, type='NETVLAD', val_positive_dist_threshold=25)
2022-01-29 14:06:36   The outputs are being saved in drive/MyDrive/Run_4_Netvlad_SGD_001
2022-01-29 14:06:36   Using 1 GPUs and 2 CPUs
2022-01-29 14:06:36   There are 96 queries without any positives within the training set. They won't be considered as they're useless for training.
2022-01-29 14:06:36   Train query set: < TripletsDataset, pitts30k - #database: 10000; #queries: 7320 >
2022-01-29 14:06:37   Val set: < BaseDataset, pitts30k - #database: 10000; #queries: 7608 >
2022-01-29 14:06:40   Output dimension of the model is 16384
2022-01-29 14:06:42   Start training epoch: 02
2022-01-29 14:38:24   Finished epoch 02 in 0:31:41, average epoch triplet loss = 0.0234
2022-01-29 14:42:52   Recalls on val set < BaseDataset, pitts30k - #database: 10000; #queries: 7608 >: R@1: 86.6, R@5: 95.2, R@10: 97.1, R@20: 98.2
2022-01-29 14:42:52   Improved: previous best R@5 = 94.8, current R@5 = 95.2
2022-01-29 14:42:53   Start training epoch: 03
2022-01-29 15:17:06   Finished epoch 03 in 0:34:13, average epoch triplet loss = 0.0242
2022-01-29 15:20:57   Recalls on val set < BaseDataset, pitts30k - #database: 10000; #queries: 7608 >: R@1: 87.3, R@5: 95.6, R@10: 97.3, R@20: 98.4
2022-01-29 15:20:57   Improved: previous best R@5 = 95.2, current R@5 = 95.6
2022-01-29 15:20:57   Start training epoch: 04
2022-01-29 15:55:49   Finished epoch 04 in 0:34:51, average epoch triplet loss = 0.0247
2022-01-29 15:59:40   Recalls on val set < BaseDataset, pitts30k - #database: 10000; #queries: 7608 >: R@1: 87.7, R@5: 95.8, R@10: 97.5, R@20: 98.4
2022-01-29 15:59:40   Improved: previous best R@5 = 95.6, current R@5 = 95.8
2022-01-29 15:59:40   Start training epoch: 05
2022-01-29 16:34:23   Finished epoch 05 in 0:34:43, average epoch triplet loss = 0.0249
2022-01-29 16:38:16   Recalls on val set < BaseDataset, pitts30k - #database: 10000; #queries: 7608 >: R@1: 87.9, R@5: 95.8, R@10: 97.5, R@20: 98.4
2022-01-29 16:38:16   Improved: previous best R@5 = 95.8, current R@5 = 95.8
2022-01-29 16:38:16   Start training epoch: 06
2022-01-29 17:13:01   Finished epoch 06 in 0:34:44, average epoch triplet loss = 0.0248
2022-01-29 17:16:52   Recalls on val set < BaseDataset, pitts30k - #database: 10000; #queries: 7608 >: R@1: 88.1, R@5: 96.1, R@10: 97.6, R@20: 98.4
2022-01-29 17:16:52   Improved: previous best R@5 = 95.8, current R@5 = 96.1
2022-01-29 17:16:53   Start training epoch: 07
2022-01-29 17:51:15   Finished epoch 07 in 0:34:22, average epoch triplet loss = 0.0246
2022-01-29 17:55:07   Recalls on val set < BaseDataset, pitts30k - #database: 10000; #queries: 7608 >: R@1: 88.4, R@5: 96.1, R@10: 97.6, R@20: 98.4
2022-01-29 17:55:07   Improved: previous best R@5 = 96.1, current R@5 = 96.1
2022-01-29 17:55:07   Start training epoch: 08
2022-01-29 18:29:49   Finished epoch 08 in 0:34:41, average epoch triplet loss = 0.0254
2022-01-29 18:33:40   Recalls on val set < BaseDataset, pitts30k - #database: 10000; #queries: 7608 >: R@1: 88.3, R@5: 96.1, R@10: 97.6, R@20: 98.4
2022-01-29 18:33:40   Improved: previous best R@5 = 96.1, current R@5 = 96.1
2022-01-29 18:33:40   Start training epoch: 09
2022-01-30 15:02:12   Arguments: Namespace(aug_prob=0.5, cache_refresh_rate=1000, colab_folder='Run_4_Netvlad_SGD_001', data_aug=None, dataset_name='pitts30k', datasets_folder='/content/', device='cuda', epochs_num=50, exp_name='default', infer_batch_size=16, lr=0.001, margin=0.1, neg_samples_num=1000, negs_num_per_query=10, num_clusters=64, num_workers=8, optimizer='SGD', output_folder='drive/MyDrive/Run_4_Netvlad_SGD_001', patience=3, queries_per_epoch=5000, recall_values=[1, 5, 10, 20], seed=0, train_batch_size=4, train_positives_dist_threshold=10, type='NETVLAD', val_positive_dist_threshold=25)
2022-01-30 15:02:13   The outputs are being saved in drive/MyDrive/Run_4_Netvlad_SGD_001
2022-01-30 15:02:13   Using 1 GPUs and 2 CPUs
2022-01-30 15:02:14   There are 96 queries without any positives within the training set. They won't be considered as they're useless for training.
2022-01-30 15:02:14   Train query set: < TripletsDataset, pitts30k - #database: 10000; #queries: 7320 >
2022-01-30 15:02:14   Val set: < BaseDataset, pitts30k - #database: 10000; #queries: 7608 >
2022-01-30 15:02:16   Output dimension of the model is 16384
2022-01-30 15:02:20   Start training epoch: 09
2022-01-30 16:05:00   Finished epoch 09 in 1:02:39, average epoch triplet loss = 0.0142
2022-01-30 16:12:57   Recalls on val set < BaseDataset, pitts30k - #database: 10000; #queries: 7608 >: R@1: 88.2, R@5: 95.9, R@10: 97.3, R@20: 98.4
2022-01-30 16:12:57   Not improved: 1 / 3: best R@5 = 96.1, current R@5 = 95.9
2022-01-30 16:12:57   Start training epoch: 10
2022-01-30 17:17:00   Finished epoch 10 in 1:04:02, average epoch triplet loss = 0.0162
2022-01-30 17:23:50   Recalls on val set < BaseDataset, pitts30k - #database: 10000; #queries: 7608 >: R@1: 88.3, R@5: 96.1, R@10: 97.6, R@20: 98.4
2022-01-30 17:23:50   Not improved: 2 / 3: best R@5 = 96.1, current R@5 = 96.1
2022-01-30 17:23:51   Start training epoch: 11
2022-01-30 18:27:26   Finished epoch 11 in 1:03:35, average epoch triplet loss = 0.0168
2022-01-30 18:34:17   Recalls on val set < BaseDataset, pitts30k - #database: 10000; #queries: 7608 >: R@1: 88.2, R@5: 96.1, R@10: 97.6, R@20: 98.4
2022-01-30 18:34:17   Improved: previous best R@5 = 96.1, current R@5 = 96.1
2022-01-30 18:34:18   Start training epoch: 12
2022-01-31 14:37:18   Arguments: Namespace(aug_prob=0.5, cache_refresh_rate=1000, colab_folder='Run_4_Netvlad_SGD_001', data_aug=None, dataset_name='pitts30k', datasets_folder='/content/', device='cuda', epochs_num=50, exp_name='default', infer_batch_size=16, lr=0.001, margin=0.1, neg_samples_num=1000, negs_num_per_query=10, num_clusters=64, num_workers=8, optimizer='SGD', output_folder='drive/MyDrive/Run_4_Netvlad_SGD_001', patience=3, queries_per_epoch=5000, recall_values=[1, 5, 10, 20], seed=0, train_batch_size=4, train_positives_dist_threshold=10, type='NETVLAD', val_positive_dist_threshold=25)
2022-01-31 14:37:19   The outputs are being saved in drive/MyDrive/Run_4_Netvlad_SGD_001
2022-01-31 14:37:19   Using 1 GPUs and 2 CPUs
2022-01-31 14:37:19   There are 96 queries without any positives within the training set. They won't be considered as they're useless for training.
2022-01-31 14:37:19   Train query set: < TripletsDataset, pitts30k - #database: 10000; #queries: 7320 >
2022-01-31 14:37:19   Val set: < BaseDataset, pitts30k - #database: 10000; #queries: 7608 >
2022-01-31 14:37:21   Output dimension of the model is 16384
2022-01-31 14:37:25   Start training epoch: 12
2022-01-31 15:37:47   Finished epoch 12 in 1:00:22, average epoch triplet loss = 0.0120
2022-01-31 15:44:23   Recalls on val set < BaseDataset, pitts30k - #database: 10000; #queries: 7608 >: R@1: 88.1, R@5: 95.9, R@10: 97.5, R@20: 98.4
2022-01-31 15:44:23   Not improved: 1 / 3: best R@5 = 96.1, current R@5 = 95.9
2022-01-31 15:44:24   Start training epoch: 13
2022-01-31 16:47:12   Finished epoch 13 in 1:02:48, average epoch triplet loss = 0.0140
2022-01-31 16:53:50   Recalls on val set < BaseDataset, pitts30k - #database: 10000; #queries: 7608 >: R@1: 88.2, R@5: 96.1, R@10: 97.6, R@20: 98.4
2022-01-31 16:53:50   Not improved: 2 / 3: best R@5 = 96.1, current R@5 = 96.1
2022-01-31 16:53:50   Start training epoch: 14
2022-01-31 17:56:10   Finished epoch 14 in 1:02:19, average epoch triplet loss = 0.0147
2022-01-31 18:02:45   Recalls on val set < BaseDataset, pitts30k - #database: 10000; #queries: 7608 >: R@1: 88.2, R@5: 96.1, R@10: 97.6, R@20: 98.5
2022-01-31 18:02:45   Not improved: 3 / 3: best R@5 = 96.1, current R@5 = 96.1
2022-01-31 18:02:46   Performance did not improve for 3 epochs. Stop training.
2022-01-31 18:02:46   Best R@5: 96.1
2022-01-31 18:02:46   Trained for 15 epochs, in total in 3:25:28
2022-01-31 18:14:00   Test set: < BaseDataset, pitts30k - #database: 10000; #queries: 6816 >
2022-01-31 18:20:23   Recalls on < BaseDataset, pitts30k - #database: 10000; #queries: 6816 >: R@1: 86.7, R@5: 93.1, R@10: 95.2, R@20: 96.6
2022-01-31 18:20:23   Test set: < BaseDataset, st_lucia - #database: 1549; #queries: 1464 >
2022-01-31 18:21:59   Recalls on < BaseDataset, st_lucia - #database: 1549; #queries: 1464 >: R@1: 57.0, R@5: 71.4, R@10: 77.1, R@20: 83.3
